<?xml version="1.0" encoding="UTF-8"?>
<testsuite xmlns:xsi="http://www.w3.org/2001/XMLSchema-instance" xsi:noNamespaceSchemaLocation="https://maven.apache.org/surefire/maven-surefire-plugin/xsd/surefire-test-report-3.0.xsd" version="3.0" name="NetworkRunner.RunnableTests" time="9.086" tests="34" errors="0" skipped="0" failures="2">
  <properties>
[...]
</properties>
  <testcase name="Example #1.1" classname="Examples" time="4.142">
    <system-out><![CDATA[
Scenario Outline: Deleting the post                                                       &amp#27;[90m# src/main/resources/features/DeleteAnExistingPost.feature:16&amp#27;[0m

    Request to the end point:https://jsonplaceholder.typicode.com/posts

  &amp#27;[32mGiven &amp#27;[0m&amp#27;[32mI am an existing user of the social network&amp#27;[0m                                       &amp#27;[90m# StepDefinations.BasicCURD_Ops_Definations.i_am_an_existing_user_of_the_social_network()&amp#27;[0m

    Setting header:Content-type=application/json; charset=UTF-8

  &amp#27;[32mAnd &amp#27;[0m&amp#27;[32mhas the  header specification&amp#27;[0m                                                       &amp#27;[90m# StepDefinations.BasicCURD_Ops_Definations.has_the_header_specification()&amp#27;[0m
POSTID: get 1
  &amp#27;[32mAnd &amp#27;[0m&amp#27;[32mwhen I get the existing resource values with user id  with title where post id is &amp#27;[0m&amp#27;[32m&amp#27;[1m1&amp#27;[0m &amp#27;[90m# StepDefinations.BasicCURD_Ops_Definations.when_i_get_the_existing_resource_values_with_user_id_with_title_where_post_id_is(java.lang.Integer)&amp#27;[0m

    Deleting the an existing resource  resource post :1

  &amp#27;[32mWhen &amp#27;[0m&amp#27;[32mdelete where post id is &amp#27;[0m&amp#27;[32m&amp#27;[1m1&amp#27;[0m                                                          &amp#27;[90m# StepDefinations.BasicCURD_Ops_Definations.delete_where_post_id_is(java.lang.Integer)&amp#27;[0m
{
    
}

    Retreived response is :{}

{
    
}

    validated the response and is :{}

  &amp#27;[32mThen &amp#27;[0m&amp#27;[32mthe message status is&amp#27;[0m                                                              &amp#27;[90m# StepDefinations.BasicCURD_Ops_Definations.the_message_status_is()&amp#27;[0m
HTTP/1.1 200 OK
Date: Sun, 22 Jan 2023 00:49:04 GMT
Content-Type: application/json; charset=utf-8
Content-Length: 2
Connection: keep-alive
X-Powered-By: Express
X-Ratelimit-Limit: 1000
X-Ratelimit-Remaining: 999
X-Ratelimit-Reset: 1674348583
Vary: Origin, Accept-Encoding
Access-Control-Allow-Credentials: true
Cache-Control: no-cache
Pragma: no-cache
Expires: -1
X-Content-Type-Options: nosniff
Etag: W/"2-vyGp6PvFo4RvsFtPoIWeCReyIC8"
Via: 1.1 vegur
CF-Cache-Status: DYNAMIC
Server-Timing: cf-q-config;dur=5.9999947552569e-06
Report-To: {"endpoints":[{"url":"https:\/\/a.nel.cloudflare.com\/report\/v3?s=mnYY3dC1WLQkmeB8Q7Zk82w3Q62akrKLAdexjKWoF4zK2AY3YC2x%2F86sQDZalPK%2FN2FDswE3Z6caVTfwVV5St%2BqO2C11Aw2CzoX2GVTQ%2BLdlUPaIBkTBKeLyqkgmkGEdy0L1VZItiRghDC1Jy3Ar"}],"group":"cf-nel","max_age":604800}
NEL: {"success_fraction":0,"report_to":"cf-nel","max_age":604800}
Server: cloudflare
CF-RAY: 78d4499fdacbbf26-WAW
alt-svc: h3=":443"; ma=86400, h3-29=":443"; ma=86400

{
    
}

    the post is deleted sucessfully with postid :1Response of the body is emptyio.restassured.internal.ValidatableResponseImpl@5e5aafc6

  &amp#27;[32mAnd &amp#27;[0m&amp#27;[32mI want to verify the post deleted&amp#27;[0m                                                   &amp#27;[90m# StepDefinations.BasicCURD_Ops_Definations.i_want_to_verify_the_post_deleted()&amp#27;[0m
This will run after the Scenario
]]></system-out>
    <system-err><![CDATA[Jan 22, 2023 1:48:59 AM io.cucumber.junit.platform.engine.DiscoverySelectorResolver warnWhenCucumberFeaturesPropertyIsUsed
WARNING: Discovering tests using the cucumber.features property. Other discovery selectors are ignored!
Please request/upvote/sponsor/ect better support for JUnit 5 discovery selectors.
See: https://github.com/cucumber/cucumber-jvm/pull/2498
]]></system-err>
  </testcase>
  <testcase name="Example #1.1" classname="Examples" time="0.648">
    <failure message="1 expectation failed.&#10;JSON path [0].name doesn&apos;t match.&#10;Expected: quo vero reiciendis velit similique earum&#10;  Actual: id labore ex et quam laborum&#10;" type="java.lang.AssertionError"><![CDATA[java.lang.AssertionError: 
1 expectation failed.
JSON path [0].name doesn't match.
Expected: quo vero reiciendis velit similique earum
  Actual: id labore ex et quam laborum

	at sun.reflect.NativeConstructorAccessorImpl.newInstance0(Native Method)
	at sun.reflect.NativeConstructorAccessorImpl.newInstance(NativeConstructorAccessorImpl.java:62)
	at sun.reflect.DelegatingConstructorAccessorImpl.newInstance(DelegatingConstructorAccessorImpl.java:45)
	at java.lang.reflect.Constructor.newInstance(Constructor.java:423)
	at org.codehaus.groovy.reflection.CachedConstructor.invoke(CachedConstructor.java:73)
	at org.codehaus.groovy.reflection.CachedConstructor.doConstructorInvoke(CachedConstructor.java:60)
	at org.codehaus.groovy.runtime.callsite.ConstructorSite$ConstructorSiteNoUnwrap.callConstructor(ConstructorSite.java:86)
	at org.codehaus.groovy.runtime.callsite.CallSiteArray.defaultCallConstructor(CallSiteArray.java:57)
	at org.codehaus.groovy.runtime.callsite.AbstractCallSite.callConstructor(AbstractCallSite.java:263)
	at org.codehaus.groovy.runtime.callsite.AbstractCallSite.callConstructor(AbstractCallSite.java:277)
	at io.restassured.internal.ResponseSpecificationImpl$HamcrestAssertionClosure.validate(ResponseSpecificationImpl.groovy:512)
	at io.restassured.internal.ResponseSpecificationImpl$HamcrestAssertionClosure$validate$1.call(Unknown Source)
	at io.restassured.internal.ResponseSpecificationImpl.validateResponseIfRequired(ResponseSpecificationImpl.groovy:696)
	at io.restassured.internal.ResponseSpecificationImpl.this$2$validateResponseIfRequired(ResponseSpecificationImpl.groovy)
	at sun.reflect.GeneratedMethodAccessor143.invoke(Unknown Source)
	at sun.reflect.DelegatingMethodAccessorImpl.invoke(DelegatingMethodAccessorImpl.java:43)
	at java.lang.reflect.Method.invoke(Method.java:498)
	at org.codehaus.groovy.runtime.callsite.PlainObjectMetaMethodSite.doInvoke(PlainObjectMetaMethodSite.java:43)
	at org.codehaus.groovy.runtime.callsite.PogoMetaMethodSite$PogoCachedMethodSiteNoUnwrapNoCoerce.invoke(PogoMetaMethodSite.java:198)
	at org.codehaus.groovy.runtime.callsite.PogoMetaMethodSite.callCurrent(PogoMetaMethodSite.java:62)
	at org.codehaus.groovy.runtime.callsite.AbstractCallSite.callCurrent(AbstractCallSite.java:185)
	at io.restassured.internal.ResponseSpecificationImpl.body(ResponseSpecificationImpl.groovy:270)
	at io.restassured.specification.ResponseSpecification$body$0.callCurrent(Unknown Source)
	at io.restassured.internal.ResponseSpecificationImpl.body(ResponseSpecificationImpl.groovy:117)
	at io.restassured.internal.ValidatableResponseOptionsImpl.body(ValidatableResponseOptionsImpl.java:244)
	at StepDefinations.ReadingExistngPostDetailsDefns.verify_the_details_of_comments_made_by_userid_with_values(ReadingExistngPostDetailsDefns.java:99)
	at ✽.verify the details of comments made by userid 1 with values 1(file:///Users/hema/eclipse-workspace/SocialNetworkingCommunity/src/main/resources/features/GetTheCommentsBasedonPostIDandUserID.feature:11)
]]></failure>
    <system-out><![CDATA[
Scenario Outline: I want to read the comments based on postid       &amp#27;[90m# src/main/resources/features/GetTheCommentsBasedonPostIDandUserID.feature:16&amp#27;[0m

    End point url of the posts is :https://jsonplaceholder.typicode.com/posts

  &amp#27;[32mGiven &amp#27;[0m&amp#27;[32mI am an user of the social network&amp#27;[0m                          &amp#27;[90m# StepDefinations.ReadingExistngPostDetailsDefns.i_am_an_user_of_the_social_network()&amp#27;[0m
  &amp#27;[32mWhen &amp#27;[0m&amp#27;[32mI can access the posts&amp#27;[0m                                       &amp#27;[90m# StepDefinations.ReadingExistngPostDetailsDefns.i_can_access_the_posts()&amp#27;[0m
  &amp#27;[32mThen &amp#27;[0m&amp#27;[32mI want to get the &amp#27;[0m&amp#27;[32m&amp#27;[1m"comments"&amp#27;[0m&amp#27;[32m &amp#27;[0m&amp#27;[32m&amp#27;[1m1&amp#27;[0m                               &amp#27;[90m# StepDefinations.ReadingExistngPostDetailsDefns.i_want_to_get_the(java.lang.String,java.lang.Integer)&amp#27;[0m
  &amp#27;[31mAnd &amp#27;[0m&amp#27;[31mverify the details of comments made by userid &amp#27;[0m&amp#27;[31m&amp#27;[1m1&amp#27;[0m&amp#27;[31m with values &amp#27;[0m&amp#27;[31m&amp#27;[1m1&amp#27;[0m &amp#27;[90m# StepDefinations.ReadingExistngPostDetailsDefns.verify_the_details_of_comments_made_by_userid_with_values(java.lang.Integer,java.lang.Integer)&amp#27;[0m
      &amp#27;[31mjava.lang.AssertionError: 1 expectation failed.
JSON path [0].name doesn't match.
Expected: quo vero reiciendis velit similique earum
  Actual: id labore ex et quam laborum

	at sun.reflect.NativeConstructorAccessorImpl.newInstance0(Native Method)
	at sun.reflect.NativeConstructorAccessorImpl.newInstance(NativeConstructorAccessorImpl.java:62)
	at sun.reflect.DelegatingConstructorAccessorImpl.newInstance(DelegatingConstructorAccessorImpl.java:45)
	at java.lang.reflect.Constructor.newInstance(Constructor.java:423)
	at org.codehaus.groovy.reflection.CachedConstructor.invoke(CachedConstructor.java:73)
	at org.codehaus.groovy.reflection.CachedConstructor.doConstructorInvoke(CachedConstructor.java:60)
	at org.codehaus.groovy.runtime.callsite.ConstructorSite$ConstructorSiteNoUnwrap.callConstructor(ConstructorSite.java:86)
	at org.codehaus.groovy.runtime.callsite.CallSiteArray.defaultCallConstructor(CallSiteArray.java:57)
	at org.codehaus.groovy.runtime.callsite.AbstractCallSite.callConstructor(AbstractCallSite.java:263)
	at org.codehaus.groovy.runtime.callsite.AbstractCallSite.callConstructor(AbstractCallSite.java:277)
	at io.restassured.internal.ResponseSpecificationImpl$HamcrestAssertionClosure.validate(ResponseSpecificationImpl.groovy:512)
	at io.restassured.internal.ResponseSpecificationImpl$HamcrestAssertionClosure$validate$1.call(Unknown Source)
	at io.restassured.internal.ResponseSpecificationImpl.validateResponseIfRequired(ResponseSpecificationImpl.groovy:696)
	at io.restassured.internal.ResponseSpecificationImpl.this$2$validateResponseIfRequired(ResponseSpecificationImpl.groovy)
	at sun.reflect.GeneratedMethodAccessor143.invoke(Unknown Source)
	at sun.reflect.DelegatingMethodAccessorImpl.invoke(DelegatingMethodAccessorImpl.java:43)
	at java.lang.reflect.Method.invoke(Method.java:498)
	at org.codehaus.groovy.runtime.callsite.PlainObjectMetaMethodSite.doInvoke(PlainObjectMetaMethodSite.java:43)
	at org.codehaus.groovy.runtime.callsite.PogoMetaMethodSite$PogoCachedMethodSiteNoUnwrapNoCoerce.invoke(PogoMetaMethodSite.java:198)
	at org.codehaus.groovy.runtime.callsite.PogoMetaMethodSite.callCurrent(PogoMetaMethodSite.java:62)
	at org.codehaus.groovy.runtime.callsite.AbstractCallSite.callCurrent(AbstractCallSite.java:185)
	at io.restassured.internal.ResponseSpecificationImpl.body(ResponseSpecificationImpl.groovy:270)
	at io.restassured.specification.ResponseSpecification$body$0.callCurrent(Unknown Source)
	at io.restassured.internal.ResponseSpecificationImpl.body(ResponseSpecificationImpl.groovy:117)
	at io.restassured.internal.ValidatableResponseOptionsImpl.body(ValidatableResponseOptionsImpl.java:244)
	at StepDefinations.ReadingExistngPostDetailsDefns.verify_the_details_of_comments_made_by_userid_with_values(ReadingExistngPostDetailsDefns.java:99)
	at ✽.verify the details of comments made by userid 1 with values 1(file:///Users/hema/eclipse-workspace/SocialNetworkingCommunity/src/main/resources/features/GetTheCommentsBasedonPostIDandUserID.feature:11)
&amp#27;[0m
This will run after the Scenario
]]></system-out>
  </testcase>
  <testcase name="Example #1.1" classname="Examples" time="1.052">
    <system-out><![CDATA[
@qa
Scenario Outline: Posting the message                                                       &amp#27;[90m# src/main/resources/features/NewPostByExistingUser.feature:16&amp#27;[0m

    Request to the end point:https://jsonplaceholder.typicode.com/posts

  &amp#27;[32mGiven &amp#27;[0m&amp#27;[32mI am an existing user of the social network&amp#27;[0m                                         &amp#27;[90m# StepDefinations.BasicCURD_Ops_Definations.i_am_an_existing_user_of_the_social_network()&amp#27;[0m

    Setting header:Content-type=application/json; charset=UTF-8

  &amp#27;[32mAnd &amp#27;[0m&amp#27;[32mhas the  header specification&amp#27;[0m                                                         &amp#27;[90m# StepDefinations.BasicCURD_Ops_Definations.has_the_header_specification()&amp#27;[0m

    Creating a POST request with values : body:I am very happy posting in community user ID:1 title:my first post


    Creating a new resource post :1:my first post:I am very happy posting in community

  &amp#27;[32mWhen &amp#27;[0m&amp#27;[32mmy user id &amp#27;[0m&amp#27;[32m&amp#27;[1m1&amp#27;[0m&amp#27;[32m with title &amp#27;[0m&amp#27;[32m&amp#27;[1m"my first post"&amp#27;[0m&amp#27;[32m posts &amp#27;[0m&amp#27;[32m&amp#27;[1m"I am very happy posting in community"&amp#27;[0m &amp#27;[90m# StepDefinations.BasicCURD_Ops_Definations.my_user_id_with_title_posts(java.lang.Integer,java.lang.String,java.lang.String)&amp#27;[0m
{
    "userId": 1,
    "body": "I am very happy posting in community",
    "title": "my first post",
    "id": 101,
    "height": 0
}

    Retreived response is :{
      "userId": 1,
      "body": "I am very happy posting in community",
      "title": "my first post",
      "id": 101,
      "height": 0
    }

{
    "userId": 1,
    "body": "I am very happy posting in community",
    "title": "my first post",
    "id": 101,
    "height": 0
}

    validated the response and is :{
      "userId": 1,
      "body": "I am very happy posting in community",
      "title": "my first post",
      "id": 101,
      "height": 0
    }

  &amp#27;[32mThen &amp#27;[0m&amp#27;[32mthe message status is&amp#27;[0m                                                                &amp#27;[90m# StepDefinations.BasicCURD_Ops_Definations.the_message_status_is()&amp#27;[0m

    New post successfully created and validated, with status code and the postid is :201,101

  &amp#27;[32mAnd &amp#27;[0m&amp#27;[32mI want to verify the log&amp#27;[0m                                                              &amp#27;[90m# StepDefinations.BasicCURD_Ops_Definations.i_want_to_verify_the_log()&amp#27;[0m

    The values cannot be verified by retriving using get method to validdate new posted message as this is a mock service

  &amp#27;[32mAnd &amp#27;[0m&amp#27;[32mconfirm the message/post is as expected by retriving&amp#27;[0m                                  &amp#27;[90m# StepDefinations.BasicCURD_Ops_Definations.confirm_the_message_post_is_as_expected_by_retriving()&amp#27;[0m
This will run after the Scenario
]]></system-out>
  </testcase>
  <testcase name="Example #1.1" classname="Examples" time="0.69">
    <system-out><![CDATA[
Scenario Outline: Updating the message using patching                                                                             &amp#27;[90m# src/main/resources/features/PatchingAnExistingResource.feature:14&amp#27;[0m

    Request to the end point:https://jsonplaceholder.typicode.com/posts

  &amp#27;[32mGiven &amp#27;[0m&amp#27;[32mI am an existing user of the social network&amp#27;[0m                                                                               &amp#27;[90m# StepDefinations.BasicCURD_Ops_Definations.i_am_an_existing_user_of_the_social_network()&amp#27;[0m

    Setting header:Content-type=application/json; charset=UTF-8

  &amp#27;[32mAnd &amp#27;[0m&amp#27;[32mhas the  header specification&amp#27;[0m                                                                                               &amp#27;[90m# StepDefinations.BasicCURD_Ops_Definations.has_the_header_specification()&amp#27;[0m
POSTID: get 1
  &amp#27;[32mAnd &amp#27;[0m&amp#27;[32mwhen I get the existing resource values with user id  with title where post id is &amp#27;[0m&amp#27;[32m&amp#27;[1m1&amp#27;[0m                                         &amp#27;[90m# StepDefinations.BasicCURD_Ops_Definations.when_i_get_the_existing_resource_values_with_user_id_with_title_where_post_id_is(java.lang.Integer)&amp#27;[0m
PATCHIND:1
1****Asia****Asia  has Mount Everest****1****8849

    Creating a PATCH request with values : body:Asia  has Mount Everest user ID:1 postID: 1 title:Asia


    Patching the an existing resource  :1:Asia:Asia  has Mount Everest

  &amp#27;[32mWhen &amp#27;[0m&amp#27;[32mmy user id &amp#27;[0m&amp#27;[32m&amp#27;[1m1&amp#27;[0m&amp#27;[32m with title &amp#27;[0m&amp#27;[32m&amp#27;[1m"Asia"&amp#27;[0m&amp#27;[32m posts &amp#27;[0m&amp#27;[32m&amp#27;[1m"Asia  has Mount Everest"&amp#27;[0m&amp#27;[32m to modify with patch where post id is &amp#27;[0m&amp#27;[32m&amp#27;[1m1&amp#27;[0m&amp#27;[32m with mt height &amp#27;[0m&amp#27;[32m&amp#27;[1m8849&amp#27;[0m &amp#27;[90m# StepDefinations.BasicCURD_Ops_Definations.my_user_id_with_title_posts_to_modify_with_patch_where_post_id_is_with_mt_height(java.lang.Integer,java.lang.String,java.lang.String,java.lang.Integer,java.lang.Integer)&amp#27;[0m
{
    "userId": 1,
    "id": 1,
    "title": "Asia",
    "body": "Asia  has Mount Everest",
    "height": 8849
}

    Retreived response is :{
      "userId": 1,
      "id": 1,
      "title": "Asia",
      "body": "Asia  has Mount Everest",
      "height": 8849
    }

{
    "userId": 1,
    "id": 1,
    "title": "Asia",
    "body": "Asia  has Mount Everest",
    "height": 8849
}

    validated the response and is :{
      "userId": 1,
      "id": 1,
      "title": "Asia",
      "body": "Asia  has Mount Everest",
      "height": 8849
    }

  &amp#27;[32mThen &amp#27;[0m&amp#27;[32mthe message status is&amp#27;[0m                                                                                                      &amp#27;[90m# StepDefinations.BasicCURD_Ops_Definations.the_message_status_is()&amp#27;[0m

    Patching the an existing resource is sucessful at postid :1

  &amp#27;[32mAnd &amp#27;[0m&amp#27;[32mI want to verify the if patch is successful&amp#27;[0m                                                                                 &amp#27;[90m# StepDefinations.BasicCURD_Ops_Definations.i_want_to_verify_the_if_patch_is_successful()&amp#27;[0m
This will run after the Scenario
]]></system-out>
  </testcase>
  <testcase name="Example #1.1" classname="Examples" time="0.597">
    <system-out><![CDATA[
Scenario Outline: Updating the message using put                                                                  &amp#27;[90m# src/main/resources/features/UpdatingAnExistingPost.feature:15&amp#27;[0m

    Request to the end point:https://jsonplaceholder.typicode.com/posts

  &amp#27;[32mGiven &amp#27;[0m&amp#27;[32mI am an existing user of the social network&amp#27;[0m                                                               &amp#27;[90m# StepDefinations.BasicCURD_Ops_Definations.i_am_an_existing_user_of_the_social_network()&amp#27;[0m

    Setting header:Content-type=application/json; charset=UTF-8

  &amp#27;[32mAnd &amp#27;[0m&amp#27;[32mhas the  header specification&amp#27;[0m                                                                               &amp#27;[90m# StepDefinations.BasicCURD_Ops_Definations.has_the_header_specification()&amp#27;[0m
POSTID: get 1
  &amp#27;[32mAnd &amp#27;[0m&amp#27;[32mwhen I get the existing resource values with user id  with title where post id is &amp#27;[0m&amp#27;[32m&amp#27;[1m1&amp#27;[0m                         &amp#27;[90m# StepDefinations.BasicCURD_Ops_Definations.when_i_get_the_existing_resource_values_with_user_id_with_title_where_post_id_is(java.lang.Integer)&amp#27;[0m

    Creating a PUT request with values : body:Mango Wood is very hard user ID:1 postID: 1 title:Mango Wood


    Updating an existing resource  resource post :1:Mango Wood:Mango Wood is very hard

  &amp#27;[32mWhen &amp#27;[0m&amp#27;[32mmy user id &amp#27;[0m&amp#27;[32m&amp#27;[1m1&amp#27;[0m&amp#27;[32m with title &amp#27;[0m&amp#27;[32m&amp#27;[1m"Mango Wood"&amp#27;[0m&amp#27;[32m posts &amp#27;[0m&amp#27;[32m&amp#27;[1m"Mango Wood is very hard"&amp#27;[0m&amp#27;[32m to modify with put where post id is &amp#27;[0m&amp#27;[32m&amp#27;[1m1&amp#27;[0m &amp#27;[90m# StepDefinations.BasicCURD_Ops_Definations.my_user_id_with_title_posts_to_modify_with_put_where_post_id_is(java.lang.Integer,java.lang.String,java.lang.String,java.lang.Integer)&amp#27;[0m
{
    "userId": 1,
    "body": "Mango Wood is very hard",
    "title": "Mango Wood",
    "id": 1,
    "height": 0
}

    Retreived response is :{
      "userId": 1,
      "body": "Mango Wood is very hard",
      "title": "Mango Wood",
      "id": 1,
      "height": 0
    }

{
    "userId": 1,
    "body": "Mango Wood is very hard",
    "title": "Mango Wood",
    "id": 1,
    "height": 0
}

    validated the response and is :{
      "userId": 1,
      "body": "Mango Wood is very hard",
      "title": "Mango Wood",
      "id": 1,
      "height": 0
    }

  &amp#27;[32mThen &amp#27;[0m&amp#27;[32mthe message status is&amp#27;[0m                                                                                      &amp#27;[90m# StepDefinations.BasicCURD_Ops_Definations.the_message_status_is()&amp#27;[0m

    New post successfully created and validated, with status code and the postid is :200,1

  &amp#27;[32mAnd &amp#27;[0m&amp#27;[32mI want to verify the log&amp#27;[0m                                                                                    &amp#27;[90m# StepDefinations.BasicCURD_Ops_Definations.i_want_to_verify_the_log()&amp#27;[0m
This will run after the Scenario
]]></system-out>
  </testcase>
  <testcase name="Example #1.1" classname="Examples" time="0.633">
    <system-out><![CDATA[
Scenario Outline: Deleting the post                                                       &amp#27;[90m# src/main/resources/features/DeleteAnExistingPost.feature:16&amp#27;[0m

    Request to the end point:https://jsonplaceholder.typicode.com/posts

  &amp#27;[32mGiven &amp#27;[0m&amp#27;[32mI am an existing user of the social network&amp#27;[0m                                       &amp#27;[90m# StepDefinations.BasicCURD_Ops_Definations.i_am_an_existing_user_of_the_social_network()&amp#27;[0m

    Setting header:Content-type=application/json; charset=UTF-8

  &amp#27;[32mAnd &amp#27;[0m&amp#27;[32mhas the  header specification&amp#27;[0m                                                       &amp#27;[90m# StepDefinations.BasicCURD_Ops_Definations.has_the_header_specification()&amp#27;[0m
POSTID: get 1
  &amp#27;[32mAnd &amp#27;[0m&amp#27;[32mwhen I get the existing resource values with user id  with title where post id is &amp#27;[0m&amp#27;[32m&amp#27;[1m1&amp#27;[0m &amp#27;[90m# StepDefinations.BasicCURD_Ops_Definations.when_i_get_the_existing_resource_values_with_user_id_with_title_where_post_id_is(java.lang.Integer)&amp#27;[0m

    Deleting the an existing resource  resource post :1

  &amp#27;[32mWhen &amp#27;[0m&amp#27;[32mdelete where post id is &amp#27;[0m&amp#27;[32m&amp#27;[1m1&amp#27;[0m                                                          &amp#27;[90m# StepDefinations.BasicCURD_Ops_Definations.delete_where_post_id_is(java.lang.Integer)&amp#27;[0m
{
    
}

    Retreived response is :{}

{
    
}

    validated the response and is :{}

  &amp#27;[32mThen &amp#27;[0m&amp#27;[32mthe message status is&amp#27;[0m                                                              &amp#27;[90m# StepDefinations.BasicCURD_Ops_Definations.the_message_status_is()&amp#27;[0m
HTTP/1.1 200 OK
Date: Sun, 22 Jan 2023 00:49:15 GMT
Content-Type: application/json; charset=utf-8
Content-Length: 2
Connection: keep-alive
X-Powered-By: Express
X-Ratelimit-Limit: 1000
X-Ratelimit-Remaining: 987
X-Ratelimit-Reset: 1674348583
Vary: Origin, Accept-Encoding
Access-Control-Allow-Credentials: true
Cache-Control: no-cache
Pragma: no-cache
Expires: -1
X-Content-Type-Options: nosniff
Etag: W/"2-vyGp6PvFo4RvsFtPoIWeCReyIC8"
Via: 1.1 vegur
CF-Cache-Status: DYNAMIC
Server-Timing: cf-q-config;dur=7.0000023697503e-06
Report-To: {"endpoints":[{"url":"https:\/\/a.nel.cloudflare.com\/report\/v3?s=r0U3gDQsTz57QRtdlUdpeC%2B9wBpfs7G5%2BQnF2mzbhQFhRteXNsha9jM6Hr%2Fye49HgQFHnkZVMoo8Wpd8J73KrH69U%2F1Y84W%2Bj5EN7fDIpySMGl00jqs3O%2BCM8lzXANISHEP5mwqeKNpzCocCIFbW"}],"group":"cf-nel","max_age":604800}
NEL: {"success_fraction":0,"report_to":"cf-nel","max_age":604800}
Server: cloudflare
CF-RAY: 78d449e7fe5cbf7b-WAW
alt-svc: h3=":443"; ma=86400, h3-29=":443"; ma=86400

{
    
}

    the post is deleted sucessfully with postid :1Response of the body is emptyio.restassured.internal.ValidatableResponseImpl@2353354a

  &amp#27;[32mAnd &amp#27;[0m&amp#27;[32mI want to verify the post deleted&amp#27;[0m                                                   &amp#27;[90m# StepDefinations.BasicCURD_Ops_Definations.i_want_to_verify_the_post_deleted()&amp#27;[0m
This will run after the Scenario
]]></system-out>
    <system-err><![CDATA[&amp#27;[32m&amp#27;[1m┌───────────────────────────────────────────────────────────────────────────────────┐&amp#27;[0m
&amp#27;[32m&amp#27;[1m│&amp#27;[0m Share your Cucumber Report with your team at &amp#27;[36m&amp#27;[1m&amp#27;[4mhttps://reports.cucumber.io&amp#27;[0m          &amp#27;[32m&amp#27;[1m│&amp#27;[0m
&amp#27;[32m&amp#27;[1m│&amp#27;[0m Activate publishing with one of the following:                                    &amp#27;[32m&amp#27;[1m│&amp#27;[0m
&amp#27;[32m&amp#27;[1m│&amp#27;[0m                                                                                   &amp#27;[32m&amp#27;[1m│&amp#27;[0m
&amp#27;[32m&amp#27;[1m│&amp#27;[0m src/test/resources/cucumber.properties:          &amp#27;[36mcucumber.publish.enabled&amp#27;[0m=&amp#27;[36mtrue&amp#27;[0m    &amp#27;[32m&amp#27;[1m│&amp#27;[0m
&amp#27;[32m&amp#27;[1m│&amp#27;[0m src/test/resources/junit-platform.properties:    &amp#27;[36mcucumber.publish.enabled&amp#27;[0m=&amp#27;[36mtrue&amp#27;[0m    &amp#27;[32m&amp#27;[1m│&amp#27;[0m
&amp#27;[32m&amp#27;[1m│&amp#27;[0m Environment variable:                            &amp#27;[36mCUCUMBER_PUBLISH_ENABLED&amp#27;[0m=&amp#27;[36mtrue&amp#27;[0m    &amp#27;[32m&amp#27;[1m│&amp#27;[0m
&amp#27;[32m&amp#27;[1m│&amp#27;[0m JUnit:                                           &amp#27;[36m@CucumberOptions&amp#27;[0m(publish = &amp#27;[36mtrue&amp#27;[0m) &amp#27;[32m&amp#27;[1m│&amp#27;[0m
&amp#27;[32m&amp#27;[1m│&amp#27;[0m                                                                                   &amp#27;[32m&amp#27;[1m│&amp#27;[0m
&amp#27;[32m&amp#27;[1m│&amp#27;[0m More information at &amp#27;[36mhttps://cucumber.io/docs/cucumber/environment-variables/&amp#27;[0m      &amp#27;[32m&amp#27;[1m│&amp#27;[0m
&amp#27;[32m&amp#27;[1m│&amp#27;[0m                                                                                   &amp#27;[32m&amp#27;[1m│&amp#27;[0m
&amp#27;[32m&amp#27;[1m│&amp#27;[0m Disable this message with one of the following:                                   &amp#27;[32m&amp#27;[1m│&amp#27;[0m
&amp#27;[32m&amp#27;[1m│&amp#27;[0m                                                                                   &amp#27;[32m&amp#27;[1m│&amp#27;[0m
&amp#27;[32m&amp#27;[1m│&amp#27;[0m src/test/resources/cucumber.properties:          &amp#27;[36mcucumber.publish.quiet&amp#27;[0m=&amp#27;[36mtrue&amp#27;[0m      &amp#27;[32m&amp#27;[1m│&amp#27;[0m
&amp#27;[32m&amp#27;[1m│&amp#27;[0m src/test/resources/junit-platform.properties:    &amp#27;[36mcucumber.publish.quiet&amp#27;[0m=&amp#27;[36mtrue&amp#27;[0m      &amp#27;[32m&amp#27;[1m│&amp#27;[0m
&amp#27;[32m&amp#27;[1m└───────────────────────────────────────────────────────────────────────────────────┘&amp#27;[0m
]]></system-err>
  </testcase>
  <testcase name="Example #1.1" classname="Examples" time="0.564">
    <failure message="1 expectation failed.&#10;JSON path [0].name doesn&apos;t match.&#10;Expected: quo vero reiciendis velit similique earum&#10;  Actual: id labore ex et quam laborum&#10;" type="java.lang.AssertionError"><![CDATA[java.lang.AssertionError: 
1 expectation failed.
JSON path [0].name doesn't match.
Expected: quo vero reiciendis velit similique earum
  Actual: id labore ex et quam laborum

	at sun.reflect.NativeConstructorAccessorImpl.newInstance0(Native Method)
	at sun.reflect.NativeConstructorAccessorImpl.newInstance(NativeConstructorAccessorImpl.java:62)
	at sun.reflect.DelegatingConstructorAccessorImpl.newInstance(DelegatingConstructorAccessorImpl.java:45)
	at java.lang.reflect.Constructor.newInstance(Constructor.java:423)
	at org.codehaus.groovy.reflection.CachedConstructor.invoke(CachedConstructor.java:73)
	at org.codehaus.groovy.reflection.CachedConstructor.doConstructorInvoke(CachedConstructor.java:60)
	at org.codehaus.groovy.runtime.callsite.ConstructorSite$ConstructorSiteNoUnwrap.callConstructor(ConstructorSite.java:86)
	at org.codehaus.groovy.runtime.callsite.AbstractCallSite.callConstructor(AbstractCallSite.java:277)
	at io.restassured.internal.ResponseSpecificationImpl$HamcrestAssertionClosure.validate(ResponseSpecificationImpl.groovy:512)
	at io.restassured.internal.ResponseSpecificationImpl$HamcrestAssertionClosure$validate$1.call(Unknown Source)
	at io.restassured.internal.ResponseSpecificationImpl.validateResponseIfRequired(ResponseSpecificationImpl.groovy:696)
	at io.restassured.internal.ResponseSpecificationImpl.this$2$validateResponseIfRequired(ResponseSpecificationImpl.groovy)
	at sun.reflect.GeneratedMethodAccessor143.invoke(Unknown Source)
	at sun.reflect.DelegatingMethodAccessorImpl.invoke(DelegatingMethodAccessorImpl.java:43)
	at java.lang.reflect.Method.invoke(Method.java:498)
	at org.codehaus.groovy.runtime.callsite.PlainObjectMetaMethodSite.doInvoke(PlainObjectMetaMethodSite.java:43)
	at org.codehaus.groovy.runtime.callsite.PogoMetaMethodSite$PogoCachedMethodSiteNoUnwrapNoCoerce.invoke(PogoMetaMethodSite.java:198)
	at org.codehaus.groovy.runtime.callsite.PogoMetaMethodSite.callCurrent(PogoMetaMethodSite.java:62)
	at org.codehaus.groovy.runtime.callsite.AbstractCallSite.callCurrent(AbstractCallSite.java:185)
	at io.restassured.internal.ResponseSpecificationImpl.body(ResponseSpecificationImpl.groovy:270)
	at io.restassured.specification.ResponseSpecification$body$0.callCurrent(Unknown Source)
	at io.restassured.internal.ResponseSpecificationImpl.body(ResponseSpecificationImpl.groovy:117)
	at io.restassured.internal.ValidatableResponseOptionsImpl.body(ValidatableResponseOptionsImpl.java:244)
	at StepDefinations.ReadingExistngPostDetailsDefns.verify_the_details_of_comments_made_by_userid_with_values(ReadingExistngPostDetailsDefns.java:99)
	at ✽.verify the details of comments made by userid 1 with values 1(file:///Users/hema/eclipse-workspace/SocialNetworkingCommunity/src/main/resources/features/GetTheCommentsBasedonPostIDandUserID.feature:11)
]]></failure>
    <system-out><![CDATA[
Scenario Outline: I want to read the comments based on postid       &amp#27;[90m# src/main/resources/features/GetTheCommentsBasedonPostIDandUserID.feature:16&amp#27;[0m

    End point url of the posts is :https://jsonplaceholder.typicode.com/posts

  &amp#27;[32mGiven &amp#27;[0m&amp#27;[32mI am an user of the social network&amp#27;[0m                          &amp#27;[90m# StepDefinations.ReadingExistngPostDetailsDefns.i_am_an_user_of_the_social_network()&amp#27;[0m
  &amp#27;[32mWhen &amp#27;[0m&amp#27;[32mI can access the posts&amp#27;[0m                                       &amp#27;[90m# StepDefinations.ReadingExistngPostDetailsDefns.i_can_access_the_posts()&amp#27;[0m
  &amp#27;[32mThen &amp#27;[0m&amp#27;[32mI want to get the &amp#27;[0m&amp#27;[32m&amp#27;[1m"comments"&amp#27;[0m&amp#27;[32m &amp#27;[0m&amp#27;[32m&amp#27;[1m1&amp#27;[0m                               &amp#27;[90m# StepDefinations.ReadingExistngPostDetailsDefns.i_want_to_get_the(java.lang.String,java.lang.Integer)&amp#27;[0m
  &amp#27;[31mAnd &amp#27;[0m&amp#27;[31mverify the details of comments made by userid &amp#27;[0m&amp#27;[31m&amp#27;[1m1&amp#27;[0m&amp#27;[31m with values &amp#27;[0m&amp#27;[31m&amp#27;[1m1&amp#27;[0m &amp#27;[90m# StepDefinations.ReadingExistngPostDetailsDefns.verify_the_details_of_comments_made_by_userid_with_values(java.lang.Integer,java.lang.Integer)&amp#27;[0m
      &amp#27;[31mjava.lang.AssertionError: 1 expectation failed.
JSON path [0].name doesn't match.
Expected: quo vero reiciendis velit similique earum
  Actual: id labore ex et quam laborum

	at sun.reflect.NativeConstructorAccessorImpl.newInstance0(Native Method)
	at sun.reflect.NativeConstructorAccessorImpl.newInstance(NativeConstructorAccessorImpl.java:62)
	at sun.reflect.DelegatingConstructorAccessorImpl.newInstance(DelegatingConstructorAccessorImpl.java:45)
	at java.lang.reflect.Constructor.newInstance(Constructor.java:423)
	at org.codehaus.groovy.reflection.CachedConstructor.invoke(CachedConstructor.java:73)
	at org.codehaus.groovy.reflection.CachedConstructor.doConstructorInvoke(CachedConstructor.java:60)
	at org.codehaus.groovy.runtime.callsite.ConstructorSite$ConstructorSiteNoUnwrap.callConstructor(ConstructorSite.java:86)
	at org.codehaus.groovy.runtime.callsite.AbstractCallSite.callConstructor(AbstractCallSite.java:277)
	at io.restassured.internal.ResponseSpecificationImpl$HamcrestAssertionClosure.validate(ResponseSpecificationImpl.groovy:512)
	at io.restassured.internal.ResponseSpecificationImpl$HamcrestAssertionClosure$validate$1.call(Unknown Source)
	at io.restassured.internal.ResponseSpecificationImpl.validateResponseIfRequired(ResponseSpecificationImpl.groovy:696)
	at io.restassured.internal.ResponseSpecificationImpl.this$2$validateResponseIfRequired(ResponseSpecificationImpl.groovy)
	at sun.reflect.GeneratedMethodAccessor143.invoke(Unknown Source)
	at sun.reflect.DelegatingMethodAccessorImpl.invoke(DelegatingMethodAccessorImpl.java:43)
	at java.lang.reflect.Method.invoke(Method.java:498)
	at org.codehaus.groovy.runtime.callsite.PlainObjectMetaMethodSite.doInvoke(PlainObjectMetaMethodSite.java:43)
	at org.codehaus.groovy.runtime.callsite.PogoMetaMethodSite$PogoCachedMethodSiteNoUnwrapNoCoerce.invoke(PogoMetaMethodSite.java:198)
	at org.codehaus.groovy.runtime.callsite.PogoMetaMethodSite.callCurrent(PogoMetaMethodSite.java:62)
	at org.codehaus.groovy.runtime.callsite.AbstractCallSite.callCurrent(AbstractCallSite.java:185)
	at io.restassured.internal.ResponseSpecificationImpl.body(ResponseSpecificationImpl.groovy:270)
	at io.restassured.specification.ResponseSpecification$body$0.callCurrent(Unknown Source)
	at io.restassured.internal.ResponseSpecificationImpl.body(ResponseSpecificationImpl.groovy:117)
	at io.restassured.internal.ValidatableResponseOptionsImpl.body(ValidatableResponseOptionsImpl.java:244)
	at StepDefinations.ReadingExistngPostDetailsDefns.verify_the_details_of_comments_made_by_userid_with_values(ReadingExistngPostDetailsDefns.java:99)
	at ✽.verify the details of comments made by userid 1 with values 1(file:///Users/hema/eclipse-workspace/SocialNetworkingCommunity/src/main/resources/features/GetTheCommentsBasedonPostIDandUserID.feature:11)
&amp#27;[0m
This will run after the Scenario
]]></system-out>
  </testcase>
  <testcase name="Example #1.1" classname="Examples" time="0.587">
    <system-out><![CDATA[
@qa
Scenario Outline: Posting the message                                                       &amp#27;[90m# src/main/resources/features/NewPostByExistingUser.feature:16&amp#27;[0m

    Request to the end point:https://jsonplaceholder.typicode.com/posts

  &amp#27;[32mGiven &amp#27;[0m&amp#27;[32mI am an existing user of the social network&amp#27;[0m                                         &amp#27;[90m# StepDefinations.BasicCURD_Ops_Definations.i_am_an_existing_user_of_the_social_network()&amp#27;[0m

    Setting header:Content-type=application/json; charset=UTF-8

  &amp#27;[32mAnd &amp#27;[0m&amp#27;[32mhas the  header specification&amp#27;[0m                                                         &amp#27;[90m# StepDefinations.BasicCURD_Ops_Definations.has_the_header_specification()&amp#27;[0m

    Creating a POST request with values : body:I am very happy posting in community user ID:1 title:my first post


    Creating a new resource post :1:my first post:I am very happy posting in community

  &amp#27;[32mWhen &amp#27;[0m&amp#27;[32mmy user id &amp#27;[0m&amp#27;[32m&amp#27;[1m1&amp#27;[0m&amp#27;[32m with title &amp#27;[0m&amp#27;[32m&amp#27;[1m"my first post"&amp#27;[0m&amp#27;[32m posts &amp#27;[0m&amp#27;[32m&amp#27;[1m"I am very happy posting in community"&amp#27;[0m &amp#27;[90m# StepDefinations.BasicCURD_Ops_Definations.my_user_id_with_title_posts(java.lang.Integer,java.lang.String,java.lang.String)&amp#27;[0m
{
    "userId": 1,
    "body": "I am very happy posting in community",
    "title": "my first post",
    "id": 101,
    "height": 0
}

    Retreived response is :{
      "userId": 1,
      "body": "I am very happy posting in community",
      "title": "my first post",
      "id": 101,
      "height": 0
    }

{
    "userId": 1,
    "body": "I am very happy posting in community",
    "title": "my first post",
    "id": 101,
    "height": 0
}

    validated the response and is :{
      "userId": 1,
      "body": "I am very happy posting in community",
      "title": "my first post",
      "id": 101,
      "height": 0
    }

  &amp#27;[32mThen &amp#27;[0m&amp#27;[32mthe message status is&amp#27;[0m                                                                &amp#27;[90m# StepDefinations.BasicCURD_Ops_Definations.the_message_status_is()&amp#27;[0m

    New post successfully created and validated, with status code and the postid is :201,101

  &amp#27;[32mAnd &amp#27;[0m&amp#27;[32mI want to verify the log&amp#27;[0m                                                              &amp#27;[90m# StepDefinations.BasicCURD_Ops_Definations.i_want_to_verify_the_log()&amp#27;[0m

    The values cannot be verified by retriving using get method to validdate new posted message as this is a mock service

  &amp#27;[32mAnd &amp#27;[0m&amp#27;[32mconfirm the message/post is as expected by retriving&amp#27;[0m                                  &amp#27;[90m# StepDefinations.BasicCURD_Ops_Definations.confirm_the_message_post_is_as_expected_by_retriving()&amp#27;[0m
This will run after the Scenario
]]></system-out>
  </testcase>
  <testcase name="Example #1.1" classname="Examples" time="0.703">
    <system-out><![CDATA[
Scenario Outline: Updating the message using patching                                                                             &amp#27;[90m# src/main/resources/features/PatchingAnExistingResource.feature:14&amp#27;[0m

    Request to the end point:https://jsonplaceholder.typicode.com/posts

  &amp#27;[32mGiven &amp#27;[0m&amp#27;[32mI am an existing user of the social network&amp#27;[0m                                                                               &amp#27;[90m# StepDefinations.BasicCURD_Ops_Definations.i_am_an_existing_user_of_the_social_network()&amp#27;[0m

    Setting header:Content-type=application/json; charset=UTF-8

  &amp#27;[32mAnd &amp#27;[0m&amp#27;[32mhas the  header specification&amp#27;[0m                                                                                               &amp#27;[90m# StepDefinations.BasicCURD_Ops_Definations.has_the_header_specification()&amp#27;[0m
POSTID: get 1
  &amp#27;[32mAnd &amp#27;[0m&amp#27;[32mwhen I get the existing resource values with user id  with title where post id is &amp#27;[0m&amp#27;[32m&amp#27;[1m1&amp#27;[0m                                         &amp#27;[90m# StepDefinations.BasicCURD_Ops_Definations.when_i_get_the_existing_resource_values_with_user_id_with_title_where_post_id_is(java.lang.Integer)&amp#27;[0m
PATCHIND:1
1****Asia****Asia  has Mount Everest****1****8849

    Creating a PATCH request with values : body:Asia  has Mount Everest user ID:1 postID: 1 title:Asia


    Patching the an existing resource  :1:Asia:Asia  has Mount Everest

  &amp#27;[32mWhen &amp#27;[0m&amp#27;[32mmy user id &amp#27;[0m&amp#27;[32m&amp#27;[1m1&amp#27;[0m&amp#27;[32m with title &amp#27;[0m&amp#27;[32m&amp#27;[1m"Asia"&amp#27;[0m&amp#27;[32m posts &amp#27;[0m&amp#27;[32m&amp#27;[1m"Asia  has Mount Everest"&amp#27;[0m&amp#27;[32m to modify with patch where post id is &amp#27;[0m&amp#27;[32m&amp#27;[1m1&amp#27;[0m&amp#27;[32m with mt height &amp#27;[0m&amp#27;[32m&amp#27;[1m8849&amp#27;[0m &amp#27;[90m# StepDefinations.BasicCURD_Ops_Definations.my_user_id_with_title_posts_to_modify_with_patch_where_post_id_is_with_mt_height(java.lang.Integer,java.lang.String,java.lang.String,java.lang.Integer,java.lang.Integer)&amp#27;[0m
{
    "userId": 1,
    "id": 1,
    "title": "Asia",
    "body": "Asia  has Mount Everest",
    "height": 8849
}

    Retreived response is :{
      "userId": 1,
      "id": 1,
      "title": "Asia",
      "body": "Asia  has Mount Everest",
      "height": 8849
    }

{
    "userId": 1,
    "id": 1,
    "title": "Asia",
    "body": "Asia  has Mount Everest",
    "height": 8849
}

    validated the response and is :{
      "userId": 1,
      "id": 1,
      "title": "Asia",
      "body": "Asia  has Mount Everest",
      "height": 8849
    }

  &amp#27;[32mThen &amp#27;[0m&amp#27;[32mthe message status is&amp#27;[0m                                                                                                      &amp#27;[90m# StepDefinations.BasicCURD_Ops_Definations.the_message_status_is()&amp#27;[0m

    Patching the an existing resource is sucessful at postid :1

  &amp#27;[32mAnd &amp#27;[0m&amp#27;[32mI want to verify the if patch is successful&amp#27;[0m                                                                                 &amp#27;[90m# StepDefinations.BasicCURD_Ops_Definations.i_want_to_verify_the_if_patch_is_successful()&amp#27;[0m
This will run after the Scenario
]]></system-out>
  </testcase>
  <testcase name="Example #1.1" classname="Examples" time="0.592">
    <system-out><![CDATA[
Scenario Outline: Updating the message using put                                                                  &amp#27;[90m# src/main/resources/features/UpdatingAnExistingPost.feature:15&amp#27;[0m

    Request to the end point:https://jsonplaceholder.typicode.com/posts

  &amp#27;[32mGiven &amp#27;[0m&amp#27;[32mI am an existing user of the social network&amp#27;[0m                                                               &amp#27;[90m# StepDefinations.BasicCURD_Ops_Definations.i_am_an_existing_user_of_the_social_network()&amp#27;[0m

    Setting header:Content-type=application/json; charset=UTF-8

  &amp#27;[32mAnd &amp#27;[0m&amp#27;[32mhas the  header specification&amp#27;[0m                                                                               &amp#27;[90m# StepDefinations.BasicCURD_Ops_Definations.has_the_header_specification()&amp#27;[0m
POSTID: get 1
  &amp#27;[32mAnd &amp#27;[0m&amp#27;[32mwhen I get the existing resource values with user id  with title where post id is &amp#27;[0m&amp#27;[32m&amp#27;[1m1&amp#27;[0m                         &amp#27;[90m# StepDefinations.BasicCURD_Ops_Definations.when_i_get_the_existing_resource_values_with_user_id_with_title_where_post_id_is(java.lang.Integer)&amp#27;[0m

    Creating a PUT request with values : body:Mango Wood is very hard user ID:1 postID: 1 title:Mango Wood


    Updating an existing resource  resource post :1:Mango Wood:Mango Wood is very hard

  &amp#27;[32mWhen &amp#27;[0m&amp#27;[32mmy user id &amp#27;[0m&amp#27;[32m&amp#27;[1m1&amp#27;[0m&amp#27;[32m with title &amp#27;[0m&amp#27;[32m&amp#27;[1m"Mango Wood"&amp#27;[0m&amp#27;[32m posts &amp#27;[0m&amp#27;[32m&amp#27;[1m"Mango Wood is very hard"&amp#27;[0m&amp#27;[32m to modify with put where post id is &amp#27;[0m&amp#27;[32m&amp#27;[1m1&amp#27;[0m &amp#27;[90m# StepDefinations.BasicCURD_Ops_Definations.my_user_id_with_title_posts_to_modify_with_put_where_post_id_is(java.lang.Integer,java.lang.String,java.lang.String,java.lang.Integer)&amp#27;[0m
{
    "userId": 1,
    "body": "Mango Wood is very hard",
    "title": "Mango Wood",
    "id": 1,
    "height": 0
}

    Retreived response is :{
      "userId": 1,
      "body": "Mango Wood is very hard",
      "title": "Mango Wood",
      "id": 1,
      "height": 0
    }

{
    "userId": 1,
    "body": "Mango Wood is very hard",
    "title": "Mango Wood",
    "id": 1,
    "height": 0
}

    validated the response and is :{
      "userId": 1,
      "body": "Mango Wood is very hard",
      "title": "Mango Wood",
      "id": 1,
      "height": 0
    }

  &amp#27;[32mThen &amp#27;[0m&amp#27;[32mthe message status is&amp#27;[0m                                                                                      &amp#27;[90m# StepDefinations.BasicCURD_Ops_Definations.the_message_status_is()&amp#27;[0m

    New post successfully created and validated, with status code and the postid is :200,1

  &amp#27;[32mAnd &amp#27;[0m&amp#27;[32mI want to verify the log&amp#27;[0m                                                                                    &amp#27;[90m# StepDefinations.BasicCURD_Ops_Definations.i_want_to_verify_the_log()&amp#27;[0m
This will run after the Scenario
]]></system-out>
  </testcase>
  <testcase name="Example #1.2" classname="Examples" time="0.831">
    <system-out><![CDATA[
Scenario Outline: Deleting the post                                                       &amp#27;[90m# src/main/resources/features/DeleteAnExistingPost.feature:17&amp#27;[0m

    Request to the end point:https://jsonplaceholder.typicode.com/posts

  &amp#27;[32mGiven &amp#27;[0m&amp#27;[32mI am an existing user of the social network&amp#27;[0m                                       &amp#27;[90m# StepDefinations.BasicCURD_Ops_Definations.i_am_an_existing_user_of_the_social_network()&amp#27;[0m

    Setting header:Content-type=application/json; charset=UTF-8

  &amp#27;[32mAnd &amp#27;[0m&amp#27;[32mhas the  header specification&amp#27;[0m                                                       &amp#27;[90m# StepDefinations.BasicCURD_Ops_Definations.has_the_header_specification()&amp#27;[0m
POSTID: get 4
  &amp#27;[32mAnd &amp#27;[0m&amp#27;[32mwhen I get the existing resource values with user id  with title where post id is &amp#27;[0m&amp#27;[32m&amp#27;[1m4&amp#27;[0m &amp#27;[90m# StepDefinations.BasicCURD_Ops_Definations.when_i_get_the_existing_resource_values_with_user_id_with_title_where_post_id_is(java.lang.Integer)&amp#27;[0m

    Deleting the an existing resource  resource post :4

  &amp#27;[32mWhen &amp#27;[0m&amp#27;[32mdelete where post id is &amp#27;[0m&amp#27;[32m&amp#27;[1m4&amp#27;[0m                                                          &amp#27;[90m# StepDefinations.BasicCURD_Ops_Definations.delete_where_post_id_is(java.lang.Integer)&amp#27;[0m
{
    
}

    Retreived response is :{}

{
    
}

    validated the response and is :{}

  &amp#27;[32mThen &amp#27;[0m&amp#27;[32mthe message status is&amp#27;[0m                                                              &amp#27;[90m# StepDefinations.BasicCURD_Ops_Definations.the_message_status_is()&amp#27;[0m
HTTP/1.1 200 OK
Date: Sun, 22 Jan 2023 00:49:05 GMT
Content-Type: application/json; charset=utf-8
Content-Length: 2
Connection: keep-alive
X-Powered-By: Express
X-Ratelimit-Limit: 1000
X-Ratelimit-Remaining: 998
X-Ratelimit-Reset: 1674348583
Vary: Origin, Accept-Encoding
Access-Control-Allow-Credentials: true
Cache-Control: no-cache
Pragma: no-cache
Expires: -1
X-Content-Type-Options: nosniff
Etag: W/"2-vyGp6PvFo4RvsFtPoIWeCReyIC8"
Via: 1.1 vegur
CF-Cache-Status: DYNAMIC
Server-Timing: cf-q-config;dur=7.0000023697503e-06
Report-To: {"endpoints":[{"url":"https:\/\/a.nel.cloudflare.com\/report\/v3?s=cggCfPXfcJookQCS3SO4R5%2BoFMAWAYRfuclzg98dGktFDCTwvL1m9u18aBys8Oq%2FpS2xZMyzttyD7LULOfTUX3fEluwFge3Vu9QjysPL3FxLxWRLnhldS7ZGhBDHqaNQWmtItOO7Qn391g9B2xBa"}],"group":"cf-nel","max_age":604800}
NEL: {"success_fraction":0,"report_to":"cf-nel","max_age":604800}
Server: cloudflare
CF-RAY: 78d449aa9affbf74-WAW
alt-svc: h3=":443"; ma=86400, h3-29=":443"; ma=86400

{
    
}

    the post is deleted sucessfully with postid :4Response of the body is emptyio.restassured.internal.ValidatableResponseImpl@4d0e54e0

  &amp#27;[32mAnd &amp#27;[0m&amp#27;[32mI want to verify the post deleted&amp#27;[0m                                                   &amp#27;[90m# StepDefinations.BasicCURD_Ops_Definations.i_want_to_verify_the_post_deleted()&amp#27;[0m
This will run after the Scenario
]]></system-out>
  </testcase>
  <testcase name="Example #1.2" classname="Examples" time="0.621">
    <system-out><![CDATA[
Scenario Outline: I want to read the comments based on postid       &amp#27;[90m# src/main/resources/features/GetTheCommentsBasedonPostIDandUserID.feature:17&amp#27;[0m

    End point url of the posts is :https://jsonplaceholder.typicode.com/posts

  &amp#27;[32mGiven &amp#27;[0m&amp#27;[32mI am an user of the social network&amp#27;[0m                          &amp#27;[90m# StepDefinations.ReadingExistngPostDetailsDefns.i_am_an_user_of_the_social_network()&amp#27;[0m
  &amp#27;[32mWhen &amp#27;[0m&amp#27;[32mI can access the posts&amp#27;[0m                                       &amp#27;[90m# StepDefinations.ReadingExistngPostDetailsDefns.i_can_access_the_posts()&amp#27;[0m
  &amp#27;[32mThen &amp#27;[0m&amp#27;[32mI want to get the &amp#27;[0m&amp#27;[32m&amp#27;[1m"comments"&amp#27;[0m&amp#27;[32m &amp#27;[0m&amp#27;[32m&amp#27;[1m1&amp#27;[0m                               &amp#27;[90m# StepDefinations.ReadingExistngPostDetailsDefns.i_want_to_get_the(java.lang.String,java.lang.Integer)&amp#27;[0m
  &amp#27;[32mAnd &amp#27;[0m&amp#27;[32mverify the details of comments made by userid &amp#27;[0m&amp#27;[32m&amp#27;[1m2&amp#27;[0m&amp#27;[32m with values &amp#27;[0m&amp#27;[32m&amp#27;[1m1&amp#27;[0m &amp#27;[90m# StepDefinations.ReadingExistngPostDetailsDefns.verify_the_details_of_comments_made_by_userid_with_values(java.lang.Integer,java.lang.Integer)&amp#27;[0m
This will run after the Scenario
]]></system-out>
  </testcase>
  <testcase name="Example #1.2" classname="Examples" time="0.702">
    <system-out><![CDATA[
Scenario Outline: Updating the message using patching                                                                                     &amp#27;[90m# src/main/resources/features/PatchingAnExistingResource.feature:15&amp#27;[0m

    Request to the end point:https://jsonplaceholder.typicode.com/posts

  &amp#27;[32mGiven &amp#27;[0m&amp#27;[32mI am an existing user of the social network&amp#27;[0m                                                                                       &amp#27;[90m# StepDefinations.BasicCURD_Ops_Definations.i_am_an_existing_user_of_the_social_network()&amp#27;[0m

    Setting header:Content-type=application/json; charset=UTF-8

  &amp#27;[32mAnd &amp#27;[0m&amp#27;[32mhas the  header specification&amp#27;[0m                                                                                                       &amp#27;[90m# StepDefinations.BasicCURD_Ops_Definations.has_the_header_specification()&amp#27;[0m
POSTID: get 2
  &amp#27;[32mAnd &amp#27;[0m&amp#27;[32mwhen I get the existing resource values with user id  with title where post id is &amp#27;[0m&amp#27;[32m&amp#27;[1m2&amp#27;[0m                                                 &amp#27;[90m# StepDefinations.BasicCURD_Ops_Definations.when_i_get_the_existing_resource_values_with_user_id_with_title_where_post_id_is(java.lang.Integer)&amp#27;[0m
PATCHIND:2
1****NorthAmerica****NorthAmerica has Denail****2****6190

    Creating a PATCH request with values : body:NorthAmerica has Denail user ID:1 postID: 2 title:NorthAmerica


    Patching the an existing resource  :1:NorthAmerica:NorthAmerica has Denail

  &amp#27;[32mWhen &amp#27;[0m&amp#27;[32mmy user id &amp#27;[0m&amp#27;[32m&amp#27;[1m1&amp#27;[0m&amp#27;[32m with title &amp#27;[0m&amp#27;[32m&amp#27;[1m"NorthAmerica"&amp#27;[0m&amp#27;[32m posts &amp#27;[0m&amp#27;[32m&amp#27;[1m"NorthAmerica has Denail"&amp#27;[0m&amp#27;[32m to modify with patch where post id is &amp#27;[0m&amp#27;[32m&amp#27;[1m2&amp#27;[0m&amp#27;[32m with mt height &amp#27;[0m&amp#27;[32m&amp#27;[1m6190&amp#27;[0m &amp#27;[90m# StepDefinations.BasicCURD_Ops_Definations.my_user_id_with_title_posts_to_modify_with_patch_where_post_id_is_with_mt_height(java.lang.Integer,java.lang.String,java.lang.String,java.lang.Integer,java.lang.Integer)&amp#27;[0m
{
    "userId": 1,
    "id": 2,
    "title": "NorthAmerica",
    "body": "NorthAmerica has Denail",
    "height": 6190
}

    Retreived response is :{
      "userId": 1,
      "id": 2,
      "title": "NorthAmerica",
      "body": "NorthAmerica has Denail",
      "height": 6190
    }

{
    "userId": 1,
    "id": 2,
    "title": "NorthAmerica",
    "body": "NorthAmerica has Denail",
    "height": 6190
}

    validated the response and is :{
      "userId": 1,
      "id": 2,
      "title": "NorthAmerica",
      "body": "NorthAmerica has Denail",
      "height": 6190
    }

  &amp#27;[32mThen &amp#27;[0m&amp#27;[32mthe message status is&amp#27;[0m                                                                                                              &amp#27;[90m# StepDefinations.BasicCURD_Ops_Definations.the_message_status_is()&amp#27;[0m

    Patching the an existing resource is sucessful at postid :2

  &amp#27;[32mAnd &amp#27;[0m&amp#27;[32mI want to verify the if patch is successful&amp#27;[0m                                                                                         &amp#27;[90m# StepDefinations.BasicCURD_Ops_Definations.i_want_to_verify_the_if_patch_is_successful()&amp#27;[0m
This will run after the Scenario
]]></system-out>
  </testcase>
  <testcase name="Example #1.2" classname="Examples" time="0.596">
    <system-out><![CDATA[
Scenario Outline: Updating the message using put                                                                   &amp#27;[90m# src/main/resources/features/UpdatingAnExistingPost.feature:16&amp#27;[0m

    Request to the end point:https://jsonplaceholder.typicode.com/posts

  &amp#27;[32mGiven &amp#27;[0m&amp#27;[32mI am an existing user of the social network&amp#27;[0m                                                                &amp#27;[90m# StepDefinations.BasicCURD_Ops_Definations.i_am_an_existing_user_of_the_social_network()&amp#27;[0m

    Setting header:Content-type=application/json; charset=UTF-8

  &amp#27;[32mAnd &amp#27;[0m&amp#27;[32mhas the  header specification&amp#27;[0m                                                                                &amp#27;[90m# StepDefinations.BasicCURD_Ops_Definations.has_the_header_specification()&amp#27;[0m
POSTID: get 1
  &amp#27;[32mAnd &amp#27;[0m&amp#27;[32mwhen I get the existing resource values with user id  with title where post id is &amp#27;[0m&amp#27;[32m&amp#27;[1m1&amp#27;[0m                          &amp#27;[90m# StepDefinations.BasicCURD_Ops_Definations.when_i_get_the_existing_resource_values_with_user_id_with_title_where_post_id_is(java.lang.Integer)&amp#27;[0m

    Creating a PUT request with values : body:Teak wood is most durable user ID:2 postID: 1 title:Teak wood


    Updating an existing resource  resource post :2:Teak wood:Teak wood is most durable

  &amp#27;[32mWhen &amp#27;[0m&amp#27;[32mmy user id &amp#27;[0m&amp#27;[32m&amp#27;[1m2&amp#27;[0m&amp#27;[32m with title &amp#27;[0m&amp#27;[32m&amp#27;[1m"Teak wood"&amp#27;[0m&amp#27;[32m posts &amp#27;[0m&amp#27;[32m&amp#27;[1m"Teak wood is most durable"&amp#27;[0m&amp#27;[32m to modify with put where post id is &amp#27;[0m&amp#27;[32m&amp#27;[1m1&amp#27;[0m &amp#27;[90m# StepDefinations.BasicCURD_Ops_Definations.my_user_id_with_title_posts_to_modify_with_put_where_post_id_is(java.lang.Integer,java.lang.String,java.lang.String,java.lang.Integer)&amp#27;[0m
{
    "userId": 2,
    "body": "Teak wood is most durable",
    "title": "Teak wood",
    "id": 1,
    "height": 0
}

    Retreived response is :{
      "userId": 2,
      "body": "Teak wood is most durable",
      "title": "Teak wood",
      "id": 1,
      "height": 0
    }

{
    "userId": 2,
    "body": "Teak wood is most durable",
    "title": "Teak wood",
    "id": 1,
    "height": 0
}

    validated the response and is :{
      "userId": 2,
      "body": "Teak wood is most durable",
      "title": "Teak wood",
      "id": 1,
      "height": 0
    }

  &amp#27;[32mThen &amp#27;[0m&amp#27;[32mthe message status is&amp#27;[0m                                                                                       &amp#27;[90m# StepDefinations.BasicCURD_Ops_Definations.the_message_status_is()&amp#27;[0m

    New post successfully created and validated, with status code and the postid is :200,1

  &amp#27;[32mAnd &amp#27;[0m&amp#27;[32mI want to verify the log&amp#27;[0m                                                                                     &amp#27;[90m# StepDefinations.BasicCURD_Ops_Definations.i_want_to_verify_the_log()&amp#27;[0m
This will run after the Scenario
]]></system-out>
  </testcase>
  <testcase name="Example #1.2" classname="Examples" time="0.597">
    <system-out><![CDATA[
Scenario Outline: Deleting the post                                                       &amp#27;[90m# src/main/resources/features/DeleteAnExistingPost.feature:17&amp#27;[0m

    Request to the end point:https://jsonplaceholder.typicode.com/posts

  &amp#27;[32mGiven &amp#27;[0m&amp#27;[32mI am an existing user of the social network&amp#27;[0m                                       &amp#27;[90m# StepDefinations.BasicCURD_Ops_Definations.i_am_an_existing_user_of_the_social_network()&amp#27;[0m

    Setting header:Content-type=application/json; charset=UTF-8

  &amp#27;[32mAnd &amp#27;[0m&amp#27;[32mhas the  header specification&amp#27;[0m                                                       &amp#27;[90m# StepDefinations.BasicCURD_Ops_Definations.has_the_header_specification()&amp#27;[0m
POSTID: get 4
  &amp#27;[32mAnd &amp#27;[0m&amp#27;[32mwhen I get the existing resource values with user id  with title where post id is &amp#27;[0m&amp#27;[32m&amp#27;[1m4&amp#27;[0m &amp#27;[90m# StepDefinations.BasicCURD_Ops_Definations.when_i_get_the_existing_resource_values_with_user_id_with_title_where_post_id_is(java.lang.Integer)&amp#27;[0m

    Deleting the an existing resource  resource post :4

  &amp#27;[32mWhen &amp#27;[0m&amp#27;[32mdelete where post id is &amp#27;[0m&amp#27;[32m&amp#27;[1m4&amp#27;[0m                                                          &amp#27;[90m# StepDefinations.BasicCURD_Ops_Definations.delete_where_post_id_is(java.lang.Integer)&amp#27;[0m
{
    
}

    Retreived response is :{}

{
    
}

    validated the response and is :{}

  &amp#27;[32mThen &amp#27;[0m&amp#27;[32mthe message status is&amp#27;[0m                                                              &amp#27;[90m# StepDefinations.BasicCURD_Ops_Definations.the_message_status_is()&amp#27;[0m
HTTP/1.1 200 OK
Date: Sun, 22 Jan 2023 00:49:16 GMT
Content-Type: application/json; charset=utf-8
Content-Length: 2
Connection: keep-alive
X-Powered-By: Express
X-Ratelimit-Limit: 1000
X-Ratelimit-Remaining: 986
X-Ratelimit-Reset: 1674348583
Vary: Origin, Accept-Encoding
Access-Control-Allow-Credentials: true
Cache-Control: no-cache
Pragma: no-cache
Expires: -1
X-Content-Type-Options: nosniff
Etag: W/"2-vyGp6PvFo4RvsFtPoIWeCReyIC8"
Via: 1.1 vegur
CF-Cache-Status: DYNAMIC
Server-Timing: cf-q-config;dur=6.9999950937927e-06
Report-To: {"endpoints":[{"url":"https:\/\/a.nel.cloudflare.com\/report\/v3?s=cluwSq7xe0b%2F5Gas3pDVCM%2FlTqYv4Ixq%2BQqqdwkgApDAcWrQevpgv%2FEBVN6PbNt%2Bjz7ifvnQZnP6e2jXGY%2FFkLzFS1%2BwqJb1BbIsc3TIQJcdkP%2FE78Q66bpf27IwIZpd5Z8%2BZJhaOHXWp52YzaNo"}],"group":"cf-nel","max_age":604800}
NEL: {"success_fraction":0,"report_to":"cf-nel","max_age":604800}
Server: cloudflare
CF-RAY: 78d449ebb939ffd0-WAW
alt-svc: h3=":443"; ma=86400, h3-29=":443"; ma=86400

{
    
}

    the post is deleted sucessfully with postid :4Response of the body is emptyio.restassured.internal.ValidatableResponseImpl@5e0f2c82

  &amp#27;[32mAnd &amp#27;[0m&amp#27;[32mI want to verify the post deleted&amp#27;[0m                                                   &amp#27;[90m# StepDefinations.BasicCURD_Ops_Definations.i_want_to_verify_the_post_deleted()&amp#27;[0m
This will run after the Scenario
]]></system-out>
  </testcase>
  <testcase name="Example #1.2" classname="Examples" time="0.548">
    <system-out><![CDATA[
Scenario Outline: I want to read the comments based on postid       &amp#27;[90m# src/main/resources/features/GetTheCommentsBasedonPostIDandUserID.feature:17&amp#27;[0m

    End point url of the posts is :https://jsonplaceholder.typicode.com/posts

  &amp#27;[32mGiven &amp#27;[0m&amp#27;[32mI am an user of the social network&amp#27;[0m                          &amp#27;[90m# StepDefinations.ReadingExistngPostDetailsDefns.i_am_an_user_of_the_social_network()&amp#27;[0m
  &amp#27;[32mWhen &amp#27;[0m&amp#27;[32mI can access the posts&amp#27;[0m                                       &amp#27;[90m# StepDefinations.ReadingExistngPostDetailsDefns.i_can_access_the_posts()&amp#27;[0m
  &amp#27;[32mThen &amp#27;[0m&amp#27;[32mI want to get the &amp#27;[0m&amp#27;[32m&amp#27;[1m"comments"&amp#27;[0m&amp#27;[32m &amp#27;[0m&amp#27;[32m&amp#27;[1m1&amp#27;[0m                               &amp#27;[90m# StepDefinations.ReadingExistngPostDetailsDefns.i_want_to_get_the(java.lang.String,java.lang.Integer)&amp#27;[0m
  &amp#27;[32mAnd &amp#27;[0m&amp#27;[32mverify the details of comments made by userid &amp#27;[0m&amp#27;[32m&amp#27;[1m2&amp#27;[0m&amp#27;[32m with values &amp#27;[0m&amp#27;[32m&amp#27;[1m1&amp#27;[0m &amp#27;[90m# StepDefinations.ReadingExistngPostDetailsDefns.verify_the_details_of_comments_made_by_userid_with_values(java.lang.Integer,java.lang.Integer)&amp#27;[0m
This will run after the Scenario
]]></system-out>
  </testcase>
  <testcase name="Example #1.2" classname="Examples" time="0.681">
    <system-out><![CDATA[
Scenario Outline: Updating the message using patching                                                                                     &amp#27;[90m# src/main/resources/features/PatchingAnExistingResource.feature:15&amp#27;[0m

    Request to the end point:https://jsonplaceholder.typicode.com/posts

  &amp#27;[32mGiven &amp#27;[0m&amp#27;[32mI am an existing user of the social network&amp#27;[0m                                                                                       &amp#27;[90m# StepDefinations.BasicCURD_Ops_Definations.i_am_an_existing_user_of_the_social_network()&amp#27;[0m

    Setting header:Content-type=application/json; charset=UTF-8

  &amp#27;[32mAnd &amp#27;[0m&amp#27;[32mhas the  header specification&amp#27;[0m                                                                                                       &amp#27;[90m# StepDefinations.BasicCURD_Ops_Definations.has_the_header_specification()&amp#27;[0m
POSTID: get 2
  &amp#27;[32mAnd &amp#27;[0m&amp#27;[32mwhen I get the existing resource values with user id  with title where post id is &amp#27;[0m&amp#27;[32m&amp#27;[1m2&amp#27;[0m                                                 &amp#27;[90m# StepDefinations.BasicCURD_Ops_Definations.when_i_get_the_existing_resource_values_with_user_id_with_title_where_post_id_is(java.lang.Integer)&amp#27;[0m
PATCHIND:2
1****NorthAmerica****NorthAmerica has Denail****2****6190

    Creating a PATCH request with values : body:NorthAmerica has Denail user ID:1 postID: 2 title:NorthAmerica


    Patching the an existing resource  :1:NorthAmerica:NorthAmerica has Denail

  &amp#27;[32mWhen &amp#27;[0m&amp#27;[32mmy user id &amp#27;[0m&amp#27;[32m&amp#27;[1m1&amp#27;[0m&amp#27;[32m with title &amp#27;[0m&amp#27;[32m&amp#27;[1m"NorthAmerica"&amp#27;[0m&amp#27;[32m posts &amp#27;[0m&amp#27;[32m&amp#27;[1m"NorthAmerica has Denail"&amp#27;[0m&amp#27;[32m to modify with patch where post id is &amp#27;[0m&amp#27;[32m&amp#27;[1m2&amp#27;[0m&amp#27;[32m with mt height &amp#27;[0m&amp#27;[32m&amp#27;[1m6190&amp#27;[0m &amp#27;[90m# StepDefinations.BasicCURD_Ops_Definations.my_user_id_with_title_posts_to_modify_with_patch_where_post_id_is_with_mt_height(java.lang.Integer,java.lang.String,java.lang.String,java.lang.Integer,java.lang.Integer)&amp#27;[0m
{
    "userId": 1,
    "id": 2,
    "title": "NorthAmerica",
    "body": "NorthAmerica has Denail",
    "height": 6190
}

    Retreived response is :{
      "userId": 1,
      "id": 2,
      "title": "NorthAmerica",
      "body": "NorthAmerica has Denail",
      "height": 6190
    }

{
    "userId": 1,
    "id": 2,
    "title": "NorthAmerica",
    "body": "NorthAmerica has Denail",
    "height": 6190
}

    validated the response and is :{
      "userId": 1,
      "id": 2,
      "title": "NorthAmerica",
      "body": "NorthAmerica has Denail",
      "height": 6190
    }

  &amp#27;[32mThen &amp#27;[0m&amp#27;[32mthe message status is&amp#27;[0m                                                                                                              &amp#27;[90m# StepDefinations.BasicCURD_Ops_Definations.the_message_status_is()&amp#27;[0m

    Patching the an existing resource is sucessful at postid :2

  &amp#27;[32mAnd &amp#27;[0m&amp#27;[32mI want to verify the if patch is successful&amp#27;[0m                                                                                         &amp#27;[90m# StepDefinations.BasicCURD_Ops_Definations.i_want_to_verify_the_if_patch_is_successful()&amp#27;[0m
This will run after the Scenario
]]></system-out>
  </testcase>
  <testcase name="Example #1.2" classname="Examples" time="0.59">
    <system-out><![CDATA[
Scenario Outline: Updating the message using put                                                                   &amp#27;[90m# src/main/resources/features/UpdatingAnExistingPost.feature:16&amp#27;[0m

    Request to the end point:https://jsonplaceholder.typicode.com/posts

  &amp#27;[32mGiven &amp#27;[0m&amp#27;[32mI am an existing user of the social network&amp#27;[0m                                                                &amp#27;[90m# StepDefinations.BasicCURD_Ops_Definations.i_am_an_existing_user_of_the_social_network()&amp#27;[0m

    Setting header:Content-type=application/json; charset=UTF-8

  &amp#27;[32mAnd &amp#27;[0m&amp#27;[32mhas the  header specification&amp#27;[0m                                                                                &amp#27;[90m# StepDefinations.BasicCURD_Ops_Definations.has_the_header_specification()&amp#27;[0m
POSTID: get 1
  &amp#27;[32mAnd &amp#27;[0m&amp#27;[32mwhen I get the existing resource values with user id  with title where post id is &amp#27;[0m&amp#27;[32m&amp#27;[1m1&amp#27;[0m                          &amp#27;[90m# StepDefinations.BasicCURD_Ops_Definations.when_i_get_the_existing_resource_values_with_user_id_with_title_where_post_id_is(java.lang.Integer)&amp#27;[0m

    Creating a PUT request with values : body:Teak wood is most durable user ID:2 postID: 1 title:Teak wood


    Updating an existing resource  resource post :2:Teak wood:Teak wood is most durable

  &amp#27;[32mWhen &amp#27;[0m&amp#27;[32mmy user id &amp#27;[0m&amp#27;[32m&amp#27;[1m2&amp#27;[0m&amp#27;[32m with title &amp#27;[0m&amp#27;[32m&amp#27;[1m"Teak wood"&amp#27;[0m&amp#27;[32m posts &amp#27;[0m&amp#27;[32m&amp#27;[1m"Teak wood is most durable"&amp#27;[0m&amp#27;[32m to modify with put where post id is &amp#27;[0m&amp#27;[32m&amp#27;[1m1&amp#27;[0m &amp#27;[90m# StepDefinations.BasicCURD_Ops_Definations.my_user_id_with_title_posts_to_modify_with_put_where_post_id_is(java.lang.Integer,java.lang.String,java.lang.String,java.lang.Integer)&amp#27;[0m
{
    "userId": 2,
    "body": "Teak wood is most durable",
    "title": "Teak wood",
    "id": 1,
    "height": 0
}

    Retreived response is :{
      "userId": 2,
      "body": "Teak wood is most durable",
      "title": "Teak wood",
      "id": 1,
      "height": 0
    }

{
    "userId": 2,
    "body": "Teak wood is most durable",
    "title": "Teak wood",
    "id": 1,
    "height": 0
}

    validated the response and is :{
      "userId": 2,
      "body": "Teak wood is most durable",
      "title": "Teak wood",
      "id": 1,
      "height": 0
    }

  &amp#27;[32mThen &amp#27;[0m&amp#27;[32mthe message status is&amp#27;[0m                                                                                       &amp#27;[90m# StepDefinations.BasicCURD_Ops_Definations.the_message_status_is()&amp#27;[0m

    New post successfully created and validated, with status code and the postid is :200,1

  &amp#27;[32mAnd &amp#27;[0m&amp#27;[32mI want to verify the log&amp#27;[0m                                                                                     &amp#27;[90m# StepDefinations.BasicCURD_Ops_Definations.i_want_to_verify_the_log()&amp#27;[0m
This will run after the Scenario
]]></system-out>
  </testcase>
  <testcase name="Example #1.3" classname="Examples" time="0.701">
    <system-out><![CDATA[
Scenario Outline: Deleting the post                                                       &amp#27;[90m# src/main/resources/features/DeleteAnExistingPost.feature:18&amp#27;[0m

    Request to the end point:https://jsonplaceholder.typicode.com/posts

  &amp#27;[32mGiven &amp#27;[0m&amp#27;[32mI am an existing user of the social network&amp#27;[0m                                       &amp#27;[90m# StepDefinations.BasicCURD_Ops_Definations.i_am_an_existing_user_of_the_social_network()&amp#27;[0m

    Setting header:Content-type=application/json; charset=UTF-8

  &amp#27;[32mAnd &amp#27;[0m&amp#27;[32mhas the  header specification&amp#27;[0m                                                       &amp#27;[90m# StepDefinations.BasicCURD_Ops_Definations.has_the_header_specification()&amp#27;[0m
POSTID: get 2
  &amp#27;[32mAnd &amp#27;[0m&amp#27;[32mwhen I get the existing resource values with user id  with title where post id is &amp#27;[0m&amp#27;[32m&amp#27;[1m2&amp#27;[0m &amp#27;[90m# StepDefinations.BasicCURD_Ops_Definations.when_i_get_the_existing_resource_values_with_user_id_with_title_where_post_id_is(java.lang.Integer)&amp#27;[0m

    Deleting the an existing resource  resource post :2

  &amp#27;[32mWhen &amp#27;[0m&amp#27;[32mdelete where post id is &amp#27;[0m&amp#27;[32m&amp#27;[1m2&amp#27;[0m                                                          &amp#27;[90m# StepDefinations.BasicCURD_Ops_Definations.delete_where_post_id_is(java.lang.Integer)&amp#27;[0m
{
    
}

    Retreived response is :{}

{
    
}

    validated the response and is :{}

  &amp#27;[32mThen &amp#27;[0m&amp#27;[32mthe message status is&amp#27;[0m                                                              &amp#27;[90m# StepDefinations.BasicCURD_Ops_Definations.the_message_status_is()&amp#27;[0m
HTTP/1.1 200 OK
Date: Sun, 22 Jan 2023 00:49:06 GMT
Content-Type: application/json; charset=utf-8
Content-Length: 2
Connection: keep-alive
X-Powered-By: Express
X-Ratelimit-Limit: 1000
X-Ratelimit-Remaining: 997
X-Ratelimit-Reset: 1674348583
Vary: Origin, Accept-Encoding
Access-Control-Allow-Credentials: true
Cache-Control: no-cache
Pragma: no-cache
Expires: -1
X-Content-Type-Options: nosniff
Etag: W/"2-vyGp6PvFo4RvsFtPoIWeCReyIC8"
Via: 1.1 vegur
CF-Cache-Status: DYNAMIC
Server-Timing: cf-q-config;dur=5.0000016926788e-06
Report-To: {"endpoints":[{"url":"https:\/\/a.nel.cloudflare.com\/report\/v3?s=MRdRPiDM2VAjTGDwQ6Ke4vYyHJoouf4uDKMedUbas3Cfxnq%2FWSKIpgurBdxVcmbR3va3hk0qHps2B3sHDM0HBPzz8HTIiYnpvI%2BVZputV6BF0szP98yIpWslWTWpnzlaDHqC52aj2AkpCverp%2FAJ"}],"group":"cf-nel","max_age":604800}
NEL: {"success_fraction":0,"report_to":"cf-nel","max_age":604800}
Server: cloudflare
CF-RAY: 78d449aefdc10046-WAW
alt-svc: h3=":443"; ma=86400, h3-29=":443"; ma=86400

{
    
}

    the post is deleted sucessfully with postid :2Response of the body is emptyio.restassured.internal.ValidatableResponseImpl@2404b5a

  &amp#27;[32mAnd &amp#27;[0m&amp#27;[32mI want to verify the post deleted&amp#27;[0m                                                   &amp#27;[90m# StepDefinations.BasicCURD_Ops_Definations.i_want_to_verify_the_post_deleted()&amp#27;[0m
This will run after the Scenario
]]></system-out>
  </testcase>
  <testcase name="Example #1.3" classname="Examples" time="0.728">
    <system-out><![CDATA[
Scenario Outline: Updating the message using patching                                                                              &amp#27;[90m# src/main/resources/features/PatchingAnExistingResource.feature:16&amp#27;[0m

    Request to the end point:https://jsonplaceholder.typicode.com/posts

  &amp#27;[32mGiven &amp#27;[0m&amp#27;[32mI am an existing user of the social network&amp#27;[0m                                                                                &amp#27;[90m# StepDefinations.BasicCURD_Ops_Definations.i_am_an_existing_user_of_the_social_network()&amp#27;[0m

    Setting header:Content-type=application/json; charset=UTF-8

  &amp#27;[32mAnd &amp#27;[0m&amp#27;[32mhas the  header specification&amp#27;[0m                                                                                                &amp#27;[90m# StepDefinations.BasicCURD_Ops_Definations.has_the_header_specification()&amp#27;[0m
POSTID: get 3
  &amp#27;[32mAnd &amp#27;[0m&amp#27;[32mwhen I get the existing resource values with user id  with title where post id is &amp#27;[0m&amp#27;[32m&amp#27;[1m3&amp#27;[0m                                          &amp#27;[90m# StepDefinations.BasicCURD_Ops_Definations.when_i_get_the_existing_resource_values_with_user_id_with_title_where_post_id_is(java.lang.Integer)&amp#27;[0m
PATCHIND:3
1****Africa****Africa has KiliManjaro****3****5895

    Creating a PATCH request with values : body:Africa has KiliManjaro user ID:1 postID: 3 title:Africa


    Patching the an existing resource  :1:Africa:Africa has KiliManjaro

  &amp#27;[32mWhen &amp#27;[0m&amp#27;[32mmy user id &amp#27;[0m&amp#27;[32m&amp#27;[1m1&amp#27;[0m&amp#27;[32m with title &amp#27;[0m&amp#27;[32m&amp#27;[1m"Africa"&amp#27;[0m&amp#27;[32m posts &amp#27;[0m&amp#27;[32m&amp#27;[1m"Africa has KiliManjaro"&amp#27;[0m&amp#27;[32m to modify with patch where post id is &amp#27;[0m&amp#27;[32m&amp#27;[1m3&amp#27;[0m&amp#27;[32m with mt height &amp#27;[0m&amp#27;[32m&amp#27;[1m5895&amp#27;[0m &amp#27;[90m# StepDefinations.BasicCURD_Ops_Definations.my_user_id_with_title_posts_to_modify_with_patch_where_post_id_is_with_mt_height(java.lang.Integer,java.lang.String,java.lang.String,java.lang.Integer,java.lang.Integer)&amp#27;[0m
{
    "userId": 1,
    "id": 3,
    "title": "Africa",
    "body": "Africa has KiliManjaro",
    "height": 5895
}

    Retreived response is :{
      "userId": 1,
      "id": 3,
      "title": "Africa",
      "body": "Africa has KiliManjaro",
      "height": 5895
    }

{
    "userId": 1,
    "id": 3,
    "title": "Africa",
    "body": "Africa has KiliManjaro",
    "height": 5895
}

    validated the response and is :{
      "userId": 1,
      "id": 3,
      "title": "Africa",
      "body": "Africa has KiliManjaro",
      "height": 5895
    }

  &amp#27;[32mThen &amp#27;[0m&amp#27;[32mthe message status is&amp#27;[0m                                                                                                       &amp#27;[90m# StepDefinations.BasicCURD_Ops_Definations.the_message_status_is()&amp#27;[0m

    Patching the an existing resource is sucessful at postid :3

  &amp#27;[32mAnd &amp#27;[0m&amp#27;[32mI want to verify the if patch is successful&amp#27;[0m                                                                                  &amp#27;[90m# StepDefinations.BasicCURD_Ops_Definations.i_want_to_verify_the_if_patch_is_successful()&amp#27;[0m
This will run after the Scenario
]]></system-out>
  </testcase>
  <testcase name="Example #1.3" classname="Examples" time="0.617">
    <system-out><![CDATA[
Scenario Outline: Updating the message using put                                                                               &amp#27;[90m# src/main/resources/features/UpdatingAnExistingPost.feature:17&amp#27;[0m

    Request to the end point:https://jsonplaceholder.typicode.com/posts

  &amp#27;[32mGiven &amp#27;[0m&amp#27;[32mI am an existing user of the social network&amp#27;[0m                                                                            &amp#27;[90m# StepDefinations.BasicCURD_Ops_Definations.i_am_an_existing_user_of_the_social_network()&amp#27;[0m

    Setting header:Content-type=application/json; charset=UTF-8

  &amp#27;[32mAnd &amp#27;[0m&amp#27;[32mhas the  header specification&amp#27;[0m                                                                                            &amp#27;[90m# StepDefinations.BasicCURD_Ops_Definations.has_the_header_specification()&amp#27;[0m
POSTID: get 1
  &amp#27;[32mAnd &amp#27;[0m&amp#27;[32mwhen I get the existing resource values with user id  with title where post id is &amp#27;[0m&amp#27;[32m&amp#27;[1m1&amp#27;[0m                                      &amp#27;[90m# StepDefinations.BasicCURD_Ops_Definations.when_i_get_the_existing_resource_values_with_user_id_with_title_where_post_id_is(java.lang.Integer)&amp#27;[0m

    Creating a PUT request with values : body:Acacia is an extremely durable wood user ID:2 postID: 1 title:Acacia Wood


    Updating an existing resource  resource post :2:Acacia Wood:Acacia is an extremely durable wood

  &amp#27;[32mWhen &amp#27;[0m&amp#27;[32mmy user id &amp#27;[0m&amp#27;[32m&amp#27;[1m2&amp#27;[0m&amp#27;[32m with title &amp#27;[0m&amp#27;[32m&amp#27;[1m"Acacia Wood"&amp#27;[0m&amp#27;[32m posts &amp#27;[0m&amp#27;[32m&amp#27;[1m"Acacia is an extremely durable wood"&amp#27;[0m&amp#27;[32m to modify with put where post id is &amp#27;[0m&amp#27;[32m&amp#27;[1m1&amp#27;[0m &amp#27;[90m# StepDefinations.BasicCURD_Ops_Definations.my_user_id_with_title_posts_to_modify_with_put_where_post_id_is(java.lang.Integer,java.lang.String,java.lang.String,java.lang.Integer)&amp#27;[0m
{
    "userId": 2,
    "body": "Acacia is an extremely durable wood",
    "title": "Acacia Wood",
    "id": 1,
    "height": 0
}

    Retreived response is :{
      "userId": 2,
      "body": "Acacia is an extremely durable wood",
      "title": "Acacia Wood",
      "id": 1,
      "height": 0
    }

{
    "userId": 2,
    "body": "Acacia is an extremely durable wood",
    "title": "Acacia Wood",
    "id": 1,
    "height": 0
}

    validated the response and is :{
      "userId": 2,
      "body": "Acacia is an extremely durable wood",
      "title": "Acacia Wood",
      "id": 1,
      "height": 0
    }

  &amp#27;[32mThen &amp#27;[0m&amp#27;[32mthe message status is&amp#27;[0m                                                                                                   &amp#27;[90m# StepDefinations.BasicCURD_Ops_Definations.the_message_status_is()&amp#27;[0m

    New post successfully created and validated, with status code and the postid is :200,1

  &amp#27;[32mAnd &amp#27;[0m&amp#27;[32mI want to verify the log&amp#27;[0m                                                                                                 &amp#27;[90m# StepDefinations.BasicCURD_Ops_Definations.i_want_to_verify_the_log()&amp#27;[0m
This will run after the Scenario
]]></system-out>
  </testcase>
  <testcase name="Example #1.3" classname="Examples" time="0.606">
    <system-out><![CDATA[
Scenario Outline: Deleting the post                                                       &amp#27;[90m# src/main/resources/features/DeleteAnExistingPost.feature:18&amp#27;[0m

    Request to the end point:https://jsonplaceholder.typicode.com/posts

[...]
{
    "userId": 2,
    "id": 11,
    "title": "Europe",
    "body": "Europe has Mont Blanc",
    "height": 4809
}

    Retreived response is :{
      "userId": 2,
      "id": 11,
      "title": "Europe",
      "body": "Europe has Mont Blanc",
      "height": 4809
    }

{
    "userId": 2,
    "id": 11,
    "title": "Europe",
    "body": "Europe has Mont Blanc",
    "height": 4809
}

    validated the response and is :{
      "userId": 2,
      "id": 11,
      "title": "Europe",
      "body": "Europe has Mont Blanc",
      "height": 4809
    }

  &amp#27;[32mThen &amp#27;[0m&amp#27;[32mthe message status is&amp#27;[0m                                                                                                       &amp#27;[90m# StepDefinations.BasicCURD_Ops_Definations.the_message_status_is()&amp#27;[0m

    Patching the an existing resource is sucessful at postid :11

  &amp#27;[32mAnd &amp#27;[0m&amp#27;[32mI want to verify the if patch is successful&amp#27;[0m                                                                                  &amp#27;[90m# StepDefinations.BasicCURD_Ops_Definations.i_want_to_verify_the_if_patch_is_successful()&amp#27;[0m
This will run after the Scenario
]]></system-out>
  </testcase>
  <testcase name="Example #1.4" classname="Examples" time="0.607">
    <system-out><![CDATA[
Scenario Outline: Updating the message using patching                                                                              &amp#27;[90m# src/main/resources/features/PatchingAnExistingResource.feature:17&amp#27;[0m

    Request to the end point:https://jsonplaceholder.typicode.com/posts

  &amp#27;[32mGiven &amp#27;[0m&amp#27;[32mI am an existing user of the social network&amp#27;[0m                                                                                &amp#27;[90m# StepDefinations.BasicCURD_Ops_Definations.i_am_an_existing_user_of_the_social_network()&amp#27;[0m

    Setting header:Content-type=application/json; charset=UTF-8

  &amp#27;[32mAnd &amp#27;[0m&amp#27;[32mhas the  header specification&amp#27;[0m                                                                                                &amp#27;[90m# StepDefinations.BasicCURD_Ops_Definations.has_the_header_specification()&amp#27;[0m
POSTID: get 11
  &amp#27;[32mAnd &amp#27;[0m&amp#27;[32mwhen I get the existing resource values with user id  with title where post id is &amp#27;[0m&amp#27;[32m&amp#27;[1m11&amp#27;[0m                                         &amp#27;[90m# StepDefinations.BasicCURD_Ops_Definations.when_i_get_the_existing_resource_values_with_user_id_with_title_where_post_id_is(java.lang.Integer)&amp#27;[0m
PATCHIND:11
2****Europe****Europe has Mont Blanc****11****4809

    Creating a PATCH request with values : body:Europe has Mont Blanc user ID:2 postID: 11 title:Europe


    Patching the an existing resource  :2:Europe:Europe has Mont Blanc

  &amp#27;[32mWhen &amp#27;[0m&amp#27;[32mmy user id &amp#27;[0m&amp#27;[32m&amp#27;[1m2&amp#27;[0m&amp#27;[32m with title &amp#27;[0m&amp#27;[32m&amp#27;[1m"Europe"&amp#27;[0m&amp#27;[32m posts &amp#27;[0m&amp#27;[32m&amp#27;[1m"Europe has Mont Blanc"&amp#27;[0m&amp#27;[32m to modify with patch where post id is &amp#27;[0m&amp#27;[32m&amp#27;[1m11&amp#27;[0m&amp#27;[32m with mt height &amp#27;[0m&amp#27;[32m&amp#27;[1m4809&amp#27;[0m &amp#27;[90m# StepDefinations.BasicCURD_Ops_Definations.my_user_id_with_title_posts_to_modify_with_patch_where_post_id_is_with_mt_height(java.lang.Integer,java.lang.String,java.lang.String,java.lang.Integer,java.lang.Integer)&amp#27;[0m
{
    "userId": 2,
    "id": 11,
    "title": "Europe",
    "body": "Europe has Mont Blanc",
    "height": 4809
}

    Retreived response is :{
      "userId": 2,
      "id": 11,
      "title": "Europe",
      "body": "Europe has Mont Blanc",
      "height": 4809
    }

{
    "userId": 2,
    "id": 11,
    "title": "Europe",
    "body": "Europe has Mont Blanc",
    "height": 4809
}

    validated the response and is :{
      "userId": 2,
      "id": 11,
      "title": "Europe",
      "body": "Europe has Mont Blanc",
      "height": 4809
    }

  &amp#27;[32mThen &amp#27;[0m&amp#27;[32mthe message status is&amp#27;[0m                                                                                                       &amp#27;[90m# StepDefinations.BasicCURD_Ops_Definations.the_message_status_is()&amp#27;[0m

    Patching the an existing resource is sucessful at postid :11

  &amp#27;[32mAnd &amp#27;[0m&amp#27;[32mI want to verify the if patch is successful&amp#27;[0m                                                                                  &amp#27;[90m# StepDefinations.BasicCURD_Ops_Definations.i_want_to_verify_the_if_patch_is_successful()&amp#27;[0m
This will run after the Scenario
]]></system-out>
  </testcase>
  <testcase name="verify the comments under single post" classname="I want to verify endpoint services using different query parameters" time="0.295">
    <system-out><![CDATA[
Scenario: verify the comments under single post             &amp#27;[90m# src/main/resources/features/FilteringthroughQueryParams.feature:10&amp#27;[0m
  &amp#27;[32mGiven &amp#27;[0m&amp#27;[32mI am a user&amp#27;[0m                                         &amp#27;[90m# StepDefinations.FilterOptionsDefinations.i_am_a_user()&amp#27;[0m
  &amp#27;[32mWhen &amp#27;[0m&amp#27;[32mI want to read the comments under postid <postid>&amp#27;[0m    &amp#27;[90m# StepDefinations.FilterOptionsDefinations.i_want_to_read_the_comments_under_postid_postid(io.cucumber.datatable.DataTable)&amp#27;[0m
    | postid |
    | 1      |

    Comment size for the user is expected :5

  &amp#27;[32mThen &amp#27;[0m&amp#27;[32mI validate that <commentscount> comments are present&amp#27;[0m &amp#27;[90m# StepDefinations.FilterOptionsDefinations.i_validate_that_commentscount_comments_are_present(io.cucumber.datatable.DataTable)&amp#27;[0m
    | commentscount |
    | 5             |
[
  {
    "postId": 1,
    "id": 1,
    "name": "id labore ex et quam laborum",
    "email": "Eliseo@gardner.biz",
    "body": "laudantium enim quasi est quidem magnam voluptate ipsam eos\ntempora quo necessitatibus\ndolor quam autem quasi\nreiciendis et nam sapiente accusantium"
  },
  {
    "postId": 1,
    "id": 2,
    "name": "quo vero reiciendis velit similique earum",
    "email": "Jayne_Kuhic@sydney.com",
    "body": "est natus enim nihil est dolore omnis voluptatem numquam\net omnis occaecati quod ullam at\nvoluptatem error expedita pariatur\nnihil sint nostrum voluptatem reiciendis et"
  },
  {
    "postId": 1,
    "id": 3,
    "name": "odio adipisci rerum aut animi",
    "email": "Nikita@garfield.biz",
    "body": "quia molestiae reprehenderit quasi aspernatur\naut expedita occaecati aliquam eveniet laudantium\nomnis quibusdam delectus saepe quia accusamus maiores nam est\ncum et ducimus et vero voluptates excepturi deleniti ratione"
  },
  {
    "postId": 1,
    "id": 4,
    "name": "alias odio sit",
    "email": "Lew@alysha.tv",
    "body": "non et atque\noccaecati deserunt quas accusantium unde odit nobis qui voluptatem\nquia voluptas consequuntur itaque dolor\net qui rerum deleniti ut occaecati"
  },
  {
    "postId": 1,
    "id": 5,
    "name": "vero eaque aliquid doloribus et culpa",
    "email": "Hayden@althea.biz",
    "body": "harum non quasi et ratione\ntempore iure ex voluptates in ratione\nharum architecto fugit inventore cupiditate\nvoluptates magni quo et"
  }
]


    the Comments for the post are verified

  &amp#27;[32mAnd &amp#27;[0m&amp#27;[32mvalidate the response&amp#27;[0m                                 &amp#27;[90m# StepDefinations.FilterOptionsDefinations.validate_the_response()&amp#27;[0m
This will run after the Scenario
]]></system-out>
  </testcase>
  <testcase name="verify the comments under single post" classname="I want to verify endpoint services using different query parameters" time="0.186">
    <system-out><![CDATA[
Scenario: verify the comments under single post             &amp#27;[90m# src/main/resources/features/FilteringthroughQueryParams.feature:10&amp#27;[0m
  &amp#27;[32mGiven &amp#27;[0m&amp#27;[32mI am a user&amp#27;[0m                                         &amp#27;[90m# StepDefinations.FilterOptionsDefinations.i_am_a_user()&amp#27;[0m
  &amp#27;[32mWhen &amp#27;[0m&amp#27;[32mI want to read the comments under postid <postid>&amp#27;[0m    &amp#27;[90m# StepDefinations.FilterOptionsDefinations.i_want_to_read_the_comments_under_postid_postid(io.cucumber.datatable.DataTable)&amp#27;[0m
    | postid |
    | 1      |

    Comment size for the user is expected :5

  &amp#27;[32mThen &amp#27;[0m&amp#27;[32mI validate that <commentscount> comments are present&amp#27;[0m &amp#27;[90m# StepDefinations.FilterOptionsDefinations.i_validate_that_commentscount_comments_are_present(io.cucumber.datatable.DataTable)&amp#27;[0m
    | commentscount |
    | 5             |
[
  {
    "postId": 1,
    "id": 1,
    "name": "id labore ex et quam laborum",
    "email": "Eliseo@gardner.biz",
    "body": "laudantium enim quasi est quidem magnam voluptate ipsam eos\ntempora quo necessitatibus\ndolor quam autem quasi\nreiciendis et nam sapiente accusantium"
  },
  {
    "postId": 1,
    "id": 2,
    "name": "quo vero reiciendis velit similique earum",
    "email": "Jayne_Kuhic@sydney.com",
    "body": "est natus enim nihil est dolore omnis voluptatem numquam\net omnis occaecati quod ullam at\nvoluptatem error expedita pariatur\nnihil sint nostrum voluptatem reiciendis et"
  },
  {
    "postId": 1,
    "id": 3,
    "name": "odio adipisci rerum aut animi",
    "email": "Nikita@garfield.biz",
    "body": "quia molestiae reprehenderit quasi aspernatur\naut expedita occaecati aliquam eveniet laudantium\nomnis quibusdam delectus saepe quia accusamus maiores nam est\ncum et ducimus et vero voluptates excepturi deleniti ratione"
  },
  {
    "postId": 1,
    "id": 4,
    "name": "alias odio sit",
    "email": "Lew@alysha.tv",
    "body": "non et atque\noccaecati deserunt quas accusantium unde odit nobis qui voluptatem\nquia voluptas consequuntur itaque dolor\net qui rerum deleniti ut occaecati"
  },
  {
    "postId": 1,
    "id": 5,
    "name": "vero eaque aliquid doloribus et culpa",
    "email": "Hayden@althea.biz",
    "body": "harum non quasi et ratione\ntempore iure ex voluptates in ratione\nharum architecto fugit inventore cupiditate\nvoluptates magni quo et"
  }
]


    the Comments for the post are verified

  &amp#27;[32mAnd &amp#27;[0m&amp#27;[32mvalidate the response&amp#27;[0m                                 &amp#27;[90m# StepDefinations.FilterOptionsDefinations.validate_the_response()&amp#27;[0m
This will run after the Scenario
]]></system-out>
  </testcase>
  <testcase name="verify the posts by a user" classname="I want to verify endpoint services using different query parameters" time="0.458">
    <system-out><![CDATA[
Scenario: verify the posts by a user                         &amp#27;[90m# src/main/resources/features/FilteringthroughQueryParams.feature:19&amp#27;[0m
  &amp#27;[32mGiven &amp#27;[0m&amp#27;[32mI am a user&amp#27;[0m                                          &amp#27;[90m# StepDefinations.FilterOptionsDefinations.i_am_a_user()&amp#27;[0m
  &amp#27;[32mWhen &amp#27;[0m&amp#27;[32mI want to read the users userid <userid> filter posts&amp#27;[0m &amp#27;[90m# StepDefinations.FilterOptionsDefinations.i_want_to_read_the_users_userid_userid_filter_posts(io.cucumber.datatable.DataTable)&amp#27;[0m
    | userid |
    | 1      |
  &amp#27;[32mAnd &amp#27;[0m&amp#27;[32mI want to read the posts filter by user <userid>&amp#27;[0m       &amp#27;[90m# StepDefinations.FilterOptionsDefinations.i_want_to_read_the_posts_filter_by_user_userid(io.cucumber.datatable.DataTable)&amp#27;[0m
    | userid |
    | 1      |

    Comment size for the user is expected :10

  &amp#27;[32mThen &amp#27;[0m&amp#27;[32mvalidate that total posts are <postscount>&amp#27;[0m            &amp#27;[90m# StepDefinations.FilterOptionsDefinations.validate_that_total_posts_are_postscount(io.cucumber.datatable.DataTable)&amp#27;[0m
    | postscount |
    | 10         |

    the posts by the user is verified


    the posts by the user is verified

  &amp#27;[32mAnd &amp#27;[0m&amp#27;[32mvalidate the responses and both end points&amp#27;[0m             &amp#27;[90m# StepDefinations.FilterOptionsDefinations.validate_the_responses_and_both_end_points()&amp#27;[0m
This will run after the Scenario
]]></system-out>
  </testcase>
  <testcase name="verify the posts by a user" classname="I want to verify endpoint services using different query parameters" time="0.351">
    <system-out><![CDATA[
Scenario: verify the posts by a user                         &amp#27;[90m# src/main/resources/features/FilteringthroughQueryParams.feature:19&amp#27;[0m
  &amp#27;[32mGiven &amp#27;[0m&amp#27;[32mI am a user&amp#27;[0m                                          &amp#27;[90m# StepDefinations.FilterOptionsDefinations.i_am_a_user()&amp#27;[0m
  &amp#27;[32mWhen &amp#27;[0m&amp#27;[32mI want to read the users userid <userid> filter posts&amp#27;[0m &amp#27;[90m# StepDefinations.FilterOptionsDefinations.i_want_to_read_the_users_userid_userid_filter_posts(io.cucumber.datatable.DataTable)&amp#27;[0m
    | userid |
    | 1      |
  &amp#27;[32mAnd &amp#27;[0m&amp#27;[32mI want to read the posts filter by user <userid>&amp#27;[0m       &amp#27;[90m# StepDefinations.FilterOptionsDefinations.i_want_to_read_the_posts_filter_by_user_userid(io.cucumber.datatable.DataTable)&amp#27;[0m
    | userid |
    | 1      |

    Comment size for the user is expected :10

  &amp#27;[32mThen &amp#27;[0m&amp#27;[32mvalidate that total posts are <postscount>&amp#27;[0m            &amp#27;[90m# StepDefinations.FilterOptionsDefinations.validate_that_total_posts_are_postscount(io.cucumber.datatable.DataTable)&amp#27;[0m
    | postscount |
    | 10         |

    the posts by the user is verified


    the posts by the user is verified

  &amp#27;[32mAnd &amp#27;[0m&amp#27;[32mvalidate the responses and both end points&amp#27;[0m             &amp#27;[90m# StepDefinations.FilterOptionsDefinations.validate_the_responses_and_both_end_points()&amp#27;[0m
This will run after the Scenario
]]></system-out>
  </testcase>
  <testcase name="verify the comments by a filtering postid" classname="I want to verify endpoint services using different query parameters" time="0.408">
    <system-out><![CDATA[
Scenario: verify the comments by a filtering postid           &amp#27;[90m# src/main/resources/features/FilteringthroughQueryParams.feature:31&amp#27;[0m
  &amp#27;[32mGiven &amp#27;[0m&amp#27;[32mI am a user&amp#27;[0m                                           &amp#27;[90m# StepDefinations.FilterOptionsDefinations.i_am_a_user()&amp#27;[0m
  &amp#27;[32mWhen &amp#27;[0m&amp#27;[32mI want to read the comments with <postid> filter posts&amp#27;[0m &amp#27;[90m# StepDefinations.FilterOptionsDefinations.i_want_to_read_the_comments_with_postid_filter_posts(io.cucumber.datatable.DataTable)&amp#27;[0m
    | postid |
    | 3      |
  &amp#27;[32mAnd &amp#27;[0m&amp#27;[32mI want to read the comments filter by postid <postid>&amp#27;[0m   &amp#27;[90m# StepDefinations.FilterOptionsDefinations.i_want_to_read_the_comments_filter_by_postid_postid(io.cucumber.datatable.DataTable)&amp#27;[0m
    | userid |
    | 3      |

    Comment size for the user is expected :5

  &amp#27;[32mThen &amp#27;[0m&amp#27;[32mvalidate that total posts are <postscount>&amp#27;[0m             &amp#27;[90m# StepDefinations.FilterOptionsDefinations.validate_that_total_posts_are_postscount(io.cucumber.datatable.DataTable)&amp#27;[0m
    | postscount |
    | 5          |

    the posts by the user is verified


    the posts by the user is verified

  &amp#27;[32mAnd &amp#27;[0m&amp#27;[32mvalidate the responses and both end points&amp#27;[0m              &amp#27;[90m# StepDefinations.FilterOptionsDefinations.validate_the_responses_and_both_end_points()&amp#27;[0m
This will run after the Scenario
]]></system-out>
  </testcase>
  <testcase name="verify the comments by a filtering postid" classname="I want to verify endpoint services using different query parameters" time="0.364">
    <system-out><![CDATA[
Scenario: verify the comments by a filtering postid           &amp#27;[90m# src/main/resources/features/FilteringthroughQueryParams.feature:31&amp#27;[0m
  &amp#27;[32mGiven &amp#27;[0m&amp#27;[32mI am a user&amp#27;[0m                                           &amp#27;[90m# StepDefinations.FilterOptionsDefinations.i_am_a_user()&amp#27;[0m
  &amp#27;[32mWhen &amp#27;[0m&amp#27;[32mI want to read the comments with <postid> filter posts&amp#27;[0m &amp#27;[90m# StepDefinations.FilterOptionsDefinations.i_want_to_read_the_comments_with_postid_filter_posts(io.cucumber.datatable.DataTable)&amp#27;[0m
    | postid |
    | 3      |
  &amp#27;[32mAnd &amp#27;[0m&amp#27;[32mI want to read the comments filter by postid <postid>&amp#27;[0m   &amp#27;[90m# StepDefinations.FilterOptionsDefinations.i_want_to_read_the_comments_filter_by_postid_postid(io.cucumber.datatable.DataTable)&amp#27;[0m
    | userid |
    | 3      |

    Comment size for the user is expected :5

  &amp#27;[32mThen &amp#27;[0m&amp#27;[32mvalidate that total posts are <postscount>&amp#27;[0m             &amp#27;[90m# StepDefinations.FilterOptionsDefinations.validate_that_total_posts_are_postscount(io.cucumber.datatable.DataTable)&amp#27;[0m
    | postscount |
    | 5          |

    the posts by the user is verified


    the posts by the user is verified

  &amp#27;[32mAnd &amp#27;[0m&amp#27;[32mvalidate the responses and both end points&amp#27;[0m              &amp#27;[90m# StepDefinations.FilterOptionsDefinations.validate_the_responses_and_both_end_points()&amp#27;[0m
This will run after the Scenario
]]></system-out>
  </testcase>
  <testcase name="I want to read the posts and the details" classname="I want to read the posts" time="0.185">
    <system-out><![CDATA[
@qa
Scenario: I want to read the posts and the details &amp#27;[90m# src/main/resources/features/GetTheExistingPostDetails.feature:4&amp#27;[0m

    End point url of the posts is :https://jsonplaceholder.typicode.com/posts

  &amp#27;[32mGiven &amp#27;[0m&amp#27;[32mI am an user of the social network&amp#27;[0m         &amp#27;[90m# StepDefinations.ReadingExistngPostDetailsDefns.i_am_an_user_of_the_social_network()&amp#27;[0m
  &amp#27;[32mWhen &amp#27;[0m&amp#27;[32mI can access the posts&amp#27;[0m                      &amp#27;[90m# StepDefinations.ReadingExistngPostDetailsDefns.i_can_access_the_posts()&amp#27;[0m
  &amp#27;[32mThen &amp#27;[0m&amp#27;[32mI want to read the posts&amp#27;[0m                    &amp#27;[90m# StepDefinations.ReadingExistngPostDetailsDefns.i_want_to_read_the_posts()&amp#27;[0m
This will run after the Scenario
]]></system-out>
  </testcase>
  <testcase name="I want to read the posts and the details" classname="I want to read the posts" time="0.172">
    <system-out><![CDATA[
@qa
Scenario: I want to read the posts and the details &amp#27;[90m# src/main/resources/features/GetTheExistingPostDetails.feature:4&amp#27;[0m

    End point url of the posts is :https://jsonplaceholder.typicode.com/posts

  &amp#27;[32mGiven &amp#27;[0m&amp#27;[32mI am an user of the social network&amp#27;[0m         &amp#27;[90m# StepDefinations.ReadingExistngPostDetailsDefns.i_am_an_user_of_the_social_network()&amp#27;[0m
  &amp#27;[32mWhen &amp#27;[0m&amp#27;[32mI can access the posts&amp#27;[0m                      &amp#27;[90m# StepDefinations.ReadingExistngPostDetailsDefns.i_can_access_the_posts()&amp#27;[0m
  &amp#27;[32mThen &amp#27;[0m&amp#27;[32mI want to read the posts&amp#27;[0m                    &amp#27;[90m# StepDefinations.ReadingExistngPostDetailsDefns.i_want_to_read_the_posts()&amp#27;[0m
This will run after the Scenario
]]></system-out>
  </testcase>
</testsuite>