<?xml version="1.0" encoding="UTF-8"?>
<testsuite xmlns:xsi="http://www.w3.org/2001/XMLSchema-instance" xsi:noNamespaceSchemaLocation="https://maven.apache.org/surefire/maven-surefire-plugin/xsd/surefire-test-report-3.0.xsd" version="3.0" name="NetworkRunner.RunnableTests" time="8.273" tests="28" errors="0" skipped="0" failures="10">
  <properties>
[...]
</properties>
  <testcase name="Example #1.1" classname="Examples" time="5.926">
    <system-out><![CDATA[
Scenario Outline: Deleting the post                                                       &amp#27;[90m# src/main/resources/features/DeleteAnExistingPost.feature:14&amp#27;[0m

    Request to the end point:https://jsonplaceholder.typicode.com/posts

  &amp#27;[32mGiven &amp#27;[0m&amp#27;[32mI am an existing user of the social network&amp#27;[0m                                       &amp#27;[90m# StepDefinations.NewPostsbyexistinguser_UpdationPostsDefns.i_am_an_existing_user_of_the_social_network()&amp#27;[0m

    Setting header:Content-type=application/json; charset=UTF-8

  &amp#27;[32mAnd &amp#27;[0m&amp#27;[32mhas the  header specification&amp#27;[0m                                                       &amp#27;[90m# StepDefinations.NewPostsbyexistinguser_UpdationPostsDefns.has_the_header_specification()&amp#27;[0m
POSTID: get 1
  &amp#27;[32mAnd &amp#27;[0m&amp#27;[32mwhen I get the existing resource values with user id  with title where post id is &amp#27;[0m&amp#27;[32m&amp#27;[1m1&amp#27;[0m &amp#27;[90m# StepDefinations.NewPostsbyexistinguser_UpdationPostsDefns.when_i_get_the_existing_resource_values_with_user_id_with_title_where_post_id_is(java.lang.Integer)&amp#27;[0m

    Deleting the an existing resource  resource post :1

  &amp#27;[32mWhen &amp#27;[0m&amp#27;[32mdelete where post id is &amp#27;[0m&amp#27;[32m&amp#27;[1m1&amp#27;[0m                                                          &amp#27;[90m# StepDefinations.NewPostsbyexistinguser_UpdationPostsDefns.delete_where_post_id_is(java.lang.Integer)&amp#27;[0m
{
    
}

    Retreived response is :{}

{
    
}

    validated the response and is :{}

  &amp#27;[32mThen &amp#27;[0m&amp#27;[32mthe message status is&amp#27;[0m                                                              &amp#27;[90m# StepDefinations.NewPostsbyexistinguser_UpdationPostsDefns.the_message_status_is()&amp#27;[0m
HTTP/1.1 200 OK
Date: Sat, 21 Jan 2023 16:21:18 GMT
Content-Type: application/json; charset=utf-8
Content-Length: 2
Connection: keep-alive
X-Powered-By: Express
X-Ratelimit-Limit: 1000
X-Ratelimit-Remaining: 999
X-Ratelimit-Reset: 1674318103
Vary: Origin, Accept-Encoding
Access-Control-Allow-Credentials: true
Cache-Control: no-cache
Pragma: no-cache
Expires: -1
X-Content-Type-Options: nosniff
Etag: W/"2-vyGp6PvFo4RvsFtPoIWeCReyIC8"
Via: 1.1 vegur
CF-Cache-Status: DYNAMIC
Server-Timing: cf-q-config;dur=5.0000016926788e-06
Report-To: {"endpoints":[{"url":"https:\/\/a.nel.cloudflare.com\/report\/v3?s=jl7NdP0P%2BIkUEzRHKZBhmRXCu8St3yt1wCkAm0fEYVZ221VBCCAfHCviZa6WugD3FER8zytgYJ%2BHR8%2BtoH3zs5CngJaPEHmYCOGAWR1qCeJXFhLyDLojIlhUGlkWuIom4M9EUT7oIE6PerOPNaQV"}],"group":"cf-nel","max_age":604800}
NEL: {"success_fraction":0,"report_to":"cf-nel","max_age":604800}
Server: cloudflare
CF-RAY: 78d161d55bcbbf5b-WAW
alt-svc: h3=":443"; ma=86400, h3-29=":443"; ma=86400

{
    
}

    the post is deleted sucessfully with postid :1Response of the body is emptyio.restassured.internal.ValidatableResponseImpl@608b1fd2

  &amp#27;[32mAnd &amp#27;[0m&amp#27;[32mI want to verify the post deleted&amp#27;[0m                                                   &amp#27;[90m# StepDefinations.NewPostsbyexistinguser_UpdationPostsDefns.i_want_to_verify_the_post_deleted()&amp#27;[0m
This will run after the Scenario
]]></system-out>
    <system-err><![CDATA[Jan 21, 2023 5:21:12 PM io.cucumber.junit.platform.engine.DiscoverySelectorResolver warnWhenCucumberFeaturesPropertyIsUsed
WARNING: Discovering tests using the cucumber.features property. Other discovery selectors are ignored!
Please request/upvote/sponsor/ect better support for JUnit 5 discovery selectors.
See: https://github.com/cucumber/cucumber-jvm/pull/2498
]]></system-err>
  </testcase>
  <testcase name="Example #1.1" classname="Examples" time="0.707">
    <failure message="1 expectation failed.&#10;JSON path [0].name doesn&apos;t match.&#10;Expected: quo vero reiciendis velit similique earum&#10;  Actual: id labore ex et quam laborum&#10;" type="java.lang.AssertionError"><![CDATA[java.lang.AssertionError: 
1 expectation failed.
JSON path [0].name doesn't match.
Expected: quo vero reiciendis velit similique earum
  Actual: id labore ex et quam laborum

	at sun.reflect.NativeConstructorAccessorImpl.newInstance0(Native Method)
	at sun.reflect.NativeConstructorAccessorImpl.newInstance(NativeConstructorAccessorImpl.java:62)
	at sun.reflect.DelegatingConstructorAccessorImpl.newInstance(DelegatingConstructorAccessorImpl.java:45)
	at java.lang.reflect.Constructor.newInstance(Constructor.java:423)
	at org.codehaus.groovy.reflection.CachedConstructor.invoke(CachedConstructor.java:73)
	at org.codehaus.groovy.reflection.CachedConstructor.doConstructorInvoke(CachedConstructor.java:60)
	at org.codehaus.groovy.runtime.callsite.ConstructorSite$ConstructorSiteNoUnwrap.callConstructor(ConstructorSite.java:86)
	at org.codehaus.groovy.runtime.callsite.CallSiteArray.defaultCallConstructor(CallSiteArray.java:57)
	at org.codehaus.groovy.runtime.callsite.AbstractCallSite.callConstructor(AbstractCallSite.java:263)
	at org.codehaus.groovy.runtime.callsite.AbstractCallSite.callConstructor(AbstractCallSite.java:277)
	at io.restassured.internal.ResponseSpecificationImpl$HamcrestAssertionClosure.validate(ResponseSpecificationImpl.groovy:512)
	at io.restassured.internal.ResponseSpecificationImpl$HamcrestAssertionClosure$validate$1.call(Unknown Source)
	at io.restassured.internal.ResponseSpecificationImpl.validateResponseIfRequired(ResponseSpecificationImpl.groovy:696)
	at io.restassured.internal.ResponseSpecificationImpl.this$2$validateResponseIfRequired(ResponseSpecificationImpl.groovy)
	at sun.reflect.GeneratedMethodAccessor123.invoke(Unknown Source)
	at sun.reflect.DelegatingMethodAccessorImpl.invoke(DelegatingMethodAccessorImpl.java:43)
	at java.lang.reflect.Method.invoke(Method.java:498)
	at org.codehaus.groovy.runtime.callsite.PlainObjectMetaMethodSite.doInvoke(PlainObjectMetaMethodSite.java:43)
	at org.codehaus.groovy.runtime.callsite.PogoMetaMethodSite$PogoCachedMethodSiteNoUnwrapNoCoerce.invoke(PogoMetaMethodSite.java:198)
	at org.codehaus.groovy.runtime.callsite.PogoMetaMethodSite.callCurrent(PogoMetaMethodSite.java:62)
	at org.codehaus.groovy.runtime.callsite.AbstractCallSite.callCurrent(AbstractCallSite.java:185)
	at io.restassured.internal.ResponseSpecificationImpl.body(ResponseSpecificationImpl.groovy:270)
	at io.restassured.specification.ResponseSpecification$body$0.callCurrent(Unknown Source)
	at io.restassured.internal.ResponseSpecificationImpl.body(ResponseSpecificationImpl.groovy:117)
	at io.restassured.internal.ValidatableResponseOptionsImpl.body(ValidatableResponseOptionsImpl.java:244)
	at StepDefinations.ReadingExistngPostDetailsDefns.verify_the_details_of_comments_made_by_userid_with_values_with(ReadingExistngPostDetailsDefns.java:130)
	at ✽.verify the details of comments made by userid 1 with values 1 with "<name>" "<email>" "<body>"(file:///Users/hema/eclipse-workspace/SocialNetworkingCommunity/src/main/resources/features/GetTheCommentsBasedonPostIDandUserID.feature:8)
]]></failure>
    <system-out><![CDATA[
Scenario Outline: I want to read the comments based on postid                                        &amp#27;[90m# src/main/resources/features/GetTheCommentsBasedonPostIDandUserID.feature:13&amp#27;[0m

    End point url of the posts is :https://jsonplaceholder.typicode.com/posts

  &amp#27;[32mGiven &amp#27;[0m&amp#27;[32mI am an user of the social network&amp#27;[0m                                                           &amp#27;[90m# StepDefinations.ReadingExistngPostDetailsDefns.i_am_an_user_of_the_social_network()&amp#27;[0m
  &amp#27;[32mWhen &amp#27;[0m&amp#27;[32mI can access the posts&amp#27;[0m                                                                        &amp#27;[90m# StepDefinations.ReadingExistngPostDetailsDefns.i_can_access_the_posts()&amp#27;[0m
  &amp#27;[32mThen &amp#27;[0m&amp#27;[32mI want to get the &amp#27;[0m&amp#27;[32m&amp#27;[1m"comments"&amp#27;[0m&amp#27;[32m &amp#27;[0m&amp#27;[32m&amp#27;[1m1&amp#27;[0m                                                                &amp#27;[90m# StepDefinations.ReadingExistngPostDetailsDefns.i_want_to_get_the(java.lang.String,java.lang.Integer)&amp#27;[0m

    the fetched comments postid is :1


    the fetched comments size is :5


    the status code is :200

  &amp#27;[32mAnd &amp#27;[0m&amp#27;[32mI want to verify comments&amp#27;[0m                                                                      &amp#27;[90m# StepDefinations.ReadingExistngPostDetailsDefns.i_want_to_verify_comments()&amp#27;[0m
  &amp#27;[31mAnd &amp#27;[0m&amp#27;[31mverify the details of comments made by userid &amp#27;[0m&amp#27;[31m&amp#27;[1m1&amp#27;[0m&amp#27;[31m with values &amp#27;[0m&amp#27;[31m&amp#27;[1m1&amp#27;[0m&amp#27;[31m with &amp#27;[0m&amp#27;[31m&amp#27;[1m"<name>"&amp#27;[0m&amp#27;[31m &amp#27;[0m&amp#27;[31m&amp#27;[1m"<email>"&amp#27;[0m&amp#27;[31m &amp#27;[0m&amp#27;[31m&amp#27;[1m"<body>"&amp#27;[0m &amp#27;[90m# StepDefinations.ReadingExistngPostDetailsDefns.verify_the_details_of_comments_made_by_userid_with_values_with(java.lang.Integer,java.lang.Integer,java.lang.String,java.lang.String,java.lang.String)&amp#27;[0m
      &amp#27;[31mjava.lang.AssertionError: 1 expectation failed.
JSON path [0].name doesn't match.
Expected: quo vero reiciendis velit similique earum
  Actual: id labore ex et quam laborum

	at sun.reflect.NativeConstructorAccessorImpl.newInstance0(Native Method)
	at sun.reflect.NativeConstructorAccessorImpl.newInstance(NativeConstructorAccessorImpl.java:62)
	at sun.reflect.DelegatingConstructorAccessorImpl.newInstance(DelegatingConstructorAccessorImpl.java:45)
	at java.lang.reflect.Constructor.newInstance(Constructor.java:423)
	at org.codehaus.groovy.reflection.CachedConstructor.invoke(CachedConstructor.java:73)
	at org.codehaus.groovy.reflection.CachedConstructor.doConstructorInvoke(CachedConstructor.java:60)
	at org.codehaus.groovy.runtime.callsite.ConstructorSite$ConstructorSiteNoUnwrap.callConstructor(ConstructorSite.java:86)
	at org.codehaus.groovy.runtime.callsite.CallSiteArray.defaultCallConstructor(CallSiteArray.java:57)
	at org.codehaus.groovy.runtime.callsite.AbstractCallSite.callConstructor(AbstractCallSite.java:263)
	at org.codehaus.groovy.runtime.callsite.AbstractCallSite.callConstructor(AbstractCallSite.java:277)
	at io.restassured.internal.ResponseSpecificationImpl$HamcrestAssertionClosure.validate(ResponseSpecificationImpl.groovy:512)
	at io.restassured.internal.ResponseSpecificationImpl$HamcrestAssertionClosure$validate$1.call(Unknown Source)
	at io.restassured.internal.ResponseSpecificationImpl.validateResponseIfRequired(ResponseSpecificationImpl.groovy:696)
	at io.restassured.internal.ResponseSpecificationImpl.this$2$validateResponseIfRequired(ResponseSpecificationImpl.groovy)
	at sun.reflect.GeneratedMethodAccessor123.invoke(Unknown Source)
	at sun.reflect.DelegatingMethodAccessorImpl.invoke(DelegatingMethodAccessorImpl.java:43)
	at java.lang.reflect.Method.invoke(Method.java:498)
	at org.codehaus.groovy.runtime.callsite.PlainObjectMetaMethodSite.doInvoke(PlainObjectMetaMethodSite.java:43)
	at org.codehaus.groovy.runtime.callsite.PogoMetaMethodSite$PogoCachedMethodSiteNoUnwrapNoCoerce.invoke(PogoMetaMethodSite.java:198)
	at org.codehaus.groovy.runtime.callsite.PogoMetaMethodSite.callCurrent(PogoMetaMethodSite.java:62)
	at org.codehaus.groovy.runtime.callsite.AbstractCallSite.callCurrent(AbstractCallSite.java:185)
	at io.restassured.internal.ResponseSpecificationImpl.body(ResponseSpecificationImpl.groovy:270)
	at io.restassured.specification.ResponseSpecification$body$0.callCurrent(Unknown Source)
	at io.restassured.internal.ResponseSpecificationImpl.body(ResponseSpecificationImpl.groovy:117)
	at io.restassured.internal.ValidatableResponseOptionsImpl.body(ValidatableResponseOptionsImpl.java:244)
	at StepDefinations.ReadingExistngPostDetailsDefns.verify_the_details_of_comments_made_by_userid_with_values_with(ReadingExistngPostDetailsDefns.java:130)
	at ✽.verify the details of comments made by userid 1 with values 1 with "<name>" "<email>" "<body>"(file:///Users/hema/eclipse-workspace/SocialNetworkingCommunity/src/main/resources/features/GetTheCommentsBasedonPostIDandUserID.feature:8)
&amp#27;[0m
This will run after the Scenario
]]></system-out>
  </testcase>
  <testcase name="Example #1.1" classname="Examples" time="0.835">
    <system-out><![CDATA[
@qa
Scenario Outline: Posting the message                                                       &amp#27;[90m# src/main/resources/features/NewPostByExistingUser.feature:16&amp#27;[0m

    Request to the end point:https://jsonplaceholder.typicode.com/posts

  &amp#27;[32mGiven &amp#27;[0m&amp#27;[32mI am an existing user of the social network&amp#27;[0m                                         &amp#27;[90m# StepDefinations.NewPostsbyexistinguser_UpdationPostsDefns.i_am_an_existing_user_of_the_social_network()&amp#27;[0m

    Setting header:Content-type=application/json; charset=UTF-8

  &amp#27;[32mAnd &amp#27;[0m&amp#27;[32mhas the  header specification&amp#27;[0m                                                         &amp#27;[90m# StepDefinations.NewPostsbyexistinguser_UpdationPostsDefns.has_the_header_specification()&amp#27;[0m

    Creating a POST request with values : body:I am very happy posting in community user ID:1 title:my first post


    Creating a new resource post :1:my first post:I am very happy posting in community

  &amp#27;[32mWhen &amp#27;[0m&amp#27;[32mmy user id &amp#27;[0m&amp#27;[32m&amp#27;[1m1&amp#27;[0m&amp#27;[32m with title &amp#27;[0m&amp#27;[32m&amp#27;[1m"my first post"&amp#27;[0m&amp#27;[32m posts &amp#27;[0m&amp#27;[32m&amp#27;[1m"I am very happy posting in community"&amp#27;[0m &amp#27;[90m# StepDefinations.NewPostsbyexistinguser_UpdationPostsDefns.my_user_id_with_title_posts(java.lang.Integer,java.lang.String,java.lang.String)&amp#27;[0m
{
    "userId": 1,
    "body": "I am very happy posting in community",
    "title": "my first post",
    "id": 101
}

    Retreived response is :{
      "userId": 1,
      "body": "I am very happy posting in community",
      "title": "my first post",
      "id": 101
    }

{
    "userId": 1,
    "body": "I am very happy posting in community",
    "title": "my first post",
    "id": 101
}

    validated the response and is :{
      "userId": 1,
      "body": "I am very happy posting in community",
      "title": "my first post",
      "id": 101
    }

  &amp#27;[32mThen &amp#27;[0m&amp#27;[32mthe message status is&amp#27;[0m                                                                &amp#27;[90m# StepDefinations.NewPostsbyexistinguser_UpdationPostsDefns.the_message_status_is()&amp#27;[0m

    New post successfully created and validated, with status code and the postid is :201,101

  &amp#27;[32mAnd &amp#27;[0m&amp#27;[32mI want to verify the log&amp#27;[0m                                                              &amp#27;[90m# StepDefinations.NewPostsbyexistinguser_UpdationPostsDefns.i_want_to_verify_the_log()&amp#27;[0m

    The values cannot be verified by retriving using get method to validdate new posted message as this is a mock service

  &amp#27;[32mAnd &amp#27;[0m&amp#27;[32mconfirm the message/post is as expected by retriving&amp#27;[0m                                  &amp#27;[90m# StepDefinations.NewPostsbyexistinguser_UpdationPostsDefns.confirm_the_message_post_is_as_expected_by_retriving()&amp#27;[0m
This will run after the Scenario
]]></system-out>
  </testcase>
  <testcase name="Example #1.1" classname="Examples" time="0.903">
    <failure message="1 expectation failed.&#10;JSON path id doesn&apos;t match.&#10;Expected: &lt;1&gt;&#10;  Actual: &lt;0&gt;&#10;" type="java.lang.AssertionError"><![CDATA[java.lang.AssertionError: 
1 expectation failed.
JSON path id doesn't match.
Expected: <1>
  Actual: <0>

	at sun.reflect.NativeConstructorAccessorImpl.newInstance0(Native Method)
	at sun.reflect.NativeConstructorAccessorImpl.newInstance(NativeConstructorAccessorImpl.java:62)
	at sun.reflect.DelegatingConstructorAccessorImpl.newInstance(DelegatingConstructorAccessorImpl.java:45)
	at java.lang.reflect.Constructor.newInstance(Constructor.java:423)
	at org.codehaus.groovy.reflection.CachedConstructor.invoke(CachedConstructor.java:73)
	at org.codehaus.groovy.reflection.CachedConstructor.doConstructorInvoke(CachedConstructor.java:60)
	at org.codehaus.groovy.runtime.callsite.ConstructorSite$ConstructorSiteNoUnwrap.callConstructor(ConstructorSite.java:86)
	at org.codehaus.groovy.runtime.callsite.AbstractCallSite.callConstructor(AbstractCallSite.java:277)
	at io.restassured.internal.ResponseSpecificationImpl$HamcrestAssertionClosure.validate(ResponseSpecificationImpl.groovy:512)
	at io.restassured.internal.ResponseSpecificationImpl$HamcrestAssertionClosure$validate$1.call(Unknown Source)
	at io.restassured.internal.ResponseSpecificationImpl.validateResponseIfRequired(ResponseSpecificationImpl.groovy:696)
	at io.restassured.internal.ResponseSpecificationImpl.this$2$validateResponseIfRequired(ResponseSpecificationImpl.groovy)
	at sun.reflect.GeneratedMethodAccessor123.invoke(Unknown Source)
	at sun.reflect.DelegatingMethodAccessorImpl.invoke(DelegatingMethodAccessorImpl.java:43)
	at java.lang.reflect.Method.invoke(Method.java:498)
	at org.codehaus.groovy.runtime.callsite.PlainObjectMetaMethodSite.doInvoke(PlainObjectMetaMethodSite.java:43)
	at org.codehaus.groovy.runtime.callsite.PogoMetaMethodSite$PogoCachedMethodSiteNoUnwrapNoCoerce.invoke(PogoMetaMethodSite.java:198)
	at org.codehaus.groovy.runtime.callsite.PogoMetaMethodSite.callCurrent(PogoMetaMethodSite.java:62)
	at org.codehaus.groovy.runtime.callsite.AbstractCallSite.callCurrent(AbstractCallSite.java:185)
	at io.restassured.internal.ResponseSpecificationImpl.body(ResponseSpecificationImpl.groovy:270)
	at io.restassured.specification.ResponseSpecification$body$0.callCurrent(Unknown Source)
	at io.restassured.internal.ResponseSpecificationImpl.body(ResponseSpecificationImpl.groovy:117)
	at io.restassured.internal.ValidatableResponseOptionsImpl.body(ValidatableResponseOptionsImpl.java:244)
	at StepDefinations.NewPostsbyexistinguser_UpdationPostsDefns.the_message_status_is(NewPostsbyexistinguser_UpdationPostsDefns.java:95)
	at ✽.the message status is(file:///Users/hema/eclipse-workspace/SocialNetworkingCommunity/src/main/resources/features/PatchingAnExistingResource.feature:8)
]]></failure>
    <system-out><![CDATA[
Scenario Outline: Updating the message using patching                                                           &amp#27;[90m# src/main/resources/features/PatchingAnExistingResource.feature:14&amp#27;[0m

    Request to the end point:https://jsonplaceholder.typicode.com/posts

  &amp#27;[32mGiven &amp#27;[0m&amp#27;[32mI am an existing user of the social network&amp#27;[0m                                                             &amp#27;[90m# StepDefinations.NewPostsbyexistinguser_UpdationPostsDefns.i_am_an_existing_user_of_the_social_network()&amp#27;[0m

    Setting header:Content-type=application/json; charset=UTF-8

  &amp#27;[32mAnd &amp#27;[0m&amp#27;[32mhas the  header specification&amp#27;[0m                                                                             &amp#27;[90m# StepDefinations.NewPostsbyexistinguser_UpdationPostsDefns.has_the_header_specification()&amp#27;[0m
POSTID: get 1
  &amp#27;[32mAnd &amp#27;[0m&amp#27;[32mwhen I get the existing resource values with user id  with title where post id is &amp#27;[0m&amp#27;[32m&amp#27;[1m1&amp#27;[0m                       &amp#27;[90m# StepDefinations.NewPostsbyexistinguser_UpdationPostsDefns.when_i_get_the_existing_resource_values_with_user_id_with_title_where_post_id_is(java.lang.Integer)&amp#27;[0m
PATCHIND:1

    Creating a PATCH request with values : body:India  has Mount Everest user ID:1 postID: 1 title:India


    Patching the an existing resource  :1:India:India  has Mount Everest

  &amp#27;[32mWhen &amp#27;[0m&amp#27;[32mmy user id &amp#27;[0m&amp#27;[32m&amp#27;[1m1&amp#27;[0m&amp#27;[32m with title &amp#27;[0m&amp#27;[32m&amp#27;[1m"India"&amp#27;[0m&amp#27;[32m posts &amp#27;[0m&amp#27;[32m&amp#27;[1m"India  has Mount Everest"&amp#27;[0m&amp#27;[32m to modify with patch where post id is &amp#27;[0m&amp#27;[32m&amp#27;[1m1&amp#27;[0m &amp#27;[90m# StepDefinations.NewPostsbyexistinguser_UpdationPostsDefns.my_user_id_with_title_posts_to_modify_with_patch_where_post_id_is(java.lang.Integer,java.lang.String,java.lang.String,java.lang.Integer)&amp#27;[0m
{
    "userId": 0,
    "id": 0,
    "title": null,
    "body": "India"
}

    Retreived response is :{
      "userId": 0,
      "id": 0,
      "title": null,
      "body": "India"
    }

  &amp#27;[31mThen &amp#27;[0m&amp#27;[31mthe message status is&amp#27;[0m                                                                                    &amp#27;[90m# StepDefinations.NewPostsbyexistinguser_UpdationPostsDefns.the_message_status_is()&amp#27;[0m
      &amp#27;[31mjava.lang.AssertionError: 1 expectation failed.
JSON path id doesn't match.
Expected: <1>
  Actual: <0>

	at sun.reflect.NativeConstructorAccessorImpl.newInstance0(Native Method)
	at sun.reflect.NativeConstructorAccessorImpl.newInstance(NativeConstructorAccessorImpl.java:62)
	at sun.reflect.DelegatingConstructorAccessorImpl.newInstance(DelegatingConstructorAccessorImpl.java:45)
	at java.lang.reflect.Constructor.newInstance(Constructor.java:423)
	at org.codehaus.groovy.reflection.CachedConstructor.invoke(CachedConstructor.java:73)
	at org.codehaus.groovy.reflection.CachedConstructor.doConstructorInvoke(CachedConstructor.java:60)
	at org.codehaus.groovy.runtime.callsite.ConstructorSite$ConstructorSiteNoUnwrap.callConstructor(ConstructorSite.java:86)
	at org.codehaus.groovy.runtime.callsite.AbstractCallSite.callConstructor(AbstractCallSite.java:277)
	at io.restassured.internal.ResponseSpecificationImpl$HamcrestAssertionClosure.validate(ResponseSpecificationImpl.groovy:512)
	at io.restassured.internal.ResponseSpecificationImpl$HamcrestAssertionClosure$validate$1.call(Unknown Source)
	at io.restassured.internal.ResponseSpecificationImpl.validateResponseIfRequired(ResponseSpecificationImpl.groovy:696)
	at io.restassured.internal.ResponseSpecificationImpl.this$2$validateResponseIfRequired(ResponseSpecificationImpl.groovy)
	at sun.reflect.GeneratedMethodAccessor123.invoke(Unknown Source)
	at sun.reflect.DelegatingMethodAccessorImpl.invoke(DelegatingMethodAccessorImpl.java:43)
	at java.lang.reflect.Method.invoke(Method.java:498)
	at org.codehaus.groovy.runtime.callsite.PlainObjectMetaMethodSite.doInvoke(PlainObjectMetaMethodSite.java:43)
	at org.codehaus.groovy.runtime.callsite.PogoMetaMethodSite$PogoCachedMethodSiteNoUnwrapNoCoerce.invoke(PogoMetaMethodSite.java:198)
	at org.codehaus.groovy.runtime.callsite.PogoMetaMethodSite.callCurrent(PogoMetaMethodSite.java:62)
	at org.codehaus.groovy.runtime.callsite.AbstractCallSite.callCurrent(AbstractCallSite.java:185)
	at io.restassured.internal.ResponseSpecificationImpl.body(ResponseSpecificationImpl.groovy:270)
	at io.restassured.specification.ResponseSpecification$body$0.callCurrent(Unknown Source)
	at io.restassured.internal.ResponseSpecificationImpl.body(ResponseSpecificationImpl.groovy:117)
	at io.restassured.internal.ValidatableResponseOptionsImpl.body(ValidatableResponseOptionsImpl.java:244)
	at StepDefinations.NewPostsbyexistinguser_UpdationPostsDefns.the_message_status_is(NewPostsbyexistinguser_UpdationPostsDefns.java:95)
	at ✽.the message status is(file:///Users/hema/eclipse-workspace/SocialNetworkingCommunity/src/main/resources/features/PatchingAnExistingResource.feature:8)
&amp#27;[0m
  &amp#27;[36mAnd &amp#27;[0m&amp#27;[36mI want to verify the if patch is successful&amp#27;[0m                                                               &amp#27;[90m# StepDefinations.NewPostsbyexistinguser_UpdationPostsDefns.i_want_to_verify_the_if_patch_is_successful()&amp#27;[0m
This will run after the Scenario
]]></system-out>
  </testcase>
  <testcase name="Example #1.1" classname="Examples" time="0.618">
    <system-out><![CDATA[
Scenario Outline: Updating the message using put                                                                  &amp#27;[90m# src/main/resources/features/UpdatingAnExistingPost.feature:15&amp#27;[0m

    Request to the end point:https://jsonplaceholder.typicode.com/posts

  &amp#27;[32mGiven &amp#27;[0m&amp#27;[32mI am an existing user of the social network&amp#27;[0m                                                               &amp#27;[90m# StepDefinations.NewPostsbyexistinguser_UpdationPostsDefns.i_am_an_existing_user_of_the_social_network()&amp#27;[0m

    Setting header:Content-type=application/json; charset=UTF-8

  &amp#27;[32mAnd &amp#27;[0m&amp#27;[32mhas the  header specification&amp#27;[0m                                                                               &amp#27;[90m# StepDefinations.NewPostsbyexistinguser_UpdationPostsDefns.has_the_header_specification()&amp#27;[0m
POSTID: get 1
  &amp#27;[32mAnd &amp#27;[0m&amp#27;[32mwhen I get the existing resource values with user id  with title where post id is &amp#27;[0m&amp#27;[32m&amp#27;[1m1&amp#27;[0m                         &amp#27;[90m# StepDefinations.NewPostsbyexistinguser_UpdationPostsDefns.when_i_get_the_existing_resource_values_with_user_id_with_title_where_post_id_is(java.lang.Integer)&amp#27;[0m

    Creating a PUT request with values : body:Mango Wood is very hard user ID:1 postID: 1 title:Mango Wood


    Updating an existing resource  resource post :1:Mango Wood:Mango Wood is very hard

  &amp#27;[32mWhen &amp#27;[0m&amp#27;[32mmy user id &amp#27;[0m&amp#27;[32m&amp#27;[1m1&amp#27;[0m&amp#27;[32m with title &amp#27;[0m&amp#27;[32m&amp#27;[1m"Mango Wood"&amp#27;[0m&amp#27;[32m posts &amp#27;[0m&amp#27;[32m&amp#27;[1m"Mango Wood is very hard"&amp#27;[0m&amp#27;[32m to modify with put where post id is &amp#27;[0m&amp#27;[32m&amp#27;[1m1&amp#27;[0m &amp#27;[90m# StepDefinations.NewPostsbyexistinguser_UpdationPostsDefns.my_user_id_with_title_posts_to_modify_with_put_where_post_id_is(java.lang.Integer,java.lang.String,java.lang.String,java.lang.Integer)&amp#27;[0m
{
    "userId": 1,
    "body": "Mango Wood is very hard",
    "title": "Mango Wood",
    "id": 1
}

    Retreived response is :{
      "userId": 1,
      "body": "Mango Wood is very hard",
      "title": "Mango Wood",
      "id": 1
    }

{
    "userId": 1,
    "body": "Mango Wood is very hard",
    "title": "Mango Wood",
    "id": 1
}

    validated the response and is :{
      "userId": 1,
      "body": "Mango Wood is very hard",
      "title": "Mango Wood",
      "id": 1
    }

  &amp#27;[32mThen &amp#27;[0m&amp#27;[32mthe message status is&amp#27;[0m                                                                                      &amp#27;[90m# StepDefinations.NewPostsbyexistinguser_UpdationPostsDefns.the_message_status_is()&amp#27;[0m

    New post successfully created and validated, with status code and the postid is :200,1

  &amp#27;[32mAnd &amp#27;[0m&amp#27;[32mI want to verify the log&amp#27;[0m                                                                                    &amp#27;[90m# StepDefinations.NewPostsbyexistinguser_UpdationPostsDefns.i_want_to_verify_the_log()&amp#27;[0m
This will run after the Scenario
]]></system-out>
  </testcase>
  <testcase name="Example #1.1" classname="Examples" time="0.688">
    <system-out><![CDATA[
Scenario Outline: Deleting the post                                                       &amp#27;[90m# src/main/resources/features/DeleteAnExistingPost.feature:14&amp#27;[0m

    Request to the end point:https://jsonplaceholder.typicode.com/posts

  &amp#27;[32mGiven &amp#27;[0m&amp#27;[32mI am an existing user of the social network&amp#27;[0m                                       &amp#27;[90m# StepDefinations.NewPostsbyexistinguser_UpdationPostsDefns.i_am_an_existing_user_of_the_social_network()&amp#27;[0m

    Setting header:Content-type=application/json; charset=UTF-8

  &amp#27;[32mAnd &amp#27;[0m&amp#27;[32mhas the  header specification&amp#27;[0m                                                       &amp#27;[90m# StepDefinations.NewPostsbyexistinguser_UpdationPostsDefns.has_the_header_specification()&amp#27;[0m
POSTID: get 1
  &amp#27;[32mAnd &amp#27;[0m&amp#27;[32mwhen I get the existing resource values with user id  with title where post id is &amp#27;[0m&amp#27;[32m&amp#27;[1m1&amp#27;[0m &amp#27;[90m# StepDefinations.NewPostsbyexistinguser_UpdationPostsDefns.when_i_get_the_existing_resource_values_with_user_id_with_title_where_post_id_is(java.lang.Integer)&amp#27;[0m

    Deleting the an existing resource  resource post :1

  &amp#27;[32mWhen &amp#27;[0m&amp#27;[32mdelete where post id is &amp#27;[0m&amp#27;[32m&amp#27;[1m1&amp#27;[0m                                                          &amp#27;[90m# StepDefinations.NewPostsbyexistinguser_UpdationPostsDefns.delete_where_post_id_is(java.lang.Integer)&amp#27;[0m
{
    
}

    Retreived response is :{}

{
    
}

    validated the response and is :{}

  &amp#27;[32mThen &amp#27;[0m&amp#27;[32mthe message status is&amp#27;[0m                                                              &amp#27;[90m# StepDefinations.NewPostsbyexistinguser_UpdationPostsDefns.the_message_status_is()&amp#27;[0m
HTTP/1.1 200 OK
Date: Sat, 21 Jan 2023 16:21:29 GMT
Content-Type: application/json; charset=utf-8
Content-Length: 2
Connection: keep-alive
X-Powered-By: Express
X-Ratelimit-Limit: 1000
X-Ratelimit-Remaining: 988
X-Ratelimit-Reset: 1674318103
Vary: Origin, Accept-Encoding
Access-Control-Allow-Credentials: true
Cache-Control: no-cache
Pragma: no-cache
Expires: -1
X-Content-Type-Options: nosniff
Etag: W/"2-vyGp6PvFo4RvsFtPoIWeCReyIC8"
Via: 1.1 vegur
CF-Cache-Status: DYNAMIC
Server-Timing: cf-q-config;dur=8.000002708286e-06
Report-To: {"endpoints":[{"url":"https:\/\/a.nel.cloudflare.com\/report\/v3?s=kw%2B3Li1UbbkndaKIOWfnzxQZNmoBOKD7tc6tgISzcqwLSkm3qff0mknQ7cWGAdWdEL%2BxSCmd4DhjTPSDPiwMuEvwxp3rKuWzfC39s2xXkm09W3qj4%2Bto1gFo6bsGKX2YgLa%2FinEFI7V8lXoFOgGd"}],"group":"cf-nel","max_age":604800}
NEL: {"success_fraction":0,"report_to":"cf-nel","max_age":604800}
Server: cloudflare
CF-RAY: 78d162173ad0bf56-WAW
alt-svc: h3=":443"; ma=86400, h3-29=":443"; ma=86400

{
    
}

    the post is deleted sucessfully with postid :1Response of the body is emptyio.restassured.internal.ValidatableResponseImpl@283ab206

  &amp#27;[32mAnd &amp#27;[0m&amp#27;[32mI want to verify the post deleted&amp#27;[0m                                                   &amp#27;[90m# StepDefinations.NewPostsbyexistinguser_UpdationPostsDefns.i_want_to_verify_the_post_deleted()&amp#27;[0m
This will run after the Scenario
]]></system-out>
    <system-err><![CDATA[&amp#27;[32m&amp#27;[1m┌───────────────────────────────────────────────────────────────────────────────────┐&amp#27;[0m
&amp#27;[32m&amp#27;[1m│&amp#27;[0m Share your Cucumber Report with your team at &amp#27;[36m&amp#27;[1m&amp#27;[4mhttps://reports.cucumber.io&amp#27;[0m          &amp#27;[32m&amp#27;[1m│&amp#27;[0m
&amp#27;[32m&amp#27;[1m│&amp#27;[0m Activate publishing with one of the following:                                    &amp#27;[32m&amp#27;[1m│&amp#27;[0m
&amp#27;[32m&amp#27;[1m│&amp#27;[0m                                                                                   &amp#27;[32m&amp#27;[1m│&amp#27;[0m
&amp#27;[32m&amp#27;[1m│&amp#27;[0m src/test/resources/cucumber.properties:          &amp#27;[36mcucumber.publish.enabled&amp#27;[0m=&amp#27;[36mtrue&amp#27;[0m    &amp#27;[32m&amp#27;[1m│&amp#27;[0m
&amp#27;[32m&amp#27;[1m│&amp#27;[0m src/test/resources/junit-platform.properties:    &amp#27;[36mcucumber.publish.enabled&amp#27;[0m=&amp#27;[36mtrue&amp#27;[0m    &amp#27;[32m&amp#27;[1m│&amp#27;[0m
&amp#27;[32m&amp#27;[1m│&amp#27;[0m Environment variable:                            &amp#27;[36mCUCUMBER_PUBLISH_ENABLED&amp#27;[0m=&amp#27;[36mtrue&amp#27;[0m    &amp#27;[32m&amp#27;[1m│&amp#27;[0m
&amp#27;[32m&amp#27;[1m│&amp#27;[0m JUnit:                                           &amp#27;[36m@CucumberOptions&amp#27;[0m(publish = &amp#27;[36mtrue&amp#27;[0m) &amp#27;[32m&amp#27;[1m│&amp#27;[0m
&amp#27;[32m&amp#27;[1m│&amp#27;[0m                                                                                   &amp#27;[32m&amp#27;[1m│&amp#27;[0m
&amp#27;[32m&amp#27;[1m│&amp#27;[0m More information at &amp#27;[36mhttps://cucumber.io/docs/cucumber/environment-variables/&amp#27;[0m      &amp#27;[32m&amp#27;[1m│&amp#27;[0m
&amp#27;[32m&amp#27;[1m│&amp#27;[0m                                                                                   &amp#27;[32m&amp#27;[1m│&amp#27;[0m
&amp#27;[32m&amp#27;[1m│&amp#27;[0m Disable this message with one of the following:                                   &amp#27;[32m&amp#27;[1m│&amp#27;[0m
&amp#27;[32m&amp#27;[1m│&amp#27;[0m                                                                                   &amp#27;[32m&amp#27;[1m│&amp#27;[0m
&amp#27;[32m&amp#27;[1m│&amp#27;[0m src/test/resources/cucumber.properties:          &amp#27;[36mcucumber.publish.quiet&amp#27;[0m=&amp#27;[36mtrue&amp#27;[0m      &amp#27;[32m&amp#27;[1m│&amp#27;[0m
&amp#27;[32m&amp#27;[1m│&amp#27;[0m src/test/resources/junit-platform.properties:    &amp#27;[36mcucumber.publish.quiet&amp#27;[0m=&amp#27;[36mtrue&amp#27;[0m      &amp#27;[32m&amp#27;[1m│&amp#27;[0m
&amp#27;[32m&amp#27;[1m└───────────────────────────────────────────────────────────────────────────────────┘&amp#27;[0m
]]></system-err>
  </testcase>
  <testcase name="Example #1.1" classname="Examples" time="0.461">
    <failure message="1 expectation failed.&#10;JSON path [0].name doesn&apos;t match.&#10;Expected: quo vero reiciendis velit similique earum&#10;  Actual: id labore ex et quam laborum&#10;" type="java.lang.AssertionError"><![CDATA[java.lang.AssertionError: 
1 expectation failed.
JSON path [0].name doesn't match.
Expected: quo vero reiciendis velit similique earum
  Actual: id labore ex et quam laborum

	at sun.reflect.NativeConstructorAccessorImpl.newInstance0(Native Method)
	at sun.reflect.NativeConstructorAccessorImpl.newInstance(NativeConstructorAccessorImpl.java:62)
	at sun.reflect.DelegatingConstructorAccessorImpl.newInstance(DelegatingConstructorAccessorImpl.java:45)
	at java.lang.reflect.Constructor.newInstance(Constructor.java:423)
	at org.codehaus.groovy.reflection.CachedConstructor.invoke(CachedConstructor.java:73)
	at org.codehaus.groovy.reflection.CachedConstructor.doConstructorInvoke(CachedConstructor.java:60)
	at org.codehaus.groovy.runtime.callsite.ConstructorSite$ConstructorSiteNoUnwrap.callConstructor(ConstructorSite.java:86)
	at org.codehaus.groovy.runtime.callsite.AbstractCallSite.callConstructor(AbstractCallSite.java:277)
	at io.restassured.internal.ResponseSpecificationImpl$HamcrestAssertionClosure.validate(ResponseSpecificationImpl.groovy:512)
	at io.restassured.internal.ResponseSpecificationImpl$HamcrestAssertionClosure$validate$1.call(Unknown Source)
	at io.restassured.internal.ResponseSpecificationImpl.validateResponseIfRequired(ResponseSpecificationImpl.groovy:696)
	at io.restassured.internal.ResponseSpecificationImpl.this$2$validateResponseIfRequired(ResponseSpecificationImpl.groovy)
	at sun.reflect.GeneratedMethodAccessor123.invoke(Unknown Source)
	at sun.reflect.DelegatingMethodAccessorImpl.invoke(DelegatingMethodAccessorImpl.java:43)
	at java.lang.reflect.Method.invoke(Method.java:498)
	at org.codehaus.groovy.runtime.callsite.PlainObjectMetaMethodSite.doInvoke(PlainObjectMetaMethodSite.java:43)
	at org.codehaus.groovy.runtime.callsite.PogoMetaMethodSite$PogoCachedMethodSiteNoUnwrapNoCoerce.invoke(PogoMetaMethodSite.java:198)
	at org.codehaus.groovy.runtime.callsite.PogoMetaMethodSite.callCurrent(PogoMetaMethodSite.java:62)
	at org.codehaus.groovy.runtime.callsite.AbstractCallSite.callCurrent(AbstractCallSite.java:185)
	at io.restassured.internal.ResponseSpecificationImpl.body(ResponseSpecificationImpl.groovy:270)
	at io.restassured.specification.ResponseSpecification$body$0.callCurrent(Unknown Source)
	at io.restassured.internal.ResponseSpecificationImpl.body(ResponseSpecificationImpl.groovy:117)
	at io.restassured.internal.ValidatableResponseOptionsImpl.body(ValidatableResponseOptionsImpl.java:244)
	at StepDefinations.ReadingExistngPostDetailsDefns.verify_the_details_of_comments_made_by_userid_with_values_with(ReadingExistngPostDetailsDefns.java:130)
	at ✽.verify the details of comments made by userid 1 with values 1 with "<name>" "<email>" "<body>"(file:///Users/hema/eclipse-workspace/SocialNetworkingCommunity/src/main/resources/features/GetTheCommentsBasedonPostIDandUserID.feature:8)
]]></failure>
    <system-out><![CDATA[
Scenario Outline: I want to read the comments based on postid                                        &amp#27;[90m# src/main/resources/features/GetTheCommentsBasedonPostIDandUserID.feature:13&amp#27;[0m

    End point url of the posts is :https://jsonplaceholder.typicode.com/posts

  &amp#27;[32mGiven &amp#27;[0m&amp#27;[32mI am an user of the social network&amp#27;[0m                                                           &amp#27;[90m# StepDefinations.ReadingExistngPostDetailsDefns.i_am_an_user_of_the_social_network()&amp#27;[0m
  &amp#27;[32mWhen &amp#27;[0m&amp#27;[32mI can access the posts&amp#27;[0m                                                                        &amp#27;[90m# StepDefinations.ReadingExistngPostDetailsDefns.i_can_access_the_posts()&amp#27;[0m
  &amp#27;[32mThen &amp#27;[0m&amp#27;[32mI want to get the &amp#27;[0m&amp#27;[32m&amp#27;[1m"comments"&amp#27;[0m&amp#27;[32m &amp#27;[0m&amp#27;[32m&amp#27;[1m1&amp#27;[0m                                                                &amp#27;[90m# StepDefinations.ReadingExistngPostDetailsDefns.i_want_to_get_the(java.lang.String,java.lang.Integer)&amp#27;[0m

    the fetched comments postid is :1


    the fetched comments size is :5


    the status code is :200

  &amp#27;[32mAnd &amp#27;[0m&amp#27;[32mI want to verify comments&amp#27;[0m                                                                      &amp#27;[90m# StepDefinations.ReadingExistngPostDetailsDefns.i_want_to_verify_comments()&amp#27;[0m
  &amp#27;[31mAnd &amp#27;[0m&amp#27;[31mverify the details of comments made by userid &amp#27;[0m&amp#27;[31m&amp#27;[1m1&amp#27;[0m&amp#27;[31m with values &amp#27;[0m&amp#27;[31m&amp#27;[1m1&amp#27;[0m&amp#27;[31m with &amp#27;[0m&amp#27;[31m&amp#27;[1m"<name>"&amp#27;[0m&amp#27;[31m &amp#27;[0m&amp#27;[31m&amp#27;[1m"<email>"&amp#27;[0m&amp#27;[31m &amp#27;[0m&amp#27;[31m&amp#27;[1m"<body>"&amp#27;[0m &amp#27;[90m# StepDefinations.ReadingExistngPostDetailsDefns.verify_the_details_of_comments_made_by_userid_with_values_with(java.lang.Integer,java.lang.Integer,java.lang.String,java.lang.String,java.lang.String)&amp#27;[0m
      &amp#27;[31mjava.lang.AssertionError: 1 expectation failed.
JSON path [0].name doesn't match.
Expected: quo vero reiciendis velit similique earum
  Actual: id labore ex et quam laborum

	at sun.reflect.NativeConstructorAccessorImpl.newInstance0(Native Method)
	at sun.reflect.NativeConstructorAccessorImpl.newInstance(NativeConstructorAccessorImpl.java:62)
	at sun.reflect.DelegatingConstructorAccessorImpl.newInstance(DelegatingConstructorAccessorImpl.java:45)
	at java.lang.reflect.Constructor.newInstance(Constructor.java:423)
	at org.codehaus.groovy.reflection.CachedConstructor.invoke(CachedConstructor.java:73)
	at org.codehaus.groovy.reflection.CachedConstructor.doConstructorInvoke(CachedConstructor.java:60)
	at org.codehaus.groovy.runtime.callsite.ConstructorSite$ConstructorSiteNoUnwrap.callConstructor(ConstructorSite.java:86)
	at org.codehaus.groovy.runtime.callsite.AbstractCallSite.callConstructor(AbstractCallSite.java:277)
	at io.restassured.internal.ResponseSpecificationImpl$HamcrestAssertionClosure.validate(ResponseSpecificationImpl.groovy:512)
	at io.restassured.internal.ResponseSpecificationImpl$HamcrestAssertionClosure$validate$1.call(Unknown Source)
	at io.restassured.internal.ResponseSpecificationImpl.validateResponseIfRequired(ResponseSpecificationImpl.groovy:696)
	at io.restassured.internal.ResponseSpecificationImpl.this$2$validateResponseIfRequired(ResponseSpecificationImpl.groovy)
	at sun.reflect.GeneratedMethodAccessor123.invoke(Unknown Source)
	at sun.reflect.DelegatingMethodAccessorImpl.invoke(DelegatingMethodAccessorImpl.java:43)
	at java.lang.reflect.Method.invoke(Method.java:498)
	at org.codehaus.groovy.runtime.callsite.PlainObjectMetaMethodSite.doInvoke(PlainObjectMetaMethodSite.java:43)
	at org.codehaus.groovy.runtime.callsite.PogoMetaMethodSite$PogoCachedMethodSiteNoUnwrapNoCoerce.invoke(PogoMetaMethodSite.java:198)
	at org.codehaus.groovy.runtime.callsite.PogoMetaMethodSite.callCurrent(PogoMetaMethodSite.java:62)
	at org.codehaus.groovy.runtime.callsite.AbstractCallSite.callCurrent(AbstractCallSite.java:185)
	at io.restassured.internal.ResponseSpecificationImpl.body(ResponseSpecificationImpl.groovy:270)
	at io.restassured.specification.ResponseSpecification$body$0.callCurrent(Unknown Source)
	at io.restassured.internal.ResponseSpecificationImpl.body(ResponseSpecificationImpl.groovy:117)
	at io.restassured.internal.ValidatableResponseOptionsImpl.body(ValidatableResponseOptionsImpl.java:244)
	at StepDefinations.ReadingExistngPostDetailsDefns.verify_the_details_of_comments_made_by_userid_with_values_with(ReadingExistngPostDetailsDefns.java:130)
	at ✽.verify the details of comments made by userid 1 with values 1 with "<name>" "<email>" "<body>"(file:///Users/hema/eclipse-workspace/SocialNetworkingCommunity/src/main/resources/features/GetTheCommentsBasedonPostIDandUserID.feature:8)
&amp#27;[0m
This will run after the Scenario
]]></system-out>
  </testcase>
  <testcase name="Example #1.1" classname="Examples" time="0.61">
    <system-out><![CDATA[
@qa
Scenario Outline: Posting the message                                                       &amp#27;[90m# src/main/resources/features/NewPostByExistingUser.feature:16&amp#27;[0m

    Request to the end point:https://jsonplaceholder.typicode.com/posts

  &amp#27;[32mGiven &amp#27;[0m&amp#27;[32mI am an existing user of the social network&amp#27;[0m                                         &amp#27;[90m# StepDefinations.NewPostsbyexistinguser_UpdationPostsDefns.i_am_an_existing_user_of_the_social_network()&amp#27;[0m

    Setting header:Content-type=application/json; charset=UTF-8

  &amp#27;[32mAnd &amp#27;[0m&amp#27;[32mhas the  header specification&amp#27;[0m                                                         &amp#27;[90m# StepDefinations.NewPostsbyexistinguser_UpdationPostsDefns.has_the_header_specification()&amp#27;[0m

    Creating a POST request with values : body:I am very happy posting in community user ID:1 title:my first post


    Creating a new resource post :1:my first post:I am very happy posting in community

  &amp#27;[32mWhen &amp#27;[0m&amp#27;[32mmy user id &amp#27;[0m&amp#27;[32m&amp#27;[1m1&amp#27;[0m&amp#27;[32m with title &amp#27;[0m&amp#27;[32m&amp#27;[1m"my first post"&amp#27;[0m&amp#27;[32m posts &amp#27;[0m&amp#27;[32m&amp#27;[1m"I am very happy posting in community"&amp#27;[0m &amp#27;[90m# StepDefinations.NewPostsbyexistinguser_UpdationPostsDefns.my_user_id_with_title_posts(java.lang.Integer,java.lang.String,java.lang.String)&amp#27;[0m
{
    "userId": 1,
    "body": "I am very happy posting in community",
    "title": "my first post",
    "id": 101
}

    Retreived response is :{
      "userId": 1,
      "body": "I am very happy posting in community",
      "title": "my first post",
      "id": 101
    }

{
    "userId": 1,
    "body": "I am very happy posting in community",
    "title": "my first post",
    "id": 101
}

    validated the response and is :{
      "userId": 1,
      "body": "I am very happy posting in community",
      "title": "my first post",
      "id": 101
    }

  &amp#27;[32mThen &amp#27;[0m&amp#27;[32mthe message status is&amp#27;[0m                                                                &amp#27;[90m# StepDefinations.NewPostsbyexistinguser_UpdationPostsDefns.the_message_status_is()&amp#27;[0m

    New post successfully created and validated, with status code and the postid is :201,101

  &amp#27;[32mAnd &amp#27;[0m&amp#27;[32mI want to verify the log&amp#27;[0m                                                              &amp#27;[90m# StepDefinations.NewPostsbyexistinguser_UpdationPostsDefns.i_want_to_verify_the_log()&amp#27;[0m

    The values cannot be verified by retriving using get method to validdate new posted message as this is a mock service

  &amp#27;[32mAnd &amp#27;[0m&amp#27;[32mconfirm the message/post is as expected by retriving&amp#27;[0m                                  &amp#27;[90m# StepDefinations.NewPostsbyexistinguser_UpdationPostsDefns.confirm_the_message_post_is_as_expected_by_retriving()&amp#27;[0m
This will run after the Scenario
]]></system-out>
  </testcase>
  <testcase name="Example #1.1" classname="Examples" time="0.594">
    <failure message="1 expectation failed.&#10;JSON path id doesn&apos;t match.&#10;Expected: &lt;1&gt;&#10;  Actual: &lt;0&gt;&#10;" type="java.lang.AssertionError"><![CDATA[java.lang.AssertionError: 
1 expectation failed.
JSON path id doesn't match.
Expected: <1>
  Actual: <0>

	at sun.reflect.NativeConstructorAccessorImpl.newInstance0(Native Method)
	at sun.reflect.NativeConstructorAccessorImpl.newInstance(NativeConstructorAccessorImpl.java:62)
	at sun.reflect.DelegatingConstructorAccessorImpl.newInstance(DelegatingConstructorAccessorImpl.java:45)
	at java.lang.reflect.Constructor.newInstance(Constructor.java:423)
	at org.codehaus.groovy.reflection.CachedConstructor.invoke(CachedConstructor.java:73)
	at org.codehaus.groovy.reflection.CachedConstructor.doConstructorInvoke(CachedConstructor.java:60)
	at org.codehaus.groovy.runtime.callsite.ConstructorSite$ConstructorSiteNoUnwrap.callConstructor(ConstructorSite.java:86)
	at org.codehaus.groovy.runtime.callsite.AbstractCallSite.callConstructor(AbstractCallSite.java:277)
	at io.restassured.internal.ResponseSpecificationImpl$HamcrestAssertionClosure.validate(ResponseSpecificationImpl.groovy:512)
	at io.restassured.internal.ResponseSpecificationImpl$HamcrestAssertionClosure$validate$1.call(Unknown Source)
	at io.restassured.internal.ResponseSpecificationImpl.validateResponseIfRequired(ResponseSpecificationImpl.groovy:696)
	at io.restassured.internal.ResponseSpecificationImpl.this$2$validateResponseIfRequired(ResponseSpecificationImpl.groovy)
	at sun.reflect.GeneratedMethodAccessor123.invoke(Unknown Source)
	at sun.reflect.DelegatingMethodAccessorImpl.invoke(DelegatingMethodAccessorImpl.java:43)
	at java.lang.reflect.Method.invoke(Method.java:498)
	at org.codehaus.groovy.runtime.callsite.PlainObjectMetaMethodSite.doInvoke(PlainObjectMetaMethodSite.java:43)
	at org.codehaus.groovy.runtime.callsite.PogoMetaMethodSite$PogoCachedMethodSiteNoUnwrapNoCoerce.invoke(PogoMetaMethodSite.java:198)
	at org.codehaus.groovy.runtime.callsite.PogoMetaMethodSite.callCurrent(PogoMetaMethodSite.java:62)
	at org.codehaus.groovy.runtime.callsite.AbstractCallSite.callCurrent(AbstractCallSite.java:185)
	at io.restassured.internal.ResponseSpecificationImpl.body(ResponseSpecificationImpl.groovy:270)
	at io.restassured.specification.ResponseSpecification$body$0.callCurrent(Unknown Source)
	at io.restassured.internal.ResponseSpecificationImpl.body(ResponseSpecificationImpl.groovy:117)
	at io.restassured.internal.ValidatableResponseOptionsImpl.body(ValidatableResponseOptionsImpl.java:244)
	at StepDefinations.NewPostsbyexistinguser_UpdationPostsDefns.the_message_status_is(NewPostsbyexistinguser_UpdationPostsDefns.java:95)
	at ✽.the message status is(file:///Users/hema/eclipse-workspace/SocialNetworkingCommunity/src/main/resources/features/PatchingAnExistingResource.feature:8)
]]></failure>
    <system-out><![CDATA[
Scenario Outline: Updating the message using patching                                                           &amp#27;[90m# src/main/resources/features/PatchingAnExistingResource.feature:14&amp#27;[0m

    Request to the end point:https://jsonplaceholder.typicode.com/posts

  &amp#27;[32mGiven &amp#27;[0m&amp#27;[32mI am an existing user of the social network&amp#27;[0m                                                             &amp#27;[90m# StepDefinations.NewPostsbyexistinguser_UpdationPostsDefns.i_am_an_existing_user_of_the_social_network()&amp#27;[0m

    Setting header:Content-type=application/json; charset=UTF-8

  &amp#27;[32mAnd &amp#27;[0m&amp#27;[32mhas the  header specification&amp#27;[0m                                                                             &amp#27;[90m# StepDefinations.NewPostsbyexistinguser_UpdationPostsDefns.has_the_header_specification()&amp#27;[0m
POSTID: get 1
  &amp#27;[32mAnd &amp#27;[0m&amp#27;[32mwhen I get the existing resource values with user id  with title where post id is &amp#27;[0m&amp#27;[32m&amp#27;[1m1&amp#27;[0m                       &amp#27;[90m# StepDefinations.NewPostsbyexistinguser_UpdationPostsDefns.when_i_get_the_existing_resource_values_with_user_id_with_title_where_post_id_is(java.lang.Integer)&amp#27;[0m
PATCHIND:1

    Creating a PATCH request with values : body:India  has Mount Everest user ID:1 postID: 1 title:India


    Patching the an existing resource  :1:India:India  has Mount Everest

  &amp#27;[32mWhen &amp#27;[0m&amp#27;[32mmy user id &amp#27;[0m&amp#27;[32m&amp#27;[1m1&amp#27;[0m&amp#27;[32m with title &amp#27;[0m&amp#27;[32m&amp#27;[1m"India"&amp#27;[0m&amp#27;[32m posts &amp#27;[0m&amp#27;[32m&amp#27;[1m"India  has Mount Everest"&amp#27;[0m&amp#27;[32m to modify with patch where post id is &amp#27;[0m&amp#27;[32m&amp#27;[1m1&amp#27;[0m &amp#27;[90m# StepDefinations.NewPostsbyexistinguser_UpdationPostsDefns.my_user_id_with_title_posts_to_modify_with_patch_where_post_id_is(java.lang.Integer,java.lang.String,java.lang.String,java.lang.Integer)&amp#27;[0m
{
    "userId": 0,
    "id": 0,
    "title": null,
    "body": "India"
}

    Retreived response is :{
      "userId": 0,
      "id": 0,
      "title": null,
      "body": "India"
    }

  &amp#27;[31mThen &amp#27;[0m&amp#27;[31mthe message status is&amp#27;[0m                                                                                    &amp#27;[90m# StepDefinations.NewPostsbyexistinguser_UpdationPostsDefns.the_message_status_is()&amp#27;[0m
      &amp#27;[31mjava.lang.AssertionError: 1 expectation failed.
JSON path id doesn't match.
Expected: <1>
  Actual: <0>

	at sun.reflect.NativeConstructorAccessorImpl.newInstance0(Native Method)
	at sun.reflect.NativeConstructorAccessorImpl.newInstance(NativeConstructorAccessorImpl.java:62)
	at sun.reflect.DelegatingConstructorAccessorImpl.newInstance(DelegatingConstructorAccessorImpl.java:45)
	at java.lang.reflect.Constructor.newInstance(Constructor.java:423)
	at org.codehaus.groovy.reflection.CachedConstructor.invoke(CachedConstructor.java:73)
	at org.codehaus.groovy.reflection.CachedConstructor.doConstructorInvoke(CachedConstructor.java:60)
	at org.codehaus.groovy.runtime.callsite.ConstructorSite$ConstructorSiteNoUnwrap.callConstructor(ConstructorSite.java:86)
	at org.codehaus.groovy.runtime.callsite.AbstractCallSite.callConstructor(AbstractCallSite.java:277)
	at io.restassured.internal.ResponseSpecificationImpl$HamcrestAssertionClosure.validate(ResponseSpecificationImpl.groovy:512)
	at io.restassured.internal.ResponseSpecificationImpl$HamcrestAssertionClosure$validate$1.call(Unknown Source)
	at io.restassured.internal.ResponseSpecificationImpl.validateResponseIfRequired(ResponseSpecificationImpl.groovy:696)
	at io.restassured.internal.ResponseSpecificationImpl.this$2$validateResponseIfRequired(ResponseSpecificationImpl.groovy)
	at sun.reflect.GeneratedMethodAccessor123.invoke(Unknown Source)
	at sun.reflect.DelegatingMethodAccessorImpl.invoke(DelegatingMethodAccessorImpl.java:43)
	at java.lang.reflect.Method.invoke(Method.java:498)
	at org.codehaus.groovy.runtime.callsite.PlainObjectMetaMethodSite.doInvoke(PlainObjectMetaMethodSite.java:43)
	at org.codehaus.groovy.runtime.callsite.PogoMetaMethodSite$PogoCachedMethodSiteNoUnwrapNoCoerce.invoke(PogoMetaMethodSite.java:198)
	at org.codehaus.groovy.runtime.callsite.PogoMetaMethodSite.callCurrent(PogoMetaMethodSite.java:62)
	at org.codehaus.groovy.runtime.callsite.AbstractCallSite.callCurrent(AbstractCallSite.java:185)
	at io.restassured.internal.ResponseSpecificationImpl.body(ResponseSpecificationImpl.groovy:270)
	at io.restassured.specification.ResponseSpecification$body$0.callCurrent(Unknown Source)
	at io.restassured.internal.ResponseSpecificationImpl.body(ResponseSpecificationImpl.groovy:117)
	at io.restassured.internal.ValidatableResponseOptionsImpl.body(ValidatableResponseOptionsImpl.java:244)
	at StepDefinations.NewPostsbyexistinguser_UpdationPostsDefns.the_message_status_is(NewPostsbyexistinguser_UpdationPostsDefns.java:95)
	at ✽.the message status is(file:///Users/hema/eclipse-workspace/SocialNetworkingCommunity/src/main/resources/features/PatchingAnExistingResource.feature:8)
&amp#27;[0m
  &amp#27;[36mAnd &amp#27;[0m&amp#27;[36mI want to verify the if patch is successful&amp#27;[0m                                                               &amp#27;[90m# StepDefinations.NewPostsbyexistinguser_UpdationPostsDefns.i_want_to_verify_the_if_patch_is_successful()&amp#27;[0m
This will run after the Scenario
]]></system-out>
  </testcase>
  <testcase name="Example #1.1" classname="Examples" time="0.682">
    <system-out><![CDATA[
Scenario Outline: Updating the message using put                                                                  &amp#27;[90m# src/main/resources/features/UpdatingAnExistingPost.feature:15&amp#27;[0m

    Request to the end point:https://jsonplaceholder.typicode.com/posts

  &amp#27;[32mGiven &amp#27;[0m&amp#27;[32mI am an existing user of the social network&amp#27;[0m                                                               &amp#27;[90m# StepDefinations.NewPostsbyexistinguser_UpdationPostsDefns.i_am_an_existing_user_of_the_social_network()&amp#27;[0m

    Setting header:Content-type=application/json; charset=UTF-8

  &amp#27;[32mAnd &amp#27;[0m&amp#27;[32mhas the  header specification&amp#27;[0m                                                                               &amp#27;[90m# StepDefinations.NewPostsbyexistinguser_UpdationPostsDefns.has_the_header_specification()&amp#27;[0m
POSTID: get 1
  &amp#27;[32mAnd &amp#27;[0m&amp#27;[32mwhen I get the existing resource values with user id  with title where post id is &amp#27;[0m&amp#27;[32m&amp#27;[1m1&amp#27;[0m                         &amp#27;[90m# StepDefinations.NewPostsbyexistinguser_UpdationPostsDefns.when_i_get_the_existing_resource_values_with_user_id_with_title_where_post_id_is(java.lang.Integer)&amp#27;[0m

    Creating a PUT request with values : body:Mango Wood is very hard user ID:1 postID: 1 title:Mango Wood


    Updating an existing resource  resource post :1:Mango Wood:Mango Wood is very hard

  &amp#27;[32mWhen &amp#27;[0m&amp#27;[32mmy user id &amp#27;[0m&amp#27;[32m&amp#27;[1m1&amp#27;[0m&amp#27;[32m with title &amp#27;[0m&amp#27;[32m&amp#27;[1m"Mango Wood"&amp#27;[0m&amp#27;[32m posts &amp#27;[0m&amp#27;[32m&amp#27;[1m"Mango Wood is very hard"&amp#27;[0m&amp#27;[32m to modify with put where post id is &amp#27;[0m&amp#27;[32m&amp#27;[1m1&amp#27;[0m &amp#27;[90m# StepDefinations.NewPostsbyexistinguser_UpdationPostsDefns.my_user_id_with_title_posts_to_modify_with_put_where_post_id_is(java.lang.Integer,java.lang.String,java.lang.String,java.lang.Integer)&amp#27;[0m
{
    "userId": 1,
    "body": "Mango Wood is very hard",
    "title": "Mango Wood",
    "id": 1
}

    Retreived response is :{
      "userId": 1,
      "body": "Mango Wood is very hard",
      "title": "Mango Wood",
      "id": 1
    }

{
    "userId": 1,
    "body": "Mango Wood is very hard",
    "title": "Mango Wood",
    "id": 1
}

    validated the response and is :{
      "userId": 1,
      "body": "Mango Wood is very hard",
      "title": "Mango Wood",
      "id": 1
    }

  &amp#27;[32mThen &amp#27;[0m&amp#27;[32mthe message status is&amp#27;[0m                                                                                      &amp#27;[90m# StepDefinations.NewPostsbyexistinguser_UpdationPostsDefns.the_message_status_is()&amp#27;[0m

    New post successfully created and validated, with status code and the postid is :200,1

  &amp#27;[32mAnd &amp#27;[0m&amp#27;[32mI want to verify the log&amp#27;[0m                                                                                    &amp#27;[90m# StepDefinations.NewPostsbyexistinguser_UpdationPostsDefns.i_want_to_verify_the_log()&amp#27;[0m
This will run after the Scenario
]]></system-out>
  </testcase>
  <testcase name="Example #1.2" classname="Examples" time="0.705">
    <system-out><![CDATA[
Scenario Outline: Deleting the post                                                       &amp#27;[90m# src/main/resources/features/DeleteAnExistingPost.feature:15&amp#27;[0m

    Request to the end point:https://jsonplaceholder.typicode.com/posts

  &amp#27;[32mGiven &amp#27;[0m&amp#27;[32mI am an existing user of the social network&amp#27;[0m                                       &amp#27;[90m# StepDefinations.NewPostsbyexistinguser_UpdationPostsDefns.i_am_an_existing_user_of_the_social_network()&amp#27;[0m

    Setting header:Content-type=application/json; charset=UTF-8

  &amp#27;[32mAnd &amp#27;[0m&amp#27;[32mhas the  header specification&amp#27;[0m                                                       &amp#27;[90m# StepDefinations.NewPostsbyexistinguser_UpdationPostsDefns.has_the_header_specification()&amp#27;[0m
POSTID: get 4
  &amp#27;[32mAnd &amp#27;[0m&amp#27;[32mwhen I get the existing resource values with user id  with title where post id is &amp#27;[0m&amp#27;[32m&amp#27;[1m4&amp#27;[0m &amp#27;[90m# StepDefinations.NewPostsbyexistinguser_UpdationPostsDefns.when_i_get_the_existing_resource_values_with_user_id_with_title_where_post_id_is(java.lang.Integer)&amp#27;[0m

    Deleting the an existing resource  resource post :4

  &amp#27;[32mWhen &amp#27;[0m&amp#27;[32mdelete where post id is &amp#27;[0m&amp#27;[32m&amp#27;[1m4&amp#27;[0m                                                          &amp#27;[90m# StepDefinations.NewPostsbyexistinguser_UpdationPostsDefns.delete_where_post_id_is(java.lang.Integer)&amp#27;[0m
{
    
}

    Retreived response is :{}

{
    
}

    validated the response and is :{}

  &amp#27;[32mThen &amp#27;[0m&amp#27;[32mthe message status is&amp#27;[0m                                                              &amp#27;[90m# StepDefinations.NewPostsbyexistinguser_UpdationPostsDefns.the_message_status_is()&amp#27;[0m
HTTP/1.1 200 OK
Date: Sat, 21 Jan 2023 16:21:20 GMT
Content-Type: application/json; charset=utf-8
Content-Length: 2
Connection: keep-alive
X-Powered-By: Express
X-Ratelimit-Limit: 1000
X-Ratelimit-Remaining: 998
X-Ratelimit-Reset: 1674318103
Vary: Origin, Accept-Encoding
Access-Control-Allow-Credentials: true
Cache-Control: no-cache
Pragma: no-cache
Expires: -1
X-Content-Type-Options: nosniff
Etag: W/"2-vyGp6PvFo4RvsFtPoIWeCReyIC8"
Via: 1.1 vegur
CF-Cache-Status: DYNAMIC
Server-Timing: cf-q-config;dur=8.000002708286e-06
Report-To: {"endpoints":[{"url":"https:\/\/a.nel.cloudflare.com\/report\/v3?s=EG3Q5no%2BQwGFq2F3waHBFE52C%2FvveoqL5n3e9V1wcUXu3Bgsj1NKxOzxkRbYA5FOSgOF8vJI%2B7UvYvuPQSNC6nGogoGDxpkeXRPQWSoUsCLigwL5XQD7YTJGrYToqEyX8yGL8kY%2FoTlUsahxTz1f"}],"group":"cf-nel","max_age":604800}
NEL: {"success_fraction":0,"report_to":"cf-nel","max_age":604800}
Server: cloudflare
CF-RAY: 78d161e1cf6af2dc-WAW
alt-svc: h3=":443"; ma=86400, h3-29=":443"; ma=86400

{
    
}

    the post is deleted sucessfully with postid :4Response of the body is emptyio.restassured.internal.ValidatableResponseImpl@1a1cc163

  &amp#27;[32mAnd &amp#27;[0m&amp#27;[32mI want to verify the post deleted&amp#27;[0m                                                   &amp#27;[90m# StepDefinations.NewPostsbyexistinguser_UpdationPostsDefns.i_want_to_verify_the_post_deleted()&amp#27;[0m
This will run after the Scenario
]]></system-out>
  </testcase>
  <testcase name="Example #1.2" classname="Examples" time="0.686">
    <system-out><![CDATA[
Scenario Outline: I want to read the comments based on postid                                        &amp#27;[90m# src/main/resources/features/GetTheCommentsBasedonPostIDandUserID.feature:14&amp#27;[0m

    End point url of the posts is :https://jsonplaceholder.typicode.com/posts

  &amp#27;[32mGiven &amp#27;[0m&amp#27;[32mI am an user of the social network&amp#27;[0m                                                           &amp#27;[90m# StepDefinations.ReadingExistngPostDetailsDefns.i_am_an_user_of_the_social_network()&amp#27;[0m
  &amp#27;[32mWhen &amp#27;[0m&amp#27;[32mI can access the posts&amp#27;[0m                                                                        &amp#27;[90m# StepDefinations.ReadingExistngPostDetailsDefns.i_can_access_the_posts()&amp#27;[0m
  &amp#27;[32mThen &amp#27;[0m&amp#27;[32mI want to get the &amp#27;[0m&amp#27;[32m&amp#27;[1m"comments"&amp#27;[0m&amp#27;[32m &amp#27;[0m&amp#27;[32m&amp#27;[1m1&amp#27;[0m                                                                &amp#27;[90m# StepDefinations.ReadingExistngPostDetailsDefns.i_want_to_get_the(java.lang.String,java.lang.Integer)&amp#27;[0m

    the fetched comments postid is :1


    the fetched comments size is :5


    the status code is :200

  &amp#27;[32mAnd &amp#27;[0m&amp#27;[32mI want to verify comments&amp#27;[0m                                                                      &amp#27;[90m# StepDefinations.ReadingExistngPostDetailsDefns.i_want_to_verify_comments()&amp#27;[0m
  &amp#27;[32mAnd &amp#27;[0m&amp#27;[32mverify the details of comments made by userid &amp#27;[0m&amp#27;[32m&amp#27;[1m2&amp#27;[0m&amp#27;[32m with values &amp#27;[0m&amp#27;[32m&amp#27;[1m1&amp#27;[0m&amp#27;[32m with &amp#27;[0m&amp#27;[32m&amp#27;[1m"<name>"&amp#27;[0m&amp#27;[32m &amp#27;[0m&amp#27;[32m&amp#27;[1m"<email>"&amp#27;[0m&amp#27;[32m &amp#27;[0m&amp#27;[32m&amp#27;[1m"<body>"&amp#27;[0m &amp#27;[90m# StepDefinations.ReadingExistngPostDetailsDefns.verify_the_details_of_comments_made_by_userid_with_values_with(java.lang.Integer,java.lang.Integer,java.lang.String,java.lang.String,java.lang.String)&amp#27;[0m
This will run after the Scenario
]]></system-out>
  </testcase>
  <testcase name="Example #1.2" classname="Examples" time="0.63">
    <failure message="1 expectation failed.&#10;JSON path id doesn&apos;t match.&#10;Expected: &lt;2&gt;&#10;  Actual: &lt;0&gt;&#10;" type="java.lang.AssertionError"><![CDATA[java.lang.AssertionError: 
1 expectation failed.
JSON path id doesn't match.
Expected: <2>
  Actual: <0>

	at sun.reflect.NativeConstructorAccessorImpl.newInstance0(Native Method)
	at sun.reflect.NativeConstructorAccessorImpl.newInstance(NativeConstructorAccessorImpl.java:62)
	at sun.reflect.DelegatingConstructorAccessorImpl.newInstance(DelegatingConstructorAccessorImpl.java:45)
	at java.lang.reflect.Constructor.newInstance(Constructor.java:423)
	at org.codehaus.groovy.reflection.CachedConstructor.invoke(CachedConstructor.java:73)
	at org.codehaus.groovy.reflection.CachedConstructor.doConstructorInvoke(CachedConstructor.java:60)
	at org.codehaus.groovy.runtime.callsite.ConstructorSite$ConstructorSiteNoUnwrap.callConstructor(ConstructorSite.java:86)
	at org.codehaus.groovy.runtime.callsite.AbstractCallSite.callConstructor(AbstractCallSite.java:277)
	at io.restassured.internal.ResponseSpecificationImpl$HamcrestAssertionClosure.validate(ResponseSpecificationImpl.groovy:512)
	at io.restassured.internal.ResponseSpecificationImpl$HamcrestAssertionClosure$validate$1.call(Unknown Source)
	at io.restassured.internal.ResponseSpecificationImpl.validateResponseIfRequired(ResponseSpecificationImpl.groovy:696)
	at io.restassured.internal.ResponseSpecificationImpl.this$2$validateResponseIfRequired(ResponseSpecificationImpl.groovy)
	at sun.reflect.GeneratedMethodAccessor123.invoke(Unknown Source)
	at sun.reflect.DelegatingMethodAccessorImpl.invoke(DelegatingMethodAccessorImpl.java:43)
	at java.lang.reflect.Method.invoke(Method.java:498)
	at org.codehaus.groovy.runtime.callsite.PlainObjectMetaMethodSite.doInvoke(PlainObjectMetaMethodSite.java:43)
	at org.codehaus.groovy.runtime.callsite.PogoMetaMethodSite$PogoCachedMethodSiteNoUnwrapNoCoerce.invoke(PogoMetaMethodSite.java:198)
	at org.codehaus.groovy.runtime.callsite.PogoMetaMethodSite.callCurrent(PogoMetaMethodSite.java:62)
	at org.codehaus.groovy.runtime.callsite.AbstractCallSite.callCurrent(AbstractCallSite.java:185)
	at io.restassured.internal.ResponseSpecificationImpl.body(ResponseSpecificationImpl.groovy:270)
	at io.restassured.specification.ResponseSpecification$body$0.callCurrent(Unknown Source)
	at io.restassured.internal.ResponseSpecificationImpl.body(ResponseSpecificationImpl.groovy:117)
	at io.restassured.internal.ValidatableResponseOptionsImpl.body(ValidatableResponseOptionsImpl.java:244)
	at StepDefinations.NewPostsbyexistinguser_UpdationPostsDefns.the_message_status_is(NewPostsbyexistinguser_UpdationPostsDefns.java:95)
	at ✽.the message status is(file:///Users/hema/eclipse-workspace/SocialNetworkingCommunity/src/main/resources/features/PatchingAnExistingResource.feature:8)
]]></failure>
    <system-out><![CDATA[
Scenario Outline: Updating the message using patching                                                                 &amp#27;[90m# src/main/resources/features/PatchingAnExistingResource.feature:15&amp#27;[0m

    Request to the end point:https://jsonplaceholder.typicode.com/posts

  &amp#27;[32mGiven &amp#27;[0m&amp#27;[32mI am an existing user of the social network&amp#27;[0m                                                                   &amp#27;[90m# StepDefinations.NewPostsbyexistinguser_UpdationPostsDefns.i_am_an_existing_user_of_the_social_network()&amp#27;[0m

    Setting header:Content-type=application/json; charset=UTF-8

  &amp#27;[32mAnd &amp#27;[0m&amp#27;[32mhas the  header specification&amp#27;[0m                                                                                   &amp#27;[90m# StepDefinations.NewPostsbyexistinguser_UpdationPostsDefns.has_the_header_specification()&amp#27;[0m
POSTID: get 2
  &amp#27;[32mAnd &amp#27;[0m&amp#27;[32mwhen I get the existing resource values with user id  with title where post id is &amp#27;[0m&amp#27;[32m&amp#27;[1m2&amp#27;[0m                             &amp#27;[90m# StepDefinations.NewPostsbyexistinguser_UpdationPostsDefns.when_i_get_the_existing_resource_values_with_user_id_with_title_where_post_id_is(java.lang.Integer)&amp#27;[0m
PATCHIND:2

    Creating a PATCH request with values : body:NorthAmerica has Denail user ID:1 postID: 2 title:NorthAmerica


    Patching the an existing resource  :1:NorthAmerica:NorthAmerica has Denail

  &amp#27;[32mWhen &amp#27;[0m&amp#27;[32mmy user id &amp#27;[0m&amp#27;[32m&amp#27;[1m1&amp#27;[0m&amp#27;[32m with title &amp#27;[0m&amp#27;[32m&amp#27;[1m"NorthAmerica"&amp#27;[0m&amp#27;[32m posts &amp#27;[0m&amp#27;[32m&amp#27;[1m"NorthAmerica has Denail"&amp#27;[0m&amp#27;[32m to modify with patch where post id is &amp#27;[0m&amp#27;[32m&amp#27;[1m2&amp#27;[0m &amp#27;[90m# StepDefinations.NewPostsbyexistinguser_UpdationPostsDefns.my_user_id_with_title_posts_to_modify_with_patch_where_post_id_is(java.lang.Integer,java.lang.String,java.lang.String,java.lang.Integer)&amp#27;[0m
{
    "userId": 0,
    "id": 0,
    "title": null,
    "body": "NorthAmerica"
}

    Retreived response is :{
      "userId": 0,
      "id": 0,
      "title": null,
      "body": "NorthAmerica"
    }

  &amp#27;[31mThen &amp#27;[0m&amp#27;[31mthe message status is&amp#27;[0m                                                                                          &amp#27;[90m# StepDefinations.NewPostsbyexistinguser_UpdationPostsDefns.the_message_status_is()&amp#27;[0m
      &amp#27;[31mjava.lang.AssertionError: 1 expectation failed.
JSON path id doesn't match.
Expected: <2>
  Actual: <0>

	at sun.reflect.NativeConstructorAccessorImpl.newInstance0(Native Method)
	at sun.reflect.NativeConstructorAccessorImpl.newInstance(NativeConstructorAccessorImpl.java:62)
	at sun.reflect.DelegatingConstructorAccessorImpl.newInstance(DelegatingConstructorAccessorImpl.java:45)
	at java.lang.reflect.Constructor.newInstance(Constructor.java:423)
	at org.codehaus.groovy.reflection.CachedConstructor.invoke(CachedConstructor.java:73)
	at org.codehaus.groovy.reflection.CachedConstructor.doConstructorInvoke(CachedConstructor.java:60)
	at org.codehaus.groovy.runtime.callsite.ConstructorSite$ConstructorSiteNoUnwrap.callConstructor(ConstructorSite.java:86)
	at org.codehaus.groovy.runtime.callsite.AbstractCallSite.callConstructor(AbstractCallSite.java:277)
	at io.restassured.internal.ResponseSpecificationImpl$HamcrestAssertionClosure.validate(ResponseSpecificationImpl.groovy:512)
	at io.restassured.internal.ResponseSpecificationImpl$HamcrestAssertionClosure$validate$1.call(Unknown Source)
	at io.restassured.internal.ResponseSpecificationImpl.validateResponseIfRequired(ResponseSpecificationImpl.groovy:696)
	at io.restassured.internal.ResponseSpecificationImpl.this$2$validateResponseIfRequired(ResponseSpecificationImpl.groovy)
	at sun.reflect.GeneratedMethodAccessor123.invoke(Unknown Source)
	at sun.reflect.DelegatingMethodAccessorImpl.invoke(DelegatingMethodAccessorImpl.java:43)
	at java.lang.reflect.Method.invoke(Method.java:498)
	at org.codehaus.groovy.runtime.callsite.PlainObjectMetaMethodSite.doInvoke(PlainObjectMetaMethodSite.java:43)
	at org.codehaus.groovy.runtime.callsite.PogoMetaMethodSite$PogoCachedMethodSiteNoUnwrapNoCoerce.invoke(PogoMetaMethodSite.java:198)
	at org.codehaus.groovy.runtime.callsite.PogoMetaMethodSite.callCurrent(PogoMetaMethodSite.java:62)
	at org.codehaus.groovy.runtime.callsite.AbstractCallSite.callCurrent(AbstractCallSite.java:185)
	at io.restassured.internal.ResponseSpecificationImpl.body(ResponseSpecificationImpl.groovy:270)
	at io.restassured.specification.ResponseSpecification$body$0.callCurrent(Unknown Source)
	at io.restassured.internal.ResponseSpecificationImpl.body(ResponseSpecificationImpl.groovy:117)
	at io.restassured.internal.ValidatableResponseOptionsImpl.body(ValidatableResponseOptionsImpl.java:244)
	at StepDefinations.NewPostsbyexistinguser_UpdationPostsDefns.the_message_status_is(NewPostsbyexistinguser_UpdationPostsDefns.java:95)
	at ✽.the message status is(file:///Users/hema/eclipse-workspace/SocialNetworkingCommunity/src/main/resources/features/PatchingAnExistingResource.feature:8)
&amp#27;[0m
  &amp#27;[36mAnd &amp#27;[0m&amp#27;[36mI want to verify the if patch is successful&amp#27;[0m                                                                     &amp#27;[90m# StepDefinations.NewPostsbyexistinguser_UpdationPostsDefns.i_want_to_verify_the_if_patch_is_successful()&amp#27;[0m
This will run after the Scenario
]]></system-out>
  </testcase>
  <testcase name="Example #1.2" classname="Examples" time="0.614">
    <system-out><![CDATA[
Scenario Outline: Updating the message using put                                                                   &amp#27;[90m# src/main/resources/features/UpdatingAnExistingPost.feature:16&amp#27;[0m

    Request to the end point:https://jsonplaceholder.typicode.com/posts

  &amp#27;[32mGiven &amp#27;[0m&amp#27;[32mI am an existing user of the social network&amp#27;[0m                                                                &amp#27;[90m# StepDefinations.NewPostsbyexistinguser_UpdationPostsDefns.i_am_an_existing_user_of_the_social_network()&amp#27;[0m

    Setting header:Content-type=application/json; charset=UTF-8

  &amp#27;[32mAnd &amp#27;[0m&amp#27;[32mhas the  header specification&amp#27;[0m                                                                                &amp#27;[90m# StepDefinations.NewPostsbyexistinguser_UpdationPostsDefns.has_the_header_specification()&amp#27;[0m
POSTID: get 1
  &amp#27;[32mAnd &amp#27;[0m&amp#27;[32mwhen I get the existing resource values with user id  with title where post id is &amp#27;[0m&amp#27;[32m&amp#27;[1m1&amp#27;[0m                          &amp#27;[90m# StepDefinations.NewPostsbyexistinguser_UpdationPostsDefns.when_i_get_the_existing_resource_values_with_user_id_with_title_where_post_id_is(java.lang.Integer)&amp#27;[0m

    Creating a PUT request with values : body:Teak wood is most durable user ID:2 postID: 1 title:Teak wood


    Updating an existing resource  resource post :2:Teak wood:Teak wood is most durable

  &amp#27;[32mWhen &amp#27;[0m&amp#27;[32mmy user id &amp#27;[0m&amp#27;[32m&amp#27;[1m2&amp#27;[0m&amp#27;[32m with title &amp#27;[0m&amp#27;[32m&amp#27;[1m"Teak wood"&amp#27;[0m&amp#27;[32m posts &amp#27;[0m&amp#27;[32m&amp#27;[1m"Teak wood is most durable"&amp#27;[0m&amp#27;[32m to modify with put where post id is &amp#27;[0m&amp#27;[32m&amp#27;[1m1&amp#27;[0m &amp#27;[90m# StepDefinations.NewPostsbyexistinguser_UpdationPostsDefns.my_user_id_with_title_posts_to_modify_with_put_where_post_id_is(java.lang.Integer,java.lang.String,java.lang.String,java.lang.Integer)&amp#27;[0m
{
    "userId": 2,
    "body": "Teak wood is most durable",
    "title": "Teak wood",
    "id": 1
}

    Retreived response is :{
      "userId": 2,
      "body": "Teak wood is most durable",
      "title": "Teak wood",
      "id": 1
    }

{
    "userId": 2,
    "body": "Teak wood is most durable",
    "title": "Teak wood",
    "id": 1
}

    validated the response and is :{
      "userId": 2,
      "body": "Teak wood is most durable",
      "title": "Teak wood",
      "id": 1
    }

  &amp#27;[32mThen &amp#27;[0m&amp#27;[32mthe message status is&amp#27;[0m                                                                                       &amp#27;[90m# StepDefinations.NewPostsbyexistinguser_UpdationPostsDefns.the_message_status_is()&amp#27;[0m

    New post successfully created and validated, with status code and the postid is :200,1

  &amp#27;[32mAnd &amp#27;[0m&amp#27;[32mI want to verify the log&amp#27;[0m                                                                                     &amp#27;[90m# StepDefinations.NewPostsbyexistinguser_UpdationPostsDefns.i_want_to_verify_the_log()&amp#27;[0m
This will run after the Scenario
]]></system-out>
  </testcase>
  <testcase name="Example #1.2" classname="Examples" time="0.682">
    <system-out><![CDATA[
Scenario Outline: Deleting the post                                                       &amp#27;[90m# src/main/resources/features/DeleteAnExistingPost.feature:15&amp#27;[0m

    Request to the end point:https://jsonplaceholder.typicode.com/posts

  &amp#27;[32mGiven &amp#27;[0m&amp#27;[32mI am an existing user of the social network&amp#27;[0m                                       &amp#27;[90m# StepDefinations.NewPostsbyexistinguser_UpdationPostsDefns.i_am_an_existing_user_of_the_social_network()&amp#27;[0m

    Setting header:Content-type=application/json; charset=UTF-8

  &amp#27;[32mAnd &amp#27;[0m&amp#27;[32mhas the  header specification&amp#27;[0m                                                       &amp#27;[90m# StepDefinations.NewPostsbyexistinguser_UpdationPostsDefns.has_the_header_specification()&amp#27;[0m
POSTID: get 4
  &amp#27;[32mAnd &amp#27;[0m&amp#27;[32mwhen I get the existing resource values with user id  with title where post id is &amp#27;[0m&amp#27;[32m&amp#27;[1m4&amp#27;[0m &amp#27;[90m# StepDefinations.NewPostsbyexistinguser_UpdationPostsDefns.when_i_get_the_existing_resource_values_with_user_id_with_title_where_post_id_is(java.lang.Integer)&amp#27;[0m

    Deleting the an existing resource  resource post :4

  &amp#27;[32mWhen &amp#27;[0m&amp#27;[32mdelete where post id is &amp#27;[0m&amp#27;[32m&amp#27;[1m4&amp#27;[0m                                                          &amp#27;[90m# StepDefinations.NewPostsbyexistinguser_UpdationPostsDefns.delete_where_post_id_is(java.lang.Integer)&amp#27;[0m
{
    
}

    Retreived response is :{}

{
    
}

    validated the response and is :{}

  &amp#27;[32mThen &amp#27;[0m&amp#27;[32mthe message status is&amp#27;[0m                                                              &amp#27;[90m# StepDefinations.NewPostsbyexistinguser_UpdationPostsDefns.the_message_status_is()&amp#27;[0m
HTTP/1.1 200 OK
Date: Sat, 21 Jan 2023 16:21:29 GMT
Content-Type: application/json; charset=utf-8
Content-Length: 2
Connection: keep-alive
X-Powered-By: Express
X-Ratelimit-Limit: 1000
X-Ratelimit-Remaining: 987
X-Ratelimit-Reset: 1674318103
Vary: Origin, Accept-Encoding
Access-Control-Allow-Credentials: true
Cache-Control: no-cache
Pragma: no-cache
Expires: -1
X-Content-Type-Options: nosniff
Etag: W/"2-vyGp6PvFo4RvsFtPoIWeCReyIC8"
Via: 1.1 vegur
CF-Cache-Status: DYNAMIC
Server-Timing: cf-q-config;dur=6.0000020312145e-06
Report-To: {"endpoints":[{"url":"https:\/\/a.nel.cloudflare.com\/report\/v3?s=CNGthoiTS%2BVLhomNR%2FKDkujvSX0bYfd9qGOfunHetdujQ%2FW9JfHRKGr4d%2BxbbCMu%2B5RXhK9rrMY9vDeK7NkYVtSjKhbwCLFoDFI5XIUlVe0SG6VxlZ8KgxijhKdDZXtoTyWf5UK86VeBELvb7fVX"}],"group":"cf-nel","max_age":604800}
NEL: {"success_fraction":0,"report_to":"cf-nel","max_age":604800}
Server: cloudflare
CF-RAY: 78d1621b7bf2c012-WAW
alt-svc: h3=":443"; ma=86400, h3-29=":443"; ma=86400

{
    
}

    the post is deleted sucessfully with postid :4Response of the body is emptyio.restassured.internal.ValidatableResponseImpl@6c8f4bc7

  &amp#27;[32mAnd &amp#27;[0m&amp#27;[32mI want to verify the post deleted&amp#27;[0m                                                   &amp#27;[90m# StepDefinations.NewPostsbyexistinguser_UpdationPostsDefns.i_want_to_verify_the_post_deleted()&amp#27;[0m
This will run after the Scenario
]]></system-out>
  </testcase>
  <testcase name="Example #1.2" classname="Examples" time="0.568">
    <system-out><![CDATA[
Scenario Outline: I want to read the comments based on postid                                        &amp#27;[90m# src/main/resources/features/GetTheCommentsBasedonPostIDandUserID.feature:14&amp#27;[0m

    End point url of the posts is :https://jsonplaceholder.typicode.com/posts

  &amp#27;[32mGiven &amp#27;[0m&amp#27;[32mI am an user of the social network&amp#27;[0m                                                           &amp#27;[90m# StepDefinations.ReadingExistngPostDetailsDefns.i_am_an_user_of_the_social_network()&amp#27;[0m
  &amp#27;[32mWhen &amp#27;[0m&amp#27;[32mI can access the posts&amp#27;[0m                                                                        &amp#27;[90m# StepDefinations.ReadingExistngPostDetailsDefns.i_can_access_the_posts()&amp#27;[0m
  &amp#27;[32mThen &amp#27;[0m&amp#27;[32mI want to get the &amp#27;[0m&amp#27;[32m&amp#27;[1m"comments"&amp#27;[0m&amp#27;[32m &amp#27;[0m&amp#27;[32m&amp#27;[1m1&amp#27;[0m                                                                &amp#27;[90m# StepDefinations.ReadingExistngPostDetailsDefns.i_want_to_get_the(java.lang.String,java.lang.Integer)&amp#27;[0m

    the fetched comments postid is :1


    the fetched comments size is :5


    the status code is :200

[...]
    "id": 2
}

    validated the response and is :{
      "userId": 2,
      "body": "Acacia is an extremely durable wood",
      "title": "Acacia Wood",
      "id": 2
    }

  &amp#27;[32mThen &amp#27;[0m&amp#27;[32mthe message status is&amp#27;[0m                                                                                                   &amp#27;[90m# StepDefinations.NewPostsbyexistinguser_UpdationPostsDefns.the_message_status_is()&amp#27;[0m

    New post successfully created and validated, with status code and the postid is :200,2

  &amp#27;[32mAnd &amp#27;[0m&amp#27;[32mI want to verify the log&amp#27;[0m                                                                                                 &amp#27;[90m# StepDefinations.NewPostsbyexistinguser_UpdationPostsDefns.i_want_to_verify_the_log()&amp#27;[0m
This will run after the Scenario
]]></system-out>
  </testcase>
  <testcase name="Example #1.4" classname="Examples" time="0.615">
    <failure message="1 expectation failed.&#10;JSON path id doesn&apos;t match.&#10;Expected: &lt;11&gt;&#10;  Actual: &lt;0&gt;&#10;" type="java.lang.AssertionError"><![CDATA[java.lang.AssertionError: 
1 expectation failed.
JSON path id doesn't match.
Expected: <11>
  Actual: <0>

	at sun.reflect.NativeConstructorAccessorImpl.newInstance0(Native Method)
	at sun.reflect.NativeConstructorAccessorImpl.newInstance(NativeConstructorAccessorImpl.java:62)
	at sun.reflect.DelegatingConstructorAccessorImpl.newInstance(DelegatingConstructorAccessorImpl.java:45)
	at java.lang.reflect.Constructor.newInstance(Constructor.java:423)
	at org.codehaus.groovy.reflection.CachedConstructor.invoke(CachedConstructor.java:73)
	at org.codehaus.groovy.reflection.CachedConstructor.doConstructorInvoke(CachedConstructor.java:60)
	at org.codehaus.groovy.runtime.callsite.ConstructorSite$ConstructorSiteNoUnwrap.callConstructor(ConstructorSite.java:86)
	at org.codehaus.groovy.runtime.callsite.AbstractCallSite.callConstructor(AbstractCallSite.java:277)
	at io.restassured.internal.ResponseSpecificationImpl$HamcrestAssertionClosure.validate(ResponseSpecificationImpl.groovy:512)
	at io.restassured.internal.ResponseSpecificationImpl$HamcrestAssertionClosure$validate$1.call(Unknown Source)
	at io.restassured.internal.ResponseSpecificationImpl.validateResponseIfRequired(ResponseSpecificationImpl.groovy:696)
	at io.restassured.internal.ResponseSpecificationImpl.this$2$validateResponseIfRequired(ResponseSpecificationImpl.groovy)
	at sun.reflect.GeneratedMethodAccessor123.invoke(Unknown Source)
	at sun.reflect.DelegatingMethodAccessorImpl.invoke(DelegatingMethodAccessorImpl.java:43)
	at java.lang.reflect.Method.invoke(Method.java:498)
	at org.codehaus.groovy.runtime.callsite.PlainObjectMetaMethodSite.doInvoke(PlainObjectMetaMethodSite.java:43)
	at org.codehaus.groovy.runtime.callsite.PogoMetaMethodSite$PogoCachedMethodSiteNoUnwrapNoCoerce.invoke(PogoMetaMethodSite.java:198)
	at org.codehaus.groovy.runtime.callsite.PogoMetaMethodSite.callCurrent(PogoMetaMethodSite.java:62)
	at org.codehaus.groovy.runtime.callsite.AbstractCallSite.callCurrent(AbstractCallSite.java:185)
	at io.restassured.internal.ResponseSpecificationImpl.body(ResponseSpecificationImpl.groovy:270)
	at io.restassured.specification.ResponseSpecification$body$0.callCurrent(Unknown Source)
	at io.restassured.internal.ResponseSpecificationImpl.body(ResponseSpecificationImpl.groovy:117)
	at io.restassured.internal.ValidatableResponseOptionsImpl.body(ValidatableResponseOptionsImpl.java:244)
	at StepDefinations.NewPostsbyexistinguser_UpdationPostsDefns.the_message_status_is(NewPostsbyexistinguser_UpdationPostsDefns.java:95)
	at ✽.the message status is(file:///Users/hema/eclipse-workspace/SocialNetworkingCommunity/src/main/resources/features/PatchingAnExistingResource.feature:8)
]]></failure>
    <system-out><![CDATA[
Scenario Outline: Updating the message using patching                                                          &amp#27;[90m# src/main/resources/features/PatchingAnExistingResource.feature:17&amp#27;[0m

    Request to the end point:https://jsonplaceholder.typicode.com/posts

  &amp#27;[32mGiven &amp#27;[0m&amp#27;[32mI am an existing user of the social network&amp#27;[0m                                                            &amp#27;[90m# StepDefinations.NewPostsbyexistinguser_UpdationPostsDefns.i_am_an_existing_user_of_the_social_network()&amp#27;[0m

    Setting header:Content-type=application/json; charset=UTF-8

  &amp#27;[32mAnd &amp#27;[0m&amp#27;[32mhas the  header specification&amp#27;[0m                                                                            &amp#27;[90m# StepDefinations.NewPostsbyexistinguser_UpdationPostsDefns.has_the_header_specification()&amp#27;[0m
POSTID: get 11
  &amp#27;[32mAnd &amp#27;[0m&amp#27;[32mwhen I get the existing resource values with user id  with title where post id is &amp#27;[0m&amp#27;[32m&amp#27;[1m11&amp#27;[0m                     &amp#27;[90m# StepDefinations.NewPostsbyexistinguser_UpdationPostsDefns.when_i_get_the_existing_resource_values_with_user_id_with_title_where_post_id_is(java.lang.Integer)&amp#27;[0m
PATCHIND:11

    Creating a PATCH request with values : body:Europe has Mont Blanc user ID:2 postID: 11 title:Europe


    Patching the an existing resource  :2:Europe:Europe has Mont Blanc

  &amp#27;[32mWhen &amp#27;[0m&amp#27;[32mmy user id &amp#27;[0m&amp#27;[32m&amp#27;[1m2&amp#27;[0m&amp#27;[32m with title &amp#27;[0m&amp#27;[32m&amp#27;[1m"Europe"&amp#27;[0m&amp#27;[32m posts &amp#27;[0m&amp#27;[32m&amp#27;[1m"Europe has Mont Blanc"&amp#27;[0m&amp#27;[32m to modify with patch where post id is &amp#27;[0m&amp#27;[32m&amp#27;[1m11&amp#27;[0m &amp#27;[90m# StepDefinations.NewPostsbyexistinguser_UpdationPostsDefns.my_user_id_with_title_posts_to_modify_with_patch_where_post_id_is(java.lang.Integer,java.lang.String,java.lang.String,java.lang.Integer)&amp#27;[0m
{
    "userId": 0,
    "id": 0,
    "title": null,
    "body": "Europe"
}

    Retreived response is :{
      "userId": 0,
      "id": 0,
      "title": null,
      "body": "Europe"
    }

  &amp#27;[31mThen &amp#27;[0m&amp#27;[31mthe message status is&amp#27;[0m                                                                                   &amp#27;[90m# StepDefinations.NewPostsbyexistinguser_UpdationPostsDefns.the_message_status_is()&amp#27;[0m
      &amp#27;[31mjava.lang.AssertionError: 1 expectation failed.
JSON path id doesn't match.
Expected: <11>
  Actual: <0>

	at sun.reflect.NativeConstructorAccessorImpl.newInstance0(Native Method)
	at sun.reflect.NativeConstructorAccessorImpl.newInstance(NativeConstructorAccessorImpl.java:62)
	at sun.reflect.DelegatingConstructorAccessorImpl.newInstance(DelegatingConstructorAccessorImpl.java:45)
	at java.lang.reflect.Constructor.newInstance(Constructor.java:423)
	at org.codehaus.groovy.reflection.CachedConstructor.invoke(CachedConstructor.java:73)
	at org.codehaus.groovy.reflection.CachedConstructor.doConstructorInvoke(CachedConstructor.java:60)
	at org.codehaus.groovy.runtime.callsite.ConstructorSite$ConstructorSiteNoUnwrap.callConstructor(ConstructorSite.java:86)
	at org.codehaus.groovy.runtime.callsite.AbstractCallSite.callConstructor(AbstractCallSite.java:277)
	at io.restassured.internal.ResponseSpecificationImpl$HamcrestAssertionClosure.validate(ResponseSpecificationImpl.groovy:512)
	at io.restassured.internal.ResponseSpecificationImpl$HamcrestAssertionClosure$validate$1.call(Unknown Source)
	at io.restassured.internal.ResponseSpecificationImpl.validateResponseIfRequired(ResponseSpecificationImpl.groovy:696)
	at io.restassured.internal.ResponseSpecificationImpl.this$2$validateResponseIfRequired(ResponseSpecificationImpl.groovy)
	at sun.reflect.GeneratedMethodAccessor123.invoke(Unknown Source)
	at sun.reflect.DelegatingMethodAccessorImpl.invoke(DelegatingMethodAccessorImpl.java:43)
	at java.lang.reflect.Method.invoke(Method.java:498)
	at org.codehaus.groovy.runtime.callsite.PlainObjectMetaMethodSite.doInvoke(PlainObjectMetaMethodSite.java:43)
	at org.codehaus.groovy.runtime.callsite.PogoMetaMethodSite$PogoCachedMethodSiteNoUnwrapNoCoerce.invoke(PogoMetaMethodSite.java:198)
	at org.codehaus.groovy.runtime.callsite.PogoMetaMethodSite.callCurrent(PogoMetaMethodSite.java:62)
	at org.codehaus.groovy.runtime.callsite.AbstractCallSite.callCurrent(AbstractCallSite.java:185)
	at io.restassured.internal.ResponseSpecificationImpl.body(ResponseSpecificationImpl.groovy:270)
	at io.restassured.specification.ResponseSpecification$body$0.callCurrent(Unknown Source)
	at io.restassured.internal.ResponseSpecificationImpl.body(ResponseSpecificationImpl.groovy:117)
	at io.restassured.internal.ValidatableResponseOptionsImpl.body(ValidatableResponseOptionsImpl.java:244)
	at StepDefinations.NewPostsbyexistinguser_UpdationPostsDefns.the_message_status_is(NewPostsbyexistinguser_UpdationPostsDefns.java:95)
	at ✽.the message status is(file:///Users/hema/eclipse-workspace/SocialNetworkingCommunity/src/main/resources/features/PatchingAnExistingResource.feature:8)
&amp#27;[0m
  &amp#27;[36mAnd &amp#27;[0m&amp#27;[36mI want to verify the if patch is successful&amp#27;[0m                                                              &amp#27;[90m# StepDefinations.NewPostsbyexistinguser_UpdationPostsDefns.i_want_to_verify_the_if_patch_is_successful()&amp#27;[0m
This will run after the Scenario
]]></system-out>
  </testcase>
  <testcase name="Example #1.4" classname="Examples" time="0.583">
    <failure message="1 expectation failed.&#10;JSON path id doesn&apos;t match.&#10;Expected: &lt;11&gt;&#10;  Actual: &lt;0&gt;&#10;" type="java.lang.AssertionError"><![CDATA[java.lang.AssertionError: 
1 expectation failed.
JSON path id doesn't match.
Expected: <11>
  Actual: <0>

	at sun.reflect.NativeConstructorAccessorImpl.newInstance0(Native Method)
	at sun.reflect.NativeConstructorAccessorImpl.newInstance(NativeConstructorAccessorImpl.java:62)
	at sun.reflect.DelegatingConstructorAccessorImpl.newInstance(DelegatingConstructorAccessorImpl.java:45)
	at java.lang.reflect.Constructor.newInstance(Constructor.java:423)
	at org.codehaus.groovy.reflection.CachedConstructor.invoke(CachedConstructor.java:73)
	at org.codehaus.groovy.reflection.CachedConstructor.doConstructorInvoke(CachedConstructor.java:60)
	at org.codehaus.groovy.runtime.callsite.ConstructorSite$ConstructorSiteNoUnwrap.callConstructor(ConstructorSite.java:86)
	at org.codehaus.groovy.runtime.callsite.AbstractCallSite.callConstructor(AbstractCallSite.java:277)
	at io.restassured.internal.ResponseSpecificationImpl$HamcrestAssertionClosure.validate(ResponseSpecificationImpl.groovy:512)
	at io.restassured.internal.ResponseSpecificationImpl$HamcrestAssertionClosure$validate$1.call(Unknown Source)
	at io.restassured.internal.ResponseSpecificationImpl.validateResponseIfRequired(ResponseSpecificationImpl.groovy:696)
	at io.restassured.internal.ResponseSpecificationImpl.this$2$validateResponseIfRequired(ResponseSpecificationImpl.groovy)
	at sun.reflect.GeneratedMethodAccessor123.invoke(Unknown Source)
	at sun.reflect.DelegatingMethodAccessorImpl.invoke(DelegatingMethodAccessorImpl.java:43)
	at java.lang.reflect.Method.invoke(Method.java:498)
	at org.codehaus.groovy.runtime.callsite.PlainObjectMetaMethodSite.doInvoke(PlainObjectMetaMethodSite.java:43)
	at org.codehaus.groovy.runtime.callsite.PogoMetaMethodSite$PogoCachedMethodSiteNoUnwrapNoCoerce.invoke(PogoMetaMethodSite.java:198)
	at org.codehaus.groovy.runtime.callsite.PogoMetaMethodSite.callCurrent(PogoMetaMethodSite.java:62)
	at org.codehaus.groovy.runtime.callsite.AbstractCallSite.callCurrent(AbstractCallSite.java:185)
	at io.restassured.internal.ResponseSpecificationImpl.body(ResponseSpecificationImpl.groovy:270)
	at io.restassured.specification.ResponseSpecification$body$0.callCurrent(Unknown Source)
	at io.restassured.internal.ResponseSpecificationImpl.body(ResponseSpecificationImpl.groovy:117)
	at io.restassured.internal.ValidatableResponseOptionsImpl.body(ValidatableResponseOptionsImpl.java:244)
	at StepDefinations.NewPostsbyexistinguser_UpdationPostsDefns.the_message_status_is(NewPostsbyexistinguser_UpdationPostsDefns.java:95)
	at ✽.the message status is(file:///Users/hema/eclipse-workspace/SocialNetworkingCommunity/src/main/resources/features/PatchingAnExistingResource.feature:8)
]]></failure>
    <system-out><![CDATA[
Scenario Outline: Updating the message using patching                                                          &amp#27;[90m# src/main/resources/features/PatchingAnExistingResource.feature:17&amp#27;[0m

    Request to the end point:https://jsonplaceholder.typicode.com/posts

  &amp#27;[32mGiven &amp#27;[0m&amp#27;[32mI am an existing user of the social network&amp#27;[0m                                                            &amp#27;[90m# StepDefinations.NewPostsbyexistinguser_UpdationPostsDefns.i_am_an_existing_user_of_the_social_network()&amp#27;[0m

    Setting header:Content-type=application/json; charset=UTF-8

  &amp#27;[32mAnd &amp#27;[0m&amp#27;[32mhas the  header specification&amp#27;[0m                                                                            &amp#27;[90m# StepDefinations.NewPostsbyexistinguser_UpdationPostsDefns.has_the_header_specification()&amp#27;[0m
POSTID: get 11
  &amp#27;[32mAnd &amp#27;[0m&amp#27;[32mwhen I get the existing resource values with user id  with title where post id is &amp#27;[0m&amp#27;[32m&amp#27;[1m11&amp#27;[0m                     &amp#27;[90m# StepDefinations.NewPostsbyexistinguser_UpdationPostsDefns.when_i_get_the_existing_resource_values_with_user_id_with_title_where_post_id_is(java.lang.Integer)&amp#27;[0m
PATCHIND:11

    Creating a PATCH request with values : body:Europe has Mont Blanc user ID:2 postID: 11 title:Europe


    Patching the an existing resource  :2:Europe:Europe has Mont Blanc

  &amp#27;[32mWhen &amp#27;[0m&amp#27;[32mmy user id &amp#27;[0m&amp#27;[32m&amp#27;[1m2&amp#27;[0m&amp#27;[32m with title &amp#27;[0m&amp#27;[32m&amp#27;[1m"Europe"&amp#27;[0m&amp#27;[32m posts &amp#27;[0m&amp#27;[32m&amp#27;[1m"Europe has Mont Blanc"&amp#27;[0m&amp#27;[32m to modify with patch where post id is &amp#27;[0m&amp#27;[32m&amp#27;[1m11&amp#27;[0m &amp#27;[90m# StepDefinations.NewPostsbyexistinguser_UpdationPostsDefns.my_user_id_with_title_posts_to_modify_with_patch_where_post_id_is(java.lang.Integer,java.lang.String,java.lang.String,java.lang.Integer)&amp#27;[0m
{
    "userId": 0,
    "id": 0,
    "title": null,
    "body": "Europe"
}

    Retreived response is :{
      "userId": 0,
      "id": 0,
      "title": null,
      "body": "Europe"
    }

  &amp#27;[31mThen &amp#27;[0m&amp#27;[31mthe message status is&amp#27;[0m                                                                                   &amp#27;[90m# StepDefinations.NewPostsbyexistinguser_UpdationPostsDefns.the_message_status_is()&amp#27;[0m
      &amp#27;[31mjava.lang.AssertionError: 1 expectation failed.
JSON path id doesn't match.
Expected: <11>
  Actual: <0>

	at sun.reflect.NativeConstructorAccessorImpl.newInstance0(Native Method)
	at sun.reflect.NativeConstructorAccessorImpl.newInstance(NativeConstructorAccessorImpl.java:62)
	at sun.reflect.DelegatingConstructorAccessorImpl.newInstance(DelegatingConstructorAccessorImpl.java:45)
	at java.lang.reflect.Constructor.newInstance(Constructor.java:423)
	at org.codehaus.groovy.reflection.CachedConstructor.invoke(CachedConstructor.java:73)
	at org.codehaus.groovy.reflection.CachedConstructor.doConstructorInvoke(CachedConstructor.java:60)
	at org.codehaus.groovy.runtime.callsite.ConstructorSite$ConstructorSiteNoUnwrap.callConstructor(ConstructorSite.java:86)
	at org.codehaus.groovy.runtime.callsite.AbstractCallSite.callConstructor(AbstractCallSite.java:277)
	at io.restassured.internal.ResponseSpecificationImpl$HamcrestAssertionClosure.validate(ResponseSpecificationImpl.groovy:512)
	at io.restassured.internal.ResponseSpecificationImpl$HamcrestAssertionClosure$validate$1.call(Unknown Source)
	at io.restassured.internal.ResponseSpecificationImpl.validateResponseIfRequired(ResponseSpecificationImpl.groovy:696)
	at io.restassured.internal.ResponseSpecificationImpl.this$2$validateResponseIfRequired(ResponseSpecificationImpl.groovy)
	at sun.reflect.GeneratedMethodAccessor123.invoke(Unknown Source)
	at sun.reflect.DelegatingMethodAccessorImpl.invoke(DelegatingMethodAccessorImpl.java:43)
	at java.lang.reflect.Method.invoke(Method.java:498)
	at org.codehaus.groovy.runtime.callsite.PlainObjectMetaMethodSite.doInvoke(PlainObjectMetaMethodSite.java:43)
	at org.codehaus.groovy.runtime.callsite.PogoMetaMethodSite$PogoCachedMethodSiteNoUnwrapNoCoerce.invoke(PogoMetaMethodSite.java:198)
	at org.codehaus.groovy.runtime.callsite.PogoMetaMethodSite.callCurrent(PogoMetaMethodSite.java:62)
	at org.codehaus.groovy.runtime.callsite.AbstractCallSite.callCurrent(AbstractCallSite.java:185)
	at io.restassured.internal.ResponseSpecificationImpl.body(ResponseSpecificationImpl.groovy:270)
	at io.restassured.specification.ResponseSpecification$body$0.callCurrent(Unknown Source)
	at io.restassured.internal.ResponseSpecificationImpl.body(ResponseSpecificationImpl.groovy:117)
	at io.restassured.internal.ValidatableResponseOptionsImpl.body(ValidatableResponseOptionsImpl.java:244)
	at StepDefinations.NewPostsbyexistinguser_UpdationPostsDefns.the_message_status_is(NewPostsbyexistinguser_UpdationPostsDefns.java:95)
	at ✽.the message status is(file:///Users/hema/eclipse-workspace/SocialNetworkingCommunity/src/main/resources/features/PatchingAnExistingResource.feature:8)
&amp#27;[0m
  &amp#27;[36mAnd &amp#27;[0m&amp#27;[36mI want to verify the if patch is successful&amp#27;[0m                                                              &amp#27;[90m# StepDefinations.NewPostsbyexistinguser_UpdationPostsDefns.i_want_to_verify_the_if_patch_is_successful()&amp#27;[0m
This will run after the Scenario
]]></system-out>
  </testcase>
  <testcase name="I want to read the posts and the details" classname="I want to read the posts" time="0.183">
    <system-out><![CDATA[
@qa
Scenario: I want to read the posts and the details &amp#27;[90m# src/main/resources/features/GetTheExistingPostDetails.feature:4&amp#27;[0m

    End point url of the posts is :https://jsonplaceholder.typicode.com/posts

  &amp#27;[32mGiven &amp#27;[0m&amp#27;[32mI am an user of the social network&amp#27;[0m         &amp#27;[90m# StepDefinations.ReadingExistngPostDetailsDefns.i_am_an_user_of_the_social_network()&amp#27;[0m
  &amp#27;[32mWhen &amp#27;[0m&amp#27;[32mI can access the posts&amp#27;[0m                      &amp#27;[90m# StepDefinations.ReadingExistngPostDetailsDefns.i_can_access_the_posts()&amp#27;[0m
  &amp#27;[32mThen &amp#27;[0m&amp#27;[32mI want to read the posts&amp#27;[0m                    &amp#27;[90m# StepDefinations.ReadingExistngPostDetailsDefns.i_want_to_read_the_posts()&amp#27;[0m
This will run after the Scenario
]]></system-out>
  </testcase>
  <testcase name="I want to read the posts and the details" classname="I want to read the posts" time="0.162">
    <system-out><![CDATA[
@qa
Scenario: I want to read the posts and the details &amp#27;[90m# src/main/resources/features/GetTheExistingPostDetails.feature:4&amp#27;[0m

    End point url of the posts is :https://jsonplaceholder.typicode.com/posts

  &amp#27;[32mGiven &amp#27;[0m&amp#27;[32mI am an user of the social network&amp#27;[0m         &amp#27;[90m# StepDefinations.ReadingExistngPostDetailsDefns.i_am_an_user_of_the_social_network()&amp#27;[0m
  &amp#27;[32mWhen &amp#27;[0m&amp#27;[32mI can access the posts&amp#27;[0m                      &amp#27;[90m# StepDefinations.ReadingExistngPostDetailsDefns.i_can_access_the_posts()&amp#27;[0m
  &amp#27;[32mThen &amp#27;[0m&amp#27;[32mI want to read the posts&amp#27;[0m                    &amp#27;[90m# StepDefinations.ReadingExistngPostDetailsDefns.i_want_to_read_the_posts()&amp#27;[0m
This will run after the Scenario
]]></system-out>
  </testcase>
</testsuite>